#! /opt/homebrew/Cellar/icarus-verilog/12.0/bin/vvp
:ivl_version "12.0 (stable)";
:ivl_delay_selection "TYPICAL";
:vpi_time_precision + 0;
:vpi_module "/opt/homebrew/Cellar/icarus-verilog/12.0/lib/ivl/system.vpi";
:vpi_module "/opt/homebrew/Cellar/icarus-verilog/12.0/lib/ivl/vhdl_sys.vpi";
:vpi_module "/opt/homebrew/Cellar/icarus-verilog/12.0/lib/ivl/vhdl_textio.vpi";
:vpi_module "/opt/homebrew/Cellar/icarus-verilog/12.0/lib/ivl/v2005_math.vpi";
:vpi_module "/opt/homebrew/Cellar/icarus-verilog/12.0/lib/ivl/va_math.vpi";
S_0x1242042b0 .scope module, "donerci" "donerci" 2 1;
 .timescale 0 0;
    .port_info 0 /INPUT 2 "et_hiz";
    .port_info 1 /INPUT 2 "kiyma_hiz";
    .port_info 2 /INPUT 2 "tavuk_hiz";
    .port_info 3 /INPUT 2 "et_komut";
    .port_info 4 /INPUT 2 "kiyma_komut";
    .port_info 5 /INPUT 2 "tavuk_komut";
    .port_info 6 /INPUT 2 "en_cok_satan_doner";
L_0x124206990 .functor NOT 1, L_0x124206a30, C4<0>, C4<0>, C4<0>;
L_0x124206b10 .functor NOT 1, L_0x124206bc0, C4<0>, C4<0>, C4<0>;
L_0x124206ce0 .functor NOT 1, L_0x124206d70, C4<0>, C4<0>, C4<0>;
L_0x124206e70 .functor NOT 1, L_0x124206f20, C4<0>, C4<0>, C4<0>;
L_0x124207040 .functor AND 1, L_0x124207180, L_0x124206e70, L_0x124206ce0, C4<1>;
L_0x124207290 .functor AND 1, L_0x124207300, L_0x124207460, C4<1>, C4<1>;
L_0x124207540 .functor AND 1, L_0x124206b10, L_0x124207630, L_0x124207790, C4<1>;
L_0x124207880 .functor AND 1, L_0x124206b10, L_0x124206990, L_0x1242078f0, C4<1>;
L_0x1242079d0 .functor AND 1, L_0x124206b10, L_0x124206990, L_0x124207b10, C4<1>;
L_0x124207c10/0/0 .functor OR 1, L_0x124207040, L_0x124207290, L_0x124207540, L_0x124207880;
L_0x124207c10/0/4 .functor OR 1, L_0x1242079d0, C4<0>, C4<0>, C4<0>;
L_0x124207c10 .functor OR 1, L_0x124207c10/0/0, L_0x124207c10/0/4, C4<0>, C4<0>;
L_0x124207d80 .functor AND 1, L_0x124207e50, L_0x124208030, C4<1>, C4<1>;
L_0x1242080d0 .functor AND 1, L_0x124206ce0, L_0x124206b10, L_0x124208140, C4<1>;
L_0x1242081e0 .functor AND 1, L_0x124206e70, L_0x124206ce0, L_0x124208340, C4<1>;
L_0x1242084c0 .functor OR 1, L_0x124207d80, L_0x1242080d0, L_0x1242081e0, C4<0>;
L_0x1242085f0 .functor NOT 1, L_0x1242086e0, C4<0>, C4<0>, C4<0>;
L_0x1242082d0 .functor NOT 1, L_0x124208850, C4<0>, C4<0>, C4<0>;
L_0x124208930 .functor NOT 1, L_0x124208a30, C4<0>, C4<0>, C4<0>;
L_0x124208660 .functor NOT 1, L_0x124208bb0, C4<0>, C4<0>, C4<0>;
L_0x124208c90 .functor AND 1, L_0x124208e20, L_0x124208660, L_0x124208930, C4<1>;
L_0x1242089a0 .functor AND 1, L_0x124208b10, L_0x124209070, C4<1>, C4<1>;
L_0x1242091d0 .functor AND 1, L_0x1242082d0, L_0x124208d80, L_0x124209370, C4<1>;
L_0x1242094e0 .functor AND 1, L_0x1242082d0, L_0x1242085f0, L_0x124209550, C4<1>;
L_0x1242095f0 .functor AND 1, L_0x1242082d0, L_0x1242085f0, L_0x1242097a0, C4<1>;
L_0x124209240/0/0 .functor OR 1, L_0x124208c90, L_0x1242089a0, L_0x1242091d0, L_0x1242094e0;
L_0x124209240/0/4 .functor OR 1, L_0x1242095f0, C4<0>, C4<0>, C4<0>;
L_0x124209240 .functor OR 1, L_0x124209240/0/0, L_0x124209240/0/4, C4<0>, C4<0>;
L_0x1242099a0 .functor AND 1, L_0x124209ae0, L_0x1242096e0, C4<1>, C4<1>;
L_0x1242092e0 .functor AND 1, L_0x124208930, L_0x1242082d0, L_0x124209840, C4<1>;
L_0x124209df0 .functor AND 1, L_0x124208660, L_0x124208930, L_0x124209fc0, C4<1>;
L_0x124209d60 .functor OR 1, L_0x1242099a0, L_0x1242092e0, L_0x124209df0, C4<0>;
L_0x12420a260 .functor NOT 1, L_0x12420a3c0, C4<0>, C4<0>, C4<0>;
L_0x124209ee0 .functor NOT 1, L_0x12420a060, C4<0>, C4<0>, C4<0>;
L_0x12420a5b0 .functor NOT 1, L_0x12420a720, C4<0>, C4<0>, C4<0>;
L_0x12420a2d0 .functor NOT 1, L_0x12420a4a0, C4<0>, C4<0>, C4<0>;
L_0x124011f20 .functor AND 1, L_0x124012180, L_0x12420a2d0, L_0x12420a5b0, C4<1>;
L_0x124012260 .functor AND 1, L_0x124012310, L_0x124012470, C4<1>, C4<1>;
L_0x124012550 .functor AND 1, L_0x124209ee0, L_0x124012070, L_0x1240127e0, C4<1>;
L_0x124012880 .functor AND 1, L_0x124209ee0, L_0x12420a260, L_0x124012930, C4<1>;
L_0x124012a10 .functor AND 1, L_0x124209ee0, L_0x12420a260, L_0x124012640, C4<1>;
L_0x1240126e0/0/0 .functor OR 1, L_0x124011f20, L_0x124012260, L_0x124012550, L_0x124012880;
L_0x1240126e0/0/4 .functor OR 1, L_0x124012a10, C4<0>, C4<0>, C4<0>;
L_0x1240126e0 .functor OR 1, L_0x1240126e0/0/0, L_0x1240126e0/0/4, C4<0>, C4<0>;
L_0x124012de0 .functor AND 1, L_0x124012b40, L_0x124013090, C4<1>, C4<1>;
L_0x124012750 .functor AND 1, L_0x12420a5b0, L_0x124209ee0, L_0x124013130, C4<1>;
L_0x124013210 .functor AND 1, L_0x12420a2d0, L_0x12420a5b0, L_0x124012e50, C4<1>;
L_0x1240134f0 .functor OR 1, L_0x124012de0, L_0x124012750, L_0x124013210, C4<0>;
L_0x124013660 .functor AND 1, L_0x124013320, L_0x124013910, C4<1>, C4<1>;
L_0x124013910 .functor NOT 1, L_0x124013830, C4<0>, C4<0>, C4<0>;
L_0x124013a00 .functor AND 1, L_0x1240136d0, L_0x1240137b0, C4<1>, C4<1>;
L_0x1240137b0 .functor NOT 1, L_0x124013c00, C4<0>, C4<0>, C4<0>;
L_0x124013d20 .functor OR 1, L_0x124013660, L_0x124013a00, C4<0>, C4<0>;
L_0x124013a90 .functor AND 1, L_0x124013b40, L_0x1240140f0, C4<1>, C4<1>;
L_0x1240140f0 .functor NOT 1, L_0x124014050, C4<0>, C4<0>, C4<0>;
L_0x124013e10 .functor AND 1, L_0x124013e80, L_0x124014410, C4<1>, C4<1>;
L_0x124014410 .functor NOT 1, L_0x124014370, C4<0>, C4<0>, C4<0>;
L_0x1240141e0 .functor OR 1, L_0x124013a90, L_0x124013e10, C4<0>, C4<0>;
L_0x124110080 .functor AND 1, L_0x124110110, L_0x124110390, C4<1>, C4<1>;
L_0x124110390 .functor NOT 1, L_0x124110270, C4<0>, C4<0>, C4<0>;
L_0x124110480 .functor AND 1, L_0x124110530, L_0x1241106b0, C4<1>, C4<1>;
L_0x1241106b0 .functor NOT 1, L_0x124110610, C4<0>, C4<0>, C4<0>;
L_0x1241107a0 .functor OR 1, L_0x124110080, L_0x124110480, C4<0>, C4<0>;
L_0x124110890 .functor AND 1, L_0x124013d20, L_0x1240141e0, C4<1>, C4<1>;
L_0x124110980 .functor NOT 1, L_0x124013d20, C4<0>, C4<0>, C4<0>;
L_0x124110a10 .functor NOT 1, L_0x1241107a0, C4<0>, C4<0>, C4<0>;
L_0x124110ae0 .functor AND 1, L_0x124110980, L_0x1241107a0, C4<1>, C4<1>;
o0x118009150 .functor BUFZ 1, C4<z>; HiZ drive
L_0x124110bb0 .functor AND 1, o0x118009150, L_0x124110a10, C4<1>, C4<1>;
L_0x124110ca0 .functor OR 1, L_0x124110ae0, L_0x124110bb0, C4<0>, C4<0>;
L_0x124110db0 .functor OR 1, L_0x124110bb0, C4<0>, C4<0>, C4<0>;
L_0x124110e20 .functor BUFZ 1, L_0x124110ca0, C4<0>, C4<0>, C4<0>;
L_0x124110fd0 .functor BUFZ 1, L_0x124110db0, C4<0>, C4<0>, C4<0>;
v0x1242044e0_0 .net *"_ivl_100", 0 0, L_0x12420a3c0;  1 drivers
v0x12410cb60_0 .net *"_ivl_103", 0 0, L_0x12420a060;  1 drivers
v0x12410cc20_0 .net *"_ivl_106", 0 0, L_0x12420a720;  1 drivers
v0x12410cce0_0 .net *"_ivl_109", 0 0, L_0x12420a4a0;  1 drivers
v0x12410cd90_0 .net *"_ivl_11", 0 0, L_0x124206f20;  1 drivers
v0x12410ce80_0 .net *"_ivl_112", 0 0, L_0x124012180;  1 drivers
v0x12410cf30_0 .net *"_ivl_115", 0 0, L_0x124012310;  1 drivers
v0x12410cfe0_0 .net *"_ivl_117", 0 0, L_0x124012470;  1 drivers
v0x12410d090_0 .net *"_ivl_120", 0 0, L_0x124012070;  1 drivers
v0x12410d1a0_0 .net *"_ivl_122", 0 0, L_0x1240127e0;  1 drivers
v0x12410d250_0 .net *"_ivl_125", 0 0, L_0x124012930;  1 drivers
v0x12410d300_0 .net *"_ivl_128", 0 0, L_0x124012640;  1 drivers
v0x12410d3b0_0 .net *"_ivl_130", 0 0, L_0x1240126e0;  1 drivers
v0x12410d460_0 .net *"_ivl_134", 0 0, L_0x124012b40;  1 drivers
v0x12410d510_0 .net *"_ivl_136", 0 0, L_0x124013090;  1 drivers
v0x12410d5c0_0 .net *"_ivl_139", 0 0, L_0x124013130;  1 drivers
v0x12410d670_0 .net *"_ivl_14", 0 0, L_0x124207180;  1 drivers
v0x12410d800_0 .net *"_ivl_142", 0 0, L_0x124012e50;  1 drivers
v0x12410d890_0 .net *"_ivl_144", 0 0, L_0x1240134f0;  1 drivers
v0x12410d940_0 .net *"_ivl_149", 0 0, L_0x124013320;  1 drivers
v0x12410d9f0_0 .net *"_ivl_151", 0 0, L_0x124013830;  1 drivers
v0x12410daa0_0 .net *"_ivl_152", 0 0, L_0x124013910;  1 drivers
v0x12410db50_0 .net *"_ivl_156", 0 0, L_0x1240136d0;  1 drivers
v0x12410dc00_0 .net *"_ivl_158", 0 0, L_0x124013c00;  1 drivers
v0x12410dcb0_0 .net *"_ivl_159", 0 0, L_0x1240137b0;  1 drivers
v0x12410dd60_0 .net *"_ivl_164", 0 0, L_0x124013b40;  1 drivers
v0x12410de10_0 .net *"_ivl_166", 0 0, L_0x124014050;  1 drivers
v0x12410dec0_0 .net *"_ivl_167", 0 0, L_0x1240140f0;  1 drivers
v0x12410df70_0 .net *"_ivl_17", 0 0, L_0x124207300;  1 drivers
v0x12410e020_0 .net *"_ivl_171", 0 0, L_0x124013e80;  1 drivers
v0x12410e0d0_0 .net *"_ivl_173", 0 0, L_0x124014370;  1 drivers
v0x12410e180_0 .net *"_ivl_174", 0 0, L_0x124014410;  1 drivers
v0x12410e230_0 .net *"_ivl_179", 0 0, L_0x124110110;  1 drivers
v0x12410d720_0 .net *"_ivl_181", 0 0, L_0x124110270;  1 drivers
v0x12410e4c0_0 .net *"_ivl_182", 0 0, L_0x124110390;  1 drivers
v0x12410e550_0 .net *"_ivl_186", 0 0, L_0x124110530;  1 drivers
v0x12410e5f0_0 .net *"_ivl_188", 0 0, L_0x124110610;  1 drivers
v0x12410e6a0_0 .net *"_ivl_189", 0 0, L_0x1241106b0;  1 drivers
v0x12410e750_0 .net *"_ivl_19", 0 0, L_0x124207460;  1 drivers
v0x12410e800_0 .net *"_ivl_2", 0 0, L_0x124206a30;  1 drivers
v0x12410e8b0_0 .net *"_ivl_202", 0 0, L_0x124110e20;  1 drivers
v0x12410e960_0 .net *"_ivl_207", 0 0, L_0x124110fd0;  1 drivers
v0x12410ea10_0 .net *"_ivl_22", 0 0, L_0x124207630;  1 drivers
v0x12410eac0_0 .net *"_ivl_24", 0 0, L_0x124207790;  1 drivers
v0x12410eb70_0 .net *"_ivl_27", 0 0, L_0x1242078f0;  1 drivers
v0x12410ec20_0 .net *"_ivl_30", 0 0, L_0x124207b10;  1 drivers
v0x12410ecd0_0 .net *"_ivl_32", 0 0, L_0x124207c10;  1 drivers
v0x12410ed80_0 .net *"_ivl_36", 0 0, L_0x124207e50;  1 drivers
v0x12410ee30_0 .net *"_ivl_38", 0 0, L_0x124208030;  1 drivers
v0x12410eee0_0 .net *"_ivl_41", 0 0, L_0x124208140;  1 drivers
v0x12410ef90_0 .net *"_ivl_44", 0 0, L_0x124208340;  1 drivers
v0x12410f040_0 .net *"_ivl_46", 0 0, L_0x1242084c0;  1 drivers
v0x12410f0f0_0 .net *"_ivl_5", 0 0, L_0x124206bc0;  1 drivers
v0x12410f1a0_0 .net *"_ivl_51", 0 0, L_0x1242086e0;  1 drivers
v0x12410f250_0 .net *"_ivl_54", 0 0, L_0x124208850;  1 drivers
v0x12410f300_0 .net *"_ivl_57", 0 0, L_0x124208a30;  1 drivers
v0x12410f3b0_0 .net *"_ivl_60", 0 0, L_0x124208bb0;  1 drivers
v0x12410f460_0 .net *"_ivl_63", 0 0, L_0x124208e20;  1 drivers
v0x12410f510_0 .net *"_ivl_66", 0 0, L_0x124208b10;  1 drivers
v0x12410f5c0_0 .net *"_ivl_68", 0 0, L_0x124209070;  1 drivers
v0x12410f670_0 .net *"_ivl_71", 0 0, L_0x124208d80;  1 drivers
v0x12410f720_0 .net *"_ivl_73", 0 0, L_0x124209370;  1 drivers
v0x12410f7d0_0 .net *"_ivl_76", 0 0, L_0x124209550;  1 drivers
v0x12410f880_0 .net *"_ivl_79", 0 0, L_0x1242097a0;  1 drivers
v0x12410f930_0 .net *"_ivl_8", 0 0, L_0x124206d70;  1 drivers
v0x12410e2e0_0 .net *"_ivl_81", 0 0, L_0x124209240;  1 drivers
v0x12410e390_0 .net *"_ivl_85", 0 0, L_0x124209ae0;  1 drivers
v0x12410f9c0_0 .net *"_ivl_87", 0 0, L_0x1242096e0;  1 drivers
v0x12410fa50_0 .net *"_ivl_90", 0 0, L_0x124209840;  1 drivers
v0x12410fae0_0 .net *"_ivl_93", 0 0, L_0x124209fc0;  1 drivers
v0x12410fb70_0 .net *"_ivl_95", 0 0, L_0x124209d60;  1 drivers
v0x12410fc00_0 .net "en_cok_satan_doner", 1 0, L_0x124110ed0;  1 drivers
v0x12410fcb0_0 .net "en_cok_satan_doner_0", 0 0, L_0x124110ca0;  1 drivers
v0x12410fd50_0 .net "en_cok_satan_doner_1", 0 0, L_0x124110db0;  1 drivers
o0x118008df0 .functor BUFZ 2, C4<zz>; HiZ drive
v0x12410fdf0_0 .net "et_hiz", 1 0, o0x118008df0;  0 drivers
v0x12410fea0_0 .net "et_hizli", 0 0, L_0x124110890;  1 drivers
o0x118008e50 .functor BUFZ 2, C4<zz>; HiZ drive
v0x12410ff40_0 .net "et_komut", 1 0, o0x118008e50;  0 drivers
v0x12410fff0_0 .net "etin_yeni_hizi", 1 0, L_0x1242083e0;  1 drivers
v0x124204590_0 .net "hiz_et_gt_kiyma", 0 0, L_0x124013d20;  1 drivers
v0x124204620_0 .net "hiz_et_gt_kiyma_0", 0 0, L_0x124013a00;  1 drivers
v0x1242046c0_0 .net "hiz_et_gt_kiyma_1", 0 0, L_0x124013660;  1 drivers
v0x124204760_0 .net "hiz_et_gt_tavuk", 0 0, L_0x1240141e0;  1 drivers
v0x124204800_0 .net "hiz_et_gt_tavuk_0", 0 0, L_0x124013e10;  1 drivers
v0x1242048a0_0 .net "hiz_et_gt_tavuk_1", 0 0, L_0x124013a90;  1 drivers
v0x124204940_0 .net "hiz_kiyma_gt_tavuk", 0 0, L_0x1241107a0;  1 drivers
v0x1242049e0_0 .net "hiz_kiyma_gt_tavuk_0", 0 0, L_0x124110480;  1 drivers
v0x124204a80_0 .net "hiz_kiyma_gt_tavuk_1", 0 0, L_0x124110080;  1 drivers
o0x118009060 .functor BUFZ 2, C4<zz>; HiZ drive
v0x124204b20_0 .net "kiyma_hiz", 1 0, o0x118009060;  0 drivers
v0x124204bd0_0 .net "kiyma_hizli", 0 0, L_0x124110ae0;  1 drivers
o0x1180090c0 .functor BUFZ 2, C4<zz>; HiZ drive
v0x124204c70_0 .net "kiyma_komut", 1 0, o0x1180090c0;  0 drivers
v0x124204d20_0 .net "kiymanin_yeni_hizi", 1 0, L_0x124209a10;  1 drivers
v0x124204dd0_0 .net "not_hiz_et_gt_kiyma", 0 0, L_0x124110980;  1 drivers
v0x124204e70_0 .net "not_hiz_et_gt_tavuk", 0 0, o0x118009150;  0 drivers
v0x124204f10_0 .net "not_hiz_kiyma_gt_tavuk", 0 0, L_0x124110a10;  1 drivers
v0x124204fb0_0 .net "noth0_et", 0 0, L_0x124206990;  1 drivers
v0x124205050_0 .net "noth0_kiyma", 0 0, L_0x1242085f0;  1 drivers
v0x1242050f0_0 .net "noth0_tavuk", 0 0, L_0x12420a260;  1 drivers
v0x124205190_0 .net "noth1_et", 0 0, L_0x124206b10;  1 drivers
v0x124205230_0 .net "noth1_kiyma", 0 0, L_0x1242082d0;  1 drivers
v0x1242052d0_0 .net "noth1_tavuk", 0 0, L_0x124209ee0;  1 drivers
v0x124205370_0 .net "notk0_et", 0 0, L_0x124206ce0;  1 drivers
v0x124205410_0 .net "notk0_kiyma", 0 0, L_0x124208930;  1 drivers
v0x1242054b0_0 .net "notk0_tavuk", 0 0, L_0x12420a5b0;  1 drivers
v0x124205550_0 .net "notk1_et", 0 0, L_0x124206e70;  1 drivers
v0x1242055f0_0 .net "notk1_kiyma", 0 0, L_0x124208660;  1 drivers
v0x124205690_0 .net "notk1_tavuk", 0 0, L_0x12420a2d0;  1 drivers
o0x1180093f0 .functor BUFZ 2, C4<zz>; HiZ drive
v0x124205730_0 .net "tavuk_hiz", 1 0, o0x1180093f0;  0 drivers
v0x1242057e0_0 .net "tavuk_hizli", 0 0, L_0x124110bb0;  1 drivers
o0x118009450 .functor BUFZ 2, C4<zz>; HiZ drive
v0x124205880_0 .net "tavuk_komut", 1 0, o0x118009450;  0 drivers
v0x124205930_0 .net "tavukun_yeni_hizi", 1 0, L_0x124012ef0;  1 drivers
v0x1242059e0_0 .net "wire1_et", 0 0, L_0x124207040;  1 drivers
v0x124205a80_0 .net "wire1_kiyma", 0 0, L_0x124208c90;  1 drivers
v0x124205b20_0 .net "wire1_tavuk", 0 0, L_0x124011f20;  1 drivers
v0x124205bc0_0 .net "wire2_et", 0 0, L_0x124207290;  1 drivers
v0x124205c60_0 .net "wire2_kiyma", 0 0, L_0x1242089a0;  1 drivers
v0x124205d00_0 .net "wire2_tavuk", 0 0, L_0x124012260;  1 drivers
v0x124205da0_0 .net "wire3_et", 0 0, L_0x124207540;  1 drivers
v0x124205e40_0 .net "wire3_kiyma", 0 0, L_0x1242091d0;  1 drivers
v0x124205ee0_0 .net "wire3_tavuk", 0 0, L_0x124012550;  1 drivers
v0x124205f80_0 .net "wire4_et", 0 0, L_0x124207880;  1 drivers
v0x124206020_0 .net "wire4_kiyma", 0 0, L_0x1242094e0;  1 drivers
v0x1242060c0_0 .net "wire4_tavuk", 0 0, L_0x124012880;  1 drivers
v0x124206160_0 .net "wire5_et", 0 0, L_0x1242079d0;  1 drivers
v0x124206200_0 .net "wire5_kiyma", 0 0, L_0x1242095f0;  1 drivers
v0x1242062a0_0 .net "wire5_tavuk", 0 0, L_0x124012a10;  1 drivers
v0x124206340_0 .net "wire6_et", 0 0, L_0x124207d80;  1 drivers
v0x1242063e0_0 .net "wire6_kiyma", 0 0, L_0x1242099a0;  1 drivers
v0x124206480_0 .net "wire6_tavuk", 0 0, L_0x124012de0;  1 drivers
v0x124206520_0 .net "wire7_et", 0 0, L_0x1242080d0;  1 drivers
v0x1242065c0_0 .net "wire7_kiyma", 0 0, L_0x1242092e0;  1 drivers
v0x124206660_0 .net "wire7_tavuk", 0 0, L_0x124012750;  1 drivers
v0x124206700_0 .net "wire8_et", 0 0, L_0x1242081e0;  1 drivers
v0x1242067a0_0 .net "wire8_kiyma", 0 0, L_0x124209df0;  1 drivers
v0x124206840_0 .net "wire8_tavuk", 0 0, L_0x124013210;  1 drivers
L_0x124206a30 .part o0x118008df0, 0, 1;
L_0x124206bc0 .part o0x118008df0, 1, 1;
L_0x124206d70 .part o0x118008e50, 0, 1;
L_0x124206f20 .part o0x118008e50, 1, 1;
L_0x124207180 .part o0x118008df0, 1, 1;
L_0x124207300 .part o0x118008df0, 1, 1;
L_0x124207460 .part o0x118008e50, 1, 1;
L_0x124207630 .part o0x118008e50, 1, 1;
L_0x124207790 .part o0x118008e50, 0, 1;
L_0x1242078f0 .part o0x118008e50, 0, 1;
L_0x124207b10 .part o0x118008e50, 1, 1;
L_0x124207e50 .part o0x118008e50, 1, 1;
L_0x124208030 .part o0x118008e50, 0, 1;
L_0x124208140 .part o0x118008df0, 0, 1;
L_0x124208340 .part o0x118008df0, 0, 1;
L_0x1242083e0 .concat8 [ 1 1 0 0], L_0x1242084c0, L_0x124207c10;
L_0x1242086e0 .part o0x118009060, 0, 1;
L_0x124208850 .part o0x118009060, 1, 1;
L_0x124208a30 .part o0x1180090c0, 0, 1;
L_0x124208bb0 .part o0x1180090c0, 1, 1;
L_0x124208e20 .part o0x118009060, 1, 1;
L_0x124208b10 .part o0x118009060, 1, 1;
L_0x124209070 .part o0x1180090c0, 1, 1;
L_0x124208d80 .part o0x1180090c0, 1, 1;
L_0x124209370 .part o0x1180090c0, 0, 1;
L_0x124209550 .part o0x1180090c0, 0, 1;
L_0x1242097a0 .part o0x1180090c0, 1, 1;
L_0x124209ae0 .part o0x1180090c0, 1, 1;
L_0x1242096e0 .part o0x1180090c0, 0, 1;
L_0x124209840 .part o0x118009060, 0, 1;
L_0x124209fc0 .part o0x118009060, 0, 1;
L_0x124209a10 .concat8 [ 1 1 0 0], L_0x124209d60, L_0x124209240;
L_0x12420a3c0 .part o0x1180093f0, 0, 1;
L_0x12420a060 .part o0x1180093f0, 1, 1;
L_0x12420a720 .part o0x118009450, 0, 1;
L_0x12420a4a0 .part o0x118009450, 1, 1;
L_0x124012180 .part o0x1180093f0, 1, 1;
L_0x124012310 .part o0x1180093f0, 1, 1;
L_0x124012470 .part o0x118009450, 1, 1;
L_0x124012070 .part o0x118009450, 1, 1;
L_0x1240127e0 .part o0x118009450, 0, 1;
L_0x124012930 .part o0x118009450, 0, 1;
L_0x124012640 .part o0x118009450, 1, 1;
L_0x124012b40 .part o0x118009450, 1, 1;
L_0x124013090 .part o0x118009450, 0, 1;
L_0x124013130 .part o0x1180093f0, 0, 1;
L_0x124012e50 .part o0x1180093f0, 0, 1;
L_0x124012ef0 .concat8 [ 1 1 0 0], L_0x1240134f0, L_0x1240126e0;
L_0x124013320 .part L_0x1242083e0, 1, 1;
L_0x124013830 .part L_0x124209a10, 1, 1;
L_0x1240136d0 .part L_0x1242083e0, 0, 1;
L_0x124013c00 .part L_0x124209a10, 0, 1;
L_0x124013b40 .part L_0x1242083e0, 1, 1;
L_0x124014050 .part L_0x124012ef0, 1, 1;
L_0x124013e80 .part L_0x1242083e0, 0, 1;
L_0x124014370 .part L_0x124012ef0, 0, 1;
L_0x124110110 .part L_0x124209a10, 1, 1;
L_0x124110270 .part L_0x124012ef0, 1, 1;
L_0x124110530 .part L_0x124209a10, 0, 1;
L_0x124110610 .part L_0x124012ef0, 0, 1;
L_0x124110ed0 .concat8 [ 1 1 0 0], L_0x124110e20, L_0x124110fd0;
# The file index is used to find the file name in the following table.
:file_names 3;
    "N/A";
    "<interactive>";
    "donerci.v";
