#! /opt/homebrew/Cellar/icarus-verilog/12.0/bin/vvp
:ivl_version "12.0 (stable)";
:ivl_delay_selection "TYPICAL";
:vpi_time_precision + 0;
:vpi_module "/opt/homebrew/Cellar/icarus-verilog/12.0/lib/ivl/system.vpi";
:vpi_module "/opt/homebrew/Cellar/icarus-verilog/12.0/lib/ivl/vhdl_sys.vpi";
:vpi_module "/opt/homebrew/Cellar/icarus-verilog/12.0/lib/ivl/vhdl_textio.vpi";
:vpi_module "/opt/homebrew/Cellar/icarus-verilog/12.0/lib/ivl/v2005_math.vpi";
:vpi_module "/opt/homebrew/Cellar/icarus-verilog/12.0/lib/ivl/va_math.vpi";
S_0x125607730 .scope module, "odev1_devre" "odev1_devre" 2 1;
 .timescale 0 0;
    .port_info 0 /INPUT 1 "A";
    .port_info 1 /INPUT 1 "B";
    .port_info 2 /INPUT 1 "C";
    .port_info 3 /INPUT 1 "D";
    .port_info 4 /INPUT 1 "E";
    .port_info 5 /OUTPUT 1 "F";
o0x128040010 .functor BUFZ 1, C4<z>; HiZ drive
L_0x125617310 .functor NOT 1, o0x128040010, C4<0>, C4<0>, C4<0>;
o0x128040040 .functor BUFZ 1, C4<z>; HiZ drive
L_0x1256179f0 .functor NOT 1, o0x128040040, C4<0>, C4<0>, C4<0>;
o0x128040070 .functor BUFZ 1, C4<z>; HiZ drive
L_0x125617aa0 .functor NOT 1, o0x128040070, C4<0>, C4<0>, C4<0>;
o0x1280400d0 .functor BUFZ 1, C4<z>; HiZ drive
L_0x125617b70 .functor NOT 1, o0x1280400d0, C4<0>, C4<0>, C4<0>;
o0x1280400a0 .functor BUFZ 1, C4<z>; HiZ drive
L_0x125617c20/0/0 .functor AND 1, L_0x125617310, o0x128040040, o0x128040070, o0x1280400a0;
L_0x125617c20/0/4 .functor AND 1, L_0x125617b70, C4<1>, C4<1>, C4<1>;
L_0x125617c20 .functor AND 1, L_0x125617c20/0/0, L_0x125617c20/0/4, C4<1>, C4<1>;
L_0x125617df0 .functor AND 1, o0x128040070, L_0x125617b70, C4<1>, C4<1>;
L_0x125617e60 .functor OR 1, L_0x125617c20, L_0x125617df0, o0x128040010, C4<0>;
L_0x125617fd0 .functor AND 1, L_0x125617aa0, o0x1280400d0, o0x1280400a0, C4<1>;
L_0x125618100/0/0 .functor AND 1, o0x128040010, L_0x1256179f0, o0x128040070, o0x1280400a0;
L_0x125618100/0/4 .functor AND 1, L_0x125617b70, C4<1>, C4<1>, C4<1>;
L_0x125618100 .functor AND 1, L_0x125618100/0/0, L_0x125618100/0/4, C4<1>, C4<1>;
L_0x125617d40 .functor OR 1, o0x128040040, L_0x125617fd0, L_0x125618100, C4<0>;
L_0x125618340 .functor NOT 1, L_0x125617d40, C4<0>, C4<0>, C4<0>;
L_0x125618450 .functor OR 1, L_0x125617e60, L_0x125618340, C4<0>, C4<0>;
v0x125607960_0 .net "A", 0 0, o0x128040010;  0 drivers
v0x125616df0_0 .net "B", 0 0, o0x128040040;  0 drivers
v0x125616e90_0 .net "C", 0 0, o0x128040070;  0 drivers
v0x125616f20_0 .net "D", 0 0, o0x1280400a0;  0 drivers
v0x125616fc0_0 .net "E", 0 0, o0x1280400d0;  0 drivers
v0x1256170a0_0 .net "F", 0 0, L_0x125618450;  1 drivers
v0x125617140_0 .net "notA", 0 0, L_0x125617310;  1 drivers
v0x1256171e0_0 .net "notB", 0 0, L_0x1256179f0;  1 drivers
v0x125617280_0 .net "notC", 0 0, L_0x125617aa0;  1 drivers
v0x125617390_0 .net "notE", 0 0, L_0x125617b70;  1 drivers
v0x125617420_0 .net "notpart2", 0 0, L_0x125618340;  1 drivers
v0x1256174c0_0 .net "part1", 0 0, L_0x125617e60;  1 drivers
v0x125617560_0 .net "part2", 0 0, L_0x125617d40;  1 drivers
v0x125617600_0 .net "wire1", 0 0, L_0x125617c20;  1 drivers
v0x1256176a0_0 .net "wire2", 0 0, L_0x125617df0;  1 drivers
v0x125617740_0 .net "wireX", 0 0, L_0x125617fd0;  1 drivers
v0x1256177e0_0 .net "wireY", 0 0, L_0x125618100;  1 drivers
# The file index is used to find the file name in the following table.
:file_names 3;
    "N/A";
    "<interactive>";
    "odev1_fonk.v";
