#! /opt/homebrew/Cellar/icarus-verilog/12.0/bin/vvp
:ivl_version "12.0 (stable)";
:ivl_delay_selection "TYPICAL";
:vpi_time_precision + 0;
:vpi_module "/opt/homebrew/Cellar/icarus-verilog/12.0/lib/ivl/system.vpi";
:vpi_module "/opt/homebrew/Cellar/icarus-verilog/12.0/lib/ivl/vhdl_sys.vpi";
:vpi_module "/opt/homebrew/Cellar/icarus-verilog/12.0/lib/ivl/vhdl_textio.vpi";
:vpi_module "/opt/homebrew/Cellar/icarus-verilog/12.0/lib/ivl/v2005_math.vpi";
:vpi_module "/opt/homebrew/Cellar/icarus-verilog/12.0/lib/ivl/va_math.vpi";
S_0x12f606a00 .scope module, "odev1_devre" "odev1_devre" 2 1;
 .timescale 0 0;
    .port_info 0 /INPUT 1 "A";
    .port_info 1 /INPUT 1 "B";
    .port_info 2 /OUTPUT 1 "F";
    .port_info 3 /OUTPUT 1 "Q";
o0x130018010 .functor BUFZ 1, C4<z>; HiZ drive
o0x130018040 .functor BUFZ 1, C4<z>; HiZ drive
L_0x12f617250 .functor AND 1, o0x130018010, o0x130018040, C4<1>, C4<1>;
L_0x12f6172e0 .functor NOT 1, L_0x12f617250, C4<0>, C4<0>, C4<0>;
L_0x130050010 .functor BUFT 1, C4<0>, C4<0>, C4<0>, C4<0>;
L_0x12f6173b0 .functor XOR 1, L_0x12f6172e0, L_0x130050010, C4<0>, C4<0>;
L_0x130050058 .functor BUFT 1, C4<1>, C4<0>, C4<0>, C4<0>;
L_0x12f6174e0 .functor OR 1, o0x130018010, L_0x130050058, C4<0>, C4<0>;
L_0x12f6175f0 .functor NAND 1, L_0x12f6174e0, o0x130018040, C4<1>, C4<1>;
v0x12f606bf0_0 .net "A", 0 0, o0x130018010;  0 drivers
v0x12f616c40_0 .net "B", 0 0, o0x130018040;  0 drivers
v0x12f616ce0_0 .net "F", 0 0, L_0x12f6173b0;  1 drivers
v0x12f616d70_0 .net "Q", 0 0, L_0x12f6175f0;  1 drivers
v0x12f616e10_0 .net/2u *"_ivl_3", 0 0, L_0x130050010;  1 drivers
v0x12f616f00_0 .net/2u *"_ivl_6", 0 0, L_0x130050058;  1 drivers
v0x12f616fb0_0 .net "wire1", 0 0, L_0x12f617250;  1 drivers
v0x12f617050_0 .net "wire2", 0 0, L_0x12f6172e0;  1 drivers
v0x12f6170f0_0 .net "wire3", 0 0, L_0x12f6174e0;  1 drivers
# The file index is used to find the file name in the following table.
:file_names 3;
    "N/A";
    "<interactive>";
    "odev1_devre2.v";
