#! /opt/homebrew/Cellar/icarus-verilog/12.0/bin/vvp
:ivl_version "12.0 (stable)";
:ivl_delay_selection "TYPICAL";
:vpi_time_precision + 0;
:vpi_module "/opt/homebrew/Cellar/icarus-verilog/12.0/lib/ivl/system.vpi";
:vpi_module "/opt/homebrew/Cellar/icarus-verilog/12.0/lib/ivl/vhdl_sys.vpi";
:vpi_module "/opt/homebrew/Cellar/icarus-verilog/12.0/lib/ivl/vhdl_textio.vpi";
:vpi_module "/opt/homebrew/Cellar/icarus-verilog/12.0/lib/ivl/v2005_math.vpi";
:vpi_module "/opt/homebrew/Cellar/icarus-verilog/12.0/lib/ivl/va_math.vpi";
S_0x12b607250 .scope module, "clock_calendar" "clock_calendar" 2 1;
 .timescale 0 0;
    .port_info 0 /INPUT 1 "clk";
    .port_info 1 /INPUT 1 "rst";
    .port_info 2 /INPUT 1 "pause";
    .port_info 3 /INPUT 1 "fast";
    .port_info 4 /INPUT 2 "adjust_hour";
    .port_info 5 /INPUT 2 "adjust_minute";
    .port_info 6 /INPUT 8 "uart_data";
    .port_info 7 /INPUT 1 "uart_valid";
    .port_info 8 /OUTPUT 8 "hour";
    .port_info 9 /OUTPUT 8 "minute";
    .port_info 10 /OUTPUT 8 "second";
    .port_info 11 /OUTPUT 5 "day";
    .port_info 12 /OUTPUT 4 "month";
    .port_info 13 /OUTPUT 12 "year";
o0x130040010 .functor BUFZ 2, C4<zz>; HiZ drive
v0x12b61d3f0_0 .net "adjust_hour", 1 0, o0x130040010;  0 drivers
o0x130040040 .functor BUFZ 2, C4<zz>; HiZ drive
v0x12b62ce10_0 .net "adjust_minute", 1 0, o0x130040040;  0 drivers
o0x130040070 .functor BUFZ 1, C4<z>; HiZ drive
v0x12b62ceb0_0 .net "clk", 0 0, o0x130040070;  0 drivers
v0x12b62cf60_0 .var "counter", 7 0;
v0x12b62d000_0 .var "day", 4 0;
o0x130040100 .functor BUFZ 1, C4<z>; HiZ drive
v0x12b62d0f0_0 .net "fast", 0 0, o0x130040100;  0 drivers
v0x12b62d190_0 .var "fast_reg", 0 0;
v0x12b62d230_0 .var "hour", 7 0;
v0x12b62d2e0_0 .var "minute", 7 0;
v0x12b62d3f0_0 .var "month", 3 0;
o0x1300401f0 .functor BUFZ 1, C4<z>; HiZ drive
v0x12b62d4a0_0 .net "pause", 0 0, o0x1300401f0;  0 drivers
v0x12b62d540_0 .var "pause_reg", 0 0;
o0x130040250 .functor BUFZ 1, C4<z>; HiZ drive
v0x12b62d5e0_0 .net "rst", 0 0, o0x130040250;  0 drivers
v0x12b62d680_0 .var "second", 7 0;
v0x12b62d730_0 .var "tick", 0 0;
o0x1300402e0 .functor BUFZ 8, C4<zzzzzzzz>; HiZ drive
v0x12b62d7d0_0 .net "uart_data", 7 0, o0x1300402e0;  0 drivers
o0x130040310 .functor BUFZ 1, C4<z>; HiZ drive
v0x12b62d880_0 .net "uart_valid", 0 0, o0x130040310;  0 drivers
v0x12b62da10_0 .var "year", 11 0;
E_0x12b6085d0 .event posedge, v0x12b62ceb0_0;
    .scope S_0x12b607250;
T_0 ;
    %pushi/vec4 0, 0, 8;
    %store/vec4 v0x12b62cf60_0, 0, 8;
    %pushi/vec4 0, 0, 1;
    %store/vec4 v0x12b62d730_0, 0, 1;
    %pushi/vec4 0, 0, 1;
    %store/vec4 v0x12b62d540_0, 0, 1;
    %pushi/vec4 0, 0, 1;
    %store/vec4 v0x12b62d190_0, 0, 1;
    %end;
    .thread T_0;
    .scope S_0x12b607250;
T_1 ;
    %wait E_0x12b6085d0;
    %load/vec4 v0x12b62d5e0_0;
    %flag_set/vec4 8;
    %jmp/0xz  T_1.0, 8;
    %pushi/vec4 18, 0, 8;
    %assign/vec4 v0x12b62d230_0, 0;
    %pushi/vec4 30, 0, 8;
    %assign/vec4 v0x12b62d2e0_0, 0;
    %pushi/vec4 0, 0, 8;
    %assign/vec4 v0x12b62d680_0, 0;
    %pushi/vec4 30, 0, 5;
    %assign/vec4 v0x12b62d000_0, 0;
    %pushi/vec4 7, 0, 4;
    %assign/vec4 v0x12b62d3f0_0, 0;
    %pushi/vec4 2024, 0, 12;
    %assign/vec4 v0x12b62da10_0, 0;
    %pushi/vec4 0, 0, 1;
    %assign/vec4 v0x12b62d540_0, 0;
    %pushi/vec4 0, 0, 1;
    %assign/vec4 v0x12b62d190_0, 0;
    %jmp T_1.1;
T_1.0 ;
    %load/vec4 v0x12b62d540_0;
    %nor/r;
    %flag_set/vec4 8;
    %jmp/0xz  T_1.2, 8;
    %load/vec4 v0x12b62cf60_0;
    %addi 1, 0, 8;
    %assign/vec4 v0x12b62cf60_0, 0;
    %load/vec4 v0x12b62d190_0;
    %flag_set/vec4 8;
    %jmp/0 T_1.6, 8;
    %pushi/vec4 25, 0, 32;
    %jmp/1 T_1.7, 8;
T_1.6 ; End of true expr.
    %pushi/vec4 50, 0, 32;
    %jmp/0 T_1.7, 8;
 ; End of false expr.
    %blend;
T_1.7;
    %load/vec4 v0x12b62cf60_0;
    %pad/u 32;
    %cmp/u;
    %flag_or 5, 4;
    %jmp/0xz  T_1.4, 5;
    %pushi/vec4 0, 0, 8;
    %assign/vec4 v0x12b62cf60_0, 0;
    %pushi/vec4 1, 0, 1;
    %assign/vec4 v0x12b62d730_0, 0;
    %jmp T_1.5;
T_1.4 ;
    %pushi/vec4 0, 0, 1;
    %assign/vec4 v0x12b62d730_0, 0;
T_1.5 ;
    %load/vec4 v0x12b62d730_0;
    %flag_set/vec4 8;
    %jmp/0xz  T_1.8, 8;
    %load/vec4 v0x12b62d680_0;
    %addi 1, 0, 8;
    %assign/vec4 v0x12b62d680_0, 0;
    %load/vec4 v0x12b62d680_0;
    %pad/u 32;
    %cmpi/u 60, 0, 32;
    %flag_inv 5; GE is !LT
    %jmp/0xz  T_1.10, 5;
    %pushi/vec4 0, 0, 8;
    %assign/vec4 v0x12b62d680_0, 0;
    %load/vec4 v0x12b62d2e0_0;
    %addi 1, 0, 8;
    %assign/vec4 v0x12b62d2e0_0, 0;
T_1.10 ;
    %load/vec4 v0x12b62d2e0_0;
    %pad/u 32;
    %cmpi/u 60, 0, 32;
    %flag_inv 5; GE is !LT
    %jmp/0xz  T_1.12, 5;
    %pushi/vec4 0, 0, 8;
    %assign/vec4 v0x12b62d2e0_0, 0;
    %load/vec4 v0x12b62d230_0;
    %addi 1, 0, 8;
    %assign/vec4 v0x12b62d230_0, 0;
T_1.12 ;
    %load/vec4 v0x12b62d230_0;
    %pad/u 32;
    %cmpi/u 24, 0, 32;
    %flag_inv 5; GE is !LT
    %jmp/0xz  T_1.14, 5;
    %pushi/vec4 0, 0, 8;
    %assign/vec4 v0x12b62d230_0, 0;
    %load/vec4 v0x12b62d000_0;
    %addi 1, 0, 5;
    %assign/vec4 v0x12b62d000_0, 0;
T_1.14 ;
    %load/vec4 v0x12b62d3f0_0;
    %pad/u 32;
    %cmpi/e 4, 0, 32;
    %jmp/1 T_1.21, 4;
    %flag_mov 9, 4;
    %load/vec4 v0x12b62d3f0_0;
    %pad/u 32;
    %cmpi/e 6, 0, 32;
    %flag_or 4, 9;
T_1.21;
    %jmp/1 T_1.20, 4;
    %flag_mov 9, 4;
    %load/vec4 v0x12b62d3f0_0;
    %pad/u 32;
    %cmpi/e 9, 0, 32;
    %flag_or 4, 9;
T_1.20;
    %jmp/1 T_1.19, 4;
    %flag_mov 9, 4;
    %load/vec4 v0x12b62d3f0_0;
    %pad/u 32;
    %cmpi/e 11, 0, 32;
    %flag_or 4, 9;
T_1.19;
    %flag_get/vec4 4;
    %jmp/0 T_1.18, 4;
    %pushi/vec4 30, 0, 32;
    %load/vec4 v0x12b62d000_0;
    %pad/u 32;
    %cmp/u;
    %flag_get/vec4 5;
    %and;
T_1.18;
    %flag_set/vec4 8;
    %jmp/0xz  T_1.16, 8;
    %pushi/vec4 1, 0, 5;
    %assign/vec4 v0x12b62d000_0, 0;
    %load/vec4 v0x12b62d3f0_0;
    %addi 1, 0, 4;
    %assign/vec4 v0x12b62d3f0_0, 0;
    %jmp T_1.17;
T_1.16 ;
    %load/vec4 v0x12b62d3f0_0;
    %pad/u 32;
    %cmpi/e 1, 0, 32;
    %jmp/1 T_1.30, 4;
    %flag_mov 9, 4;
    %load/vec4 v0x12b62d3f0_0;
    %pad/u 32;
    %cmpi/e 3, 0, 32;
    %flag_or 4, 9;
T_1.30;
    %jmp/1 T_1.29, 4;
    %flag_mov 9, 4;
    %load/vec4 v0x12b62d3f0_0;
    %pad/u 32;
    %cmpi/e 5, 0, 32;
    %flag_or 4, 9;
T_1.29;
    %jmp/1 T_1.28, 4;
    %flag_mov 9, 4;
    %load/vec4 v0x12b62d3f0_0;
    %pad/u 32;
    %cmpi/e 7, 0, 32;
    %flag_or 4, 9;
T_1.28;
    %jmp/1 T_1.27, 4;
    %flag_mov 9, 4;
    %load/vec4 v0x12b62d3f0_0;
    %pad/u 32;
    %cmpi/e 8, 0, 32;
    %flag_or 4, 9;
T_1.27;
    %jmp/1 T_1.26, 4;
    %flag_mov 9, 4;
    %load/vec4 v0x12b62d3f0_0;
    %pad/u 32;
    %cmpi/e 10, 0, 32;
    %flag_or 4, 9;
T_1.26;
    %jmp/1 T_1.25, 4;
    %flag_mov 9, 4;
    %load/vec4 v0x12b62d3f0_0;
    %pad/u 32;
    %cmpi/e 12, 0, 32;
    %flag_or 4, 9;
T_1.25;
    %flag_get/vec4 4;
    %jmp/0 T_1.24, 4;
    %pushi/vec4 31, 0, 32;
    %load/vec4 v0x12b62d000_0;
    %pad/u 32;
    %cmp/u;
    %flag_get/vec4 5;
    %and;
T_1.24;
    %flag_set/vec4 8;
    %jmp/0xz  T_1.22, 8;
    %pushi/vec4 1, 0, 5;
    %assign/vec4 v0x12b62d000_0, 0;
    %load/vec4 v0x12b62d3f0_0;
    %pad/u 32;
    %cmpi/e 12, 0, 32;
    %jmp/0xz  T_1.31, 4;
    %pushi/vec4 1, 0, 4;
    %assign/vec4 v0x12b62d3f0_0, 0;
    %load/vec4 v0x12b62da10_0;
    %addi 1, 0, 12;
    %assign/vec4 v0x12b62da10_0, 0;
    %jmp T_1.32;
T_1.31 ;
    %load/vec4 v0x12b62d3f0_0;
    %addi 1, 0, 4;
    %assign/vec4 v0x12b62d3f0_0, 0;
T_1.32 ;
    %jmp T_1.23;
T_1.22 ;
    %load/vec4 v0x12b62d3f0_0;
    %pad/u 32;
    %cmpi/e 2, 0, 32;
    %jmp/0xz  T_1.33, 4;
    %load/vec4 v0x12b62da10_0;
    %pad/u 32;
    %pushi/vec4 4, 0, 32;
    %mod;
    %cmpi/e 0, 0, 32;
    %flag_get/vec4 4;
    %jmp/0 T_1.38, 4;
    %load/vec4 v0x12b62da10_0;
    %pad/u 32;
    %pushi/vec4 100, 0, 32;
    %mod;
    %pushi/vec4 0, 0, 32;
    %cmp/ne;
    %flag_get/vec4 4;
    %and;
T_1.38;
    %flag_set/vec4 8;
    %jmp/1 T_1.37, 8;
    %load/vec4 v0x12b62da10_0;
    %pad/u 32;
    %pushi/vec4 400, 0, 32;
    %mod;
    %cmpi/e 0, 0, 32;
    %flag_or 8, 4;
T_1.37;
    %jmp/0xz  T_1.35, 8;
    %load/vec4 v0x12b62d000_0;
    %pad/u 32;
    %cmpi/u 29, 0, 32;
    %flag_or 5, 4; GT is !LE
    %flag_inv 5;
    %jmp/0xz  T_1.39, 5;
    %pushi/vec4 1, 0, 5;
    %assign/vec4 v0x12b62d000_0, 0;
    %load/vec4 v0x12b62d3f0_0;
    %addi 1, 0, 4;
    %assign/vec4 v0x12b62d3f0_0, 0;
T_1.39 ;
    %jmp T_1.36;
T_1.35 ;
    %load/vec4 v0x12b62d000_0;
    %pad/u 32;
    %cmpi/u 28, 0, 32;
    %flag_or 5, 4; GT is !LE
    %flag_inv 5;
    %jmp/0xz  T_1.41, 5;
    %pushi/vec4 1, 0, 5;
    %assign/vec4 v0x12b62d000_0, 0;
    %load/vec4 v0x12b62d3f0_0;
    %addi 1, 0, 4;
    %assign/vec4 v0x12b62d3f0_0, 0;
T_1.41 ;
T_1.36 ;
T_1.33 ;
T_1.23 ;
T_1.17 ;
T_1.8 ;
T_1.2 ;
T_1.1 ;
    %load/vec4 v0x12b61d3f0_0;
    %cmpi/e 1, 0, 2;
    %jmp/0xz  T_1.43, 4;
    %load/vec4 v0x12b62d230_0;
    %addi 1, 0, 8;
    %assign/vec4 v0x12b62d230_0, 0;
    %jmp T_1.44;
T_1.43 ;
    %load/vec4 v0x12b61d3f0_0;
    %cmpi/e 2, 0, 2;
    %jmp/0xz  T_1.45, 4;
    %load/vec4 v0x12b62d230_0;
    %subi 1, 0, 8;
    %assign/vec4 v0x12b62d230_0, 0;
T_1.45 ;
T_1.44 ;
    %load/vec4 v0x12b62ce10_0;
    %cmpi/e 1, 0, 2;
    %jmp/0xz  T_1.47, 4;
    %load/vec4 v0x12b62d2e0_0;
    %addi 1, 0, 8;
    %assign/vec4 v0x12b62d2e0_0, 0;
    %jmp T_1.48;
T_1.47 ;
    %load/vec4 v0x12b62ce10_0;
    %cmpi/e 2, 0, 2;
    %jmp/0xz  T_1.49, 4;
    %load/vec4 v0x12b62d2e0_0;
    %subi 1, 0, 8;
    %assign/vec4 v0x12b62d2e0_0, 0;
T_1.49 ;
T_1.48 ;
    %load/vec4 v0x12b62d880_0;
    %flag_set/vec4 8;
    %jmp/0xz  T_1.51, 8;
    %load/vec4 v0x12b62d7d0_0;
    %pushi/vec4 83, 0, 8; draw_string_vec4
    %cmp/e;
    %jmp/0xz  T_1.53, 4;
    %load/vec4 v0x12b62d540_0;
    %nor/r;
    %assign/vec4 v0x12b62d540_0, 0;
    %jmp T_1.54;
T_1.53 ;
    %load/vec4 v0x12b62d7d0_0;
    %pushi/vec4 82, 0, 8; draw_string_vec4
    %cmp/e;
    %jmp/0xz  T_1.55, 4;
    %pushi/vec4 18, 0, 8;
    %assign/vec4 v0x12b62d230_0, 0;
    %pushi/vec4 30, 0, 8;
    %assign/vec4 v0x12b62d2e0_0, 0;
    %pushi/vec4 0, 0, 8;
    %assign/vec4 v0x12b62d680_0, 0;
    %pushi/vec4 30, 0, 5;
    %assign/vec4 v0x12b62d000_0, 0;
    %pushi/vec4 7, 0, 4;
    %assign/vec4 v0x12b62d3f0_0, 0;
    %pushi/vec4 2024, 0, 12;
    %assign/vec4 v0x12b62da10_0, 0;
T_1.55 ;
T_1.54 ;
T_1.51 ;
    %jmp T_1;
    .thread T_1;
# The file index is used to find the file name in the following table.
:file_names 3;
    "N/A";
    "<interactive>";
    "clock_calendar.v";
