#! /opt/homebrew/Cellar/icarus-verilog/12.0/bin/vvp
:ivl_version "12.0 (stable)";
:ivl_delay_selection "TYPICAL";
:vpi_time_precision + 0;
:vpi_module "/opt/homebrew/Cellar/icarus-verilog/12.0/lib/ivl/system.vpi";
:vpi_module "/opt/homebrew/Cellar/icarus-verilog/12.0/lib/ivl/vhdl_sys.vpi";
:vpi_module "/opt/homebrew/Cellar/icarus-verilog/12.0/lib/ivl/vhdl_textio.vpi";
:vpi_module "/opt/homebrew/Cellar/icarus-verilog/12.0/lib/ivl/v2005_math.vpi";
:vpi_module "/opt/homebrew/Cellar/icarus-verilog/12.0/lib/ivl/va_math.vpi";
:vpi_module "/opt/homebrew/Cellar/icarus-verilog/12.0/lib/ivl/v2009.vpi";
S_0x131606180 .scope package, "$unit" "$unit" 2 1;
 .timescale 0 0;
S_0x1316062f0 .scope module, "digital_clock" "digital_clock" 3 1;
 .timescale 0 0;
    .port_info 0 /INPUT 1 "clk";
    .port_info 1 /INPUT 1 "rst";
    .port_info 2 /INPUT 2 "button";
    .port_info 3 /INPUT 2 "switch";
    .port_info 4 /INPUT 1 "uart_rx";
    .port_info 5 /OUTPUT 7 "seg_hour_high";
    .port_info 6 /OUTPUT 7 "seg_hour_low";
    .port_info 7 /OUTPUT 7 "seg_min_high";
    .port_info 8 /OUTPUT 7 "seg_min_low";
    .port_info 9 /OUTPUT 6 "leds";
o0x118020010 .functor BUFZ 2, C4<zz>; HiZ drive
v0x131627340_0 .net "button", 1 0, o0x118020010;  0 drivers
o0x118020040 .functor BUFZ 1, C4<z>; HiZ drive
v0x131627430_0 .net "clk", 0 0, o0x118020040;  0 drivers
v0x131627500_0 .net "day", 4 0, v0x131624e60_0;  1 drivers
v0x131627590_0 .var "fast", 0 0;
v0x131627640_0 .net "hour", 7 0, v0x131625090_0;  1 drivers
v0x131627710_0 .var "leds", 5 0;
v0x1316277a0_0 .net "minute", 7 0, v0x131625140_0;  1 drivers
v0x131627850_0 .net "month", 3 0, v0x131625250_0;  1 drivers
v0x131627900_0 .var "pause", 0 0;
o0x118020220 .functor BUFZ 1, C4<z>; HiZ drive
v0x131627a30_0 .net "rst", 0 0, o0x118020220;  0 drivers
v0x131627ac0_0 .net "second", 7 0, v0x1316254e0_0;  1 drivers
v0x131627b50_0 .net "seg_hour_high", 6 0, v0x131625c70_0;  1 drivers
v0x131627c00_0 .net "seg_hour_low", 6 0, v0x131626070_0;  1 drivers
v0x131627cb0_0 .net "seg_min_high", 6 0, v0x131626460_0;  1 drivers
v0x131627d60_0 .net "seg_min_low", 6 0, v0x131626890_0;  1 drivers
o0x118020ac0 .functor BUFZ 2, C4<zz>; HiZ drive
v0x131627e10_0 .net "switch", 1 0, o0x118020ac0;  0 drivers
v0x131627ea0_0 .net "uart_data", 7 0, v0x131627060_0;  1 drivers
o0x1180209a0 .functor BUFZ 1, C4<z>; HiZ drive
v0x131628070_0 .net "uart_rx", 0 0, o0x1180209a0;  0 drivers
v0x131628100_0 .net "uart_valid", 0 0, v0x131627130_0;  1 drivers
v0x131628190_0 .net "year", 11 0, v0x131625870_0;  1 drivers
L_0x1316282b0 .part v0x131625090_0, 4, 4;
L_0x131628370 .part v0x131625090_0, 0, 4;
L_0x131628410 .part v0x131625140_0, 4, 4;
L_0x131628510 .part v0x131625140_0, 0, 4;
S_0x131615190 .scope module, "clock_cal" "clock_calendar" 3 32, 4 1 0, S_0x1316062f0;
 .timescale 0 0;
    .port_info 0 /INPUT 1 "clk";
    .port_info 1 /INPUT 1 "rst";
    .port_info 2 /INPUT 1 "pause";
    .port_info 3 /INPUT 1 "fast";
    .port_info 4 /INPUT 2 "adjust_hour";
    .port_info 5 /INPUT 2 "adjust_minute";
    .port_info 6 /INPUT 8 "uart_data";
    .port_info 7 /INPUT 1 "uart_valid";
    .port_info 8 /OUTPUT 8 "hour";
    .port_info 9 /OUTPUT 8 "minute";
    .port_info 10 /OUTPUT 8 "second";
    .port_info 11 /OUTPUT 5 "day";
    .port_info 12 /OUTPUT 4 "month";
    .port_info 13 /OUTPUT 12 "year";
v0x131614ed0_0 .net "adjust_hour", 1 0, o0x118020010;  alias, 0 drivers
v0x131624c70_0 .net "adjust_minute", 1 0, o0x118020010;  alias, 0 drivers
v0x131624d10_0 .net "clk", 0 0, o0x118020040;  alias, 0 drivers
v0x131624dc0_0 .var "counter", 7 0;
v0x131624e60_0 .var "day", 4 0;
v0x131624f50_0 .net "fast", 0 0, v0x131627590_0;  1 drivers
v0x131624ff0_0 .var "fast_reg", 0 0;
v0x131625090_0 .var "hour", 7 0;
v0x131625140_0 .var "minute", 7 0;
v0x131625250_0 .var "month", 3 0;
v0x131625300_0 .net "pause", 0 0, v0x131627900_0;  1 drivers
v0x1316253a0_0 .var "pause_reg", 0 0;
v0x131625440_0 .net "rst", 0 0, o0x118020220;  alias, 0 drivers
v0x1316254e0_0 .var "second", 7 0;
v0x131625590_0 .var "tick", 0 0;
v0x131625630_0 .net "uart_data", 7 0, v0x131627060_0;  alias, 1 drivers
v0x1316256e0_0 .net "uart_valid", 0 0, v0x131627130_0;  alias, 1 drivers
v0x131625870_0 .var "year", 11 0;
E_0x131606fe0 .event posedge, v0x131624d10_0;
S_0x131625a40 .scope module, "seg_hour_high_inst" "seven_segment" 3 49, 5 1 0, S_0x1316062f0;
 .timescale 0 0;
    .port_info 0 /INPUT 4 "digit";
    .port_info 1 /OUTPUT 7 "segments";
v0x131625bb0_0 .net "digit", 3 0, L_0x1316282b0;  1 drivers
v0x131625c70_0 .var "segments", 6 0;
E_0x131613fa0 .event anyedge, v0x131625bb0_0;
S_0x131625d50 .scope module, "seg_hour_low_inst" "seven_segment" 3 54, 5 1 0, S_0x1316062f0;
 .timescale 0 0;
    .port_info 0 /INPUT 4 "digit";
    .port_info 1 /OUTPUT 7 "segments";
v0x131625fb0_0 .net "digit", 3 0, L_0x131628370;  1 drivers
v0x131626070_0 .var "segments", 6 0;
E_0x131625f60 .event anyedge, v0x131625fb0_0;
S_0x131626150 .scope module, "seg_min_high_inst" "seven_segment" 3 59, 5 1 0, S_0x1316062f0;
 .timescale 0 0;
    .port_info 0 /INPUT 4 "digit";
    .port_info 1 /OUTPUT 7 "segments";
v0x1316263a0_0 .net "digit", 3 0, L_0x131628410;  1 drivers
v0x131626460_0 .var "segments", 6 0;
E_0x131626340 .event anyedge, v0x1316263a0_0;
S_0x131626540 .scope module, "seg_min_low_inst" "seven_segment" 3 64, 5 1 0, S_0x1316062f0;
 .timescale 0 0;
    .port_info 0 /INPUT 4 "digit";
    .port_info 1 /OUTPUT 7 "segments";
v0x1316267d0_0 .net "digit", 3 0, L_0x131628510;  1 drivers
v0x131626890_0 .var "segments", 6 0;
E_0x131626770 .event anyedge, v0x1316267d0_0;
S_0x131626950 .scope module, "uart_receiver" "uart_rx" 3 18, 6 1 0, S_0x1316062f0;
 .timescale 0 0;
    .port_info 0 /INPUT 1 "clk";
    .port_info 1 /INPUT 1 "rx";
    .port_info 2 /OUTPUT 8 "data_out";
    .port_info 3 /OUTPUT 1 "data_valid";
P_0x131626b10 .param/l "BAUD_COUNT" 0 6 9, +C4<00000000000000000001010001011000>;
P_0x131626b50 .param/l "BAUD_RATE" 0 6 7, +C4<00000000000000000010010110000000>;
P_0x131626b90 .param/l "CLK_FREQ" 0 6 8, +C4<00000010111110101111000010000000>;
v0x131626df0_0 .var "baud_counter", 15 0;
v0x131626ea0_0 .var "bit_counter", 3 0;
v0x131626f40_0 .net "clk", 0 0, o0x118020040;  alias, 0 drivers
v0x131626fd0_0 .var "data", 7 0;
v0x131627060_0 .var "data_out", 7 0;
v0x131627130_0 .var "data_valid", 0 0;
v0x1316271c0_0 .var "receiving", 0 0;
v0x131627250_0 .net "rx", 0 0, o0x1180209a0;  alias, 0 drivers
    .scope S_0x131626950;
T_0 ;
    %pushi/vec4 0, 0, 16;
    %store/vec4 v0x131626df0_0, 0, 16;
    %pushi/vec4 0, 0, 4;
    %store/vec4 v0x131626ea0_0, 0, 4;
    %pushi/vec4 0, 0, 8;
    %store/vec4 v0x131626fd0_0, 0, 8;
    %pushi/vec4 0, 0, 1;
    %store/vec4 v0x1316271c0_0, 0, 1;
    %end;
    .thread T_0, $init;
    .scope S_0x131626950;
T_1 ;
    %wait E_0x131606fe0;
    %load/vec4 v0x131627250_0;
    %nor/r;
    %flag_set/vec4 9;
    %flag_get/vec4 9;
    %jmp/0 T_1.2, 9;
    %load/vec4 v0x1316271c0_0;
    %nor/r;
    %and;
T_1.2;
    %flag_set/vec4 8;
    %jmp/0xz  T_1.0, 8;
    %pushi/vec4 1, 0, 1;
    %assign/vec4 v0x1316271c0_0, 0;
    %pushi/vec4 2604, 0, 16;
    %assign/vec4 v0x131626df0_0, 0;
    %jmp T_1.1;
T_1.0 ;
    %load/vec4 v0x1316271c0_0;
    %flag_set/vec4 8;
    %jmp/0xz  T_1.3, 8;
    %load/vec4 v0x131626df0_0;
    %pad/u 32;
    %cmpi/e 0, 0, 32;
    %jmp/0xz  T_1.5, 4;
    %pushi/vec4 5207, 0, 16;
    %assign/vec4 v0x131626df0_0, 0;
    %load/vec4 v0x131627250_0;
    %ix/load 5, 0, 0;
    %ix/getv 4, v0x131626ea0_0;
    %assign/vec4/off/d v0x131626fd0_0, 4, 5;
    %load/vec4 v0x131626ea0_0;
    %addi 1, 0, 4;
    %assign/vec4 v0x131626ea0_0, 0;
    %load/vec4 v0x131626ea0_0;
    %pad/u 32;
    %cmpi/e 7, 0, 32;
    %jmp/0xz  T_1.7, 4;
    %load/vec4 v0x131626fd0_0;
    %assign/vec4 v0x131627060_0, 0;
    %pushi/vec4 1, 0, 1;
    %assign/vec4 v0x131627130_0, 0;
    %pushi/vec4 0, 0, 1;
    %assign/vec4 v0x1316271c0_0, 0;
    %pushi/vec4 0, 0, 4;
    %assign/vec4 v0x131626ea0_0, 0;
T_1.7 ;
    %jmp T_1.6;
T_1.5 ;
    %load/vec4 v0x131626df0_0;
    %subi 1, 0, 16;
    %assign/vec4 v0x131626df0_0, 0;
T_1.6 ;
    %jmp T_1.4;
T_1.3 ;
    %pushi/vec4 0, 0, 1;
    %assign/vec4 v0x131627130_0, 0;
T_1.4 ;
T_1.1 ;
    %jmp T_1;
    .thread T_1;
    .scope S_0x131615190;
T_2 ;
    %pushi/vec4 0, 0, 8;
    %store/vec4 v0x131624dc0_0, 0, 8;
    %pushi/vec4 0, 0, 1;
    %store/vec4 v0x131625590_0, 0, 1;
    %pushi/vec4 0, 0, 1;
    %store/vec4 v0x1316253a0_0, 0, 1;
    %pushi/vec4 0, 0, 1;
    %store/vec4 v0x131624ff0_0, 0, 1;
    %end;
    .thread T_2, $init;
    .scope S_0x131615190;
T_3 ;
    %wait E_0x131606fe0;
    %load/vec4 v0x131625440_0;
    %flag_set/vec4 8;
    %jmp/0xz  T_3.0, 8;
    %pushi/vec4 18, 0, 8;
    %assign/vec4 v0x131625090_0, 0;
    %pushi/vec4 30, 0, 8;
    %assign/vec4 v0x131625140_0, 0;
    %pushi/vec4 0, 0, 8;
    %assign/vec4 v0x1316254e0_0, 0;
    %pushi/vec4 30, 0, 5;
    %assign/vec4 v0x131624e60_0, 0;
    %pushi/vec4 7, 0, 4;
    %assign/vec4 v0x131625250_0, 0;
    %pushi/vec4 2024, 0, 12;
    %assign/vec4 v0x131625870_0, 0;
    %pushi/vec4 0, 0, 1;
    %assign/vec4 v0x1316253a0_0, 0;
    %pushi/vec4 0, 0, 1;
    %assign/vec4 v0x131624ff0_0, 0;
    %jmp T_3.1;
T_3.0 ;
    %load/vec4 v0x1316253a0_0;
    %nor/r;
    %flag_set/vec4 8;
    %jmp/0xz  T_3.2, 8;
    %load/vec4 v0x131624dc0_0;
    %addi 1, 0, 8;
    %assign/vec4 v0x131624dc0_0, 0;
    %load/vec4 v0x131624ff0_0;
    %flag_set/vec4 8;
    %jmp/0 T_3.6, 8;
    %pushi/vec4 25, 0, 32;
    %jmp/1 T_3.7, 8;
T_3.6 ; End of true expr.
    %pushi/vec4 50, 0, 32;
    %jmp/0 T_3.7, 8;
 ; End of false expr.
    %blend;
T_3.7;
    %load/vec4 v0x131624dc0_0;
    %pad/u 32;
    %cmp/u;
    %flag_or 5, 4;
    %jmp/0xz  T_3.4, 5;
    %pushi/vec4 0, 0, 8;
    %assign/vec4 v0x131624dc0_0, 0;
    %pushi/vec4 1, 0, 1;
    %assign/vec4 v0x131625590_0, 0;
    %jmp T_3.5;
T_3.4 ;
    %pushi/vec4 0, 0, 1;
    %assign/vec4 v0x131625590_0, 0;
T_3.5 ;
    %load/vec4 v0x131625590_0;
    %flag_set/vec4 8;
    %jmp/0xz  T_3.8, 8;
    %load/vec4 v0x1316254e0_0;
    %addi 1, 0, 8;
    %assign/vec4 v0x1316254e0_0, 0;
    %load/vec4 v0x1316254e0_0;
    %pad/u 32;
    %cmpi/u 60, 0, 32;
    %flag_inv 5; GE is !LT
    %jmp/0xz  T_3.10, 5;
    %pushi/vec4 0, 0, 8;
    %assign/vec4 v0x1316254e0_0, 0;
    %load/vec4 v0x131625140_0;
    %addi 1, 0, 8;
    %assign/vec4 v0x131625140_0, 0;
T_3.10 ;
    %load/vec4 v0x131625140_0;
    %pad/u 32;
    %cmpi/u 60, 0, 32;
    %flag_inv 5; GE is !LT
    %jmp/0xz  T_3.12, 5;
    %pushi/vec4 0, 0, 8;
    %assign/vec4 v0x131625140_0, 0;
    %load/vec4 v0x131625090_0;
    %addi 1, 0, 8;
    %assign/vec4 v0x131625090_0, 0;
T_3.12 ;
    %load/vec4 v0x131625090_0;
    %pad/u 32;
    %cmpi/u 24, 0, 32;
    %flag_inv 5; GE is !LT
    %jmp/0xz  T_3.14, 5;
    %pushi/vec4 0, 0, 8;
    %assign/vec4 v0x131625090_0, 0;
    %load/vec4 v0x131624e60_0;
    %addi 1, 0, 5;
    %assign/vec4 v0x131624e60_0, 0;
T_3.14 ;
    %load/vec4 v0x131625250_0;
    %pad/u 32;
    %cmpi/e 4, 0, 32;
    %jmp/1 T_3.21, 4;
    %flag_mov 9, 4;
    %load/vec4 v0x131625250_0;
    %pad/u 32;
    %cmpi/e 6, 0, 32;
    %flag_or 4, 9;
T_3.21;
    %jmp/1 T_3.20, 4;
    %flag_mov 9, 4;
    %load/vec4 v0x131625250_0;
    %pad/u 32;
    %cmpi/e 9, 0, 32;
    %flag_or 4, 9;
T_3.20;
    %jmp/1 T_3.19, 4;
    %flag_mov 9, 4;
    %load/vec4 v0x131625250_0;
    %pad/u 32;
    %cmpi/e 11, 0, 32;
    %flag_or 4, 9;
T_3.19;
    %flag_get/vec4 4;
    %jmp/0 T_3.18, 4;
    %pushi/vec4 30, 0, 32;
    %load/vec4 v0x131624e60_0;
    %pad/u 32;
    %cmp/u;
    %flag_get/vec4 5;
    %and;
T_3.18;
    %flag_set/vec4 8;
    %jmp/0xz  T_3.16, 8;
    %pushi/vec4 1, 0, 5;
    %assign/vec4 v0x131624e60_0, 0;
    %load/vec4 v0x131625250_0;
    %addi 1, 0, 4;
    %assign/vec4 v0x131625250_0, 0;
    %jmp T_3.17;
T_3.16 ;
    %load/vec4 v0x131625250_0;
    %pad/u 32;
    %cmpi/e 1, 0, 32;
    %jmp/1 T_3.30, 4;
    %flag_mov 9, 4;
    %load/vec4 v0x131625250_0;
    %pad/u 32;
    %cmpi/e 3, 0, 32;
    %flag_or 4, 9;
T_3.30;
    %jmp/1 T_3.29, 4;
    %flag_mov 9, 4;
    %load/vec4 v0x131625250_0;
    %pad/u 32;
    %cmpi/e 5, 0, 32;
    %flag_or 4, 9;
T_3.29;
    %jmp/1 T_3.28, 4;
    %flag_mov 9, 4;
    %load/vec4 v0x131625250_0;
    %pad/u 32;
    %cmpi/e 7, 0, 32;
    %flag_or 4, 9;
T_3.28;
    %jmp/1 T_3.27, 4;
    %flag_mov 9, 4;
    %load/vec4 v0x131625250_0;
    %pad/u 32;
    %cmpi/e 8, 0, 32;
    %flag_or 4, 9;
T_3.27;
    %jmp/1 T_3.26, 4;
    %flag_mov 9, 4;
    %load/vec4 v0x131625250_0;
    %pad/u 32;
    %cmpi/e 10, 0, 32;
    %flag_or 4, 9;
T_3.26;
    %jmp/1 T_3.25, 4;
    %flag_mov 9, 4;
    %load/vec4 v0x131625250_0;
    %pad/u 32;
    %cmpi/e 12, 0, 32;
    %flag_or 4, 9;
T_3.25;
    %flag_get/vec4 4;
    %jmp/0 T_3.24, 4;
    %pushi/vec4 31, 0, 32;
    %load/vec4 v0x131624e60_0;
    %pad/u 32;
    %cmp/u;
    %flag_get/vec4 5;
    %and;
T_3.24;
    %flag_set/vec4 8;
    %jmp/0xz  T_3.22, 8;
    %pushi/vec4 1, 0, 5;
    %assign/vec4 v0x131624e60_0, 0;
    %load/vec4 v0x131625250_0;
    %pad/u 32;
    %cmpi/e 12, 0, 32;
    %jmp/0xz  T_3.31, 4;
    %pushi/vec4 1, 0, 4;
    %assign/vec4 v0x131625250_0, 0;
    %load/vec4 v0x131625870_0;
    %addi 1, 0, 12;
    %assign/vec4 v0x131625870_0, 0;
    %jmp T_3.32;
T_3.31 ;
    %load/vec4 v0x131625250_0;
    %addi 1, 0, 4;
    %assign/vec4 v0x131625250_0, 0;
T_3.32 ;
    %jmp T_3.23;
T_3.22 ;
    %load/vec4 v0x131625250_0;
    %pad/u 32;
    %cmpi/e 2, 0, 32;
    %jmp/0xz  T_3.33, 4;
    %load/vec4 v0x131625870_0;
    %pad/u 32;
    %pushi/vec4 4, 0, 32;
    %mod;
    %cmpi/e 0, 0, 32;
    %flag_get/vec4 4;
    %jmp/0 T_3.38, 4;
    %load/vec4 v0x131625870_0;
    %pad/u 32;
    %pushi/vec4 100, 0, 32;
    %mod;
    %pushi/vec4 0, 0, 32;
    %cmp/ne;
    %flag_get/vec4 4;
    %and;
T_3.38;
    %flag_set/vec4 8;
    %jmp/1 T_3.37, 8;
    %load/vec4 v0x131625870_0;
    %pad/u 32;
    %pushi/vec4 400, 0, 32;
    %mod;
    %cmpi/e 0, 0, 32;
    %flag_or 8, 4;
T_3.37;
    %jmp/0xz  T_3.35, 8;
    %load/vec4 v0x131624e60_0;
    %pad/u 32;
    %cmpi/u 29, 0, 32;
    %flag_or 5, 4; GT is !LE
    %flag_inv 5;
    %jmp/0xz  T_3.39, 5;
    %pushi/vec4 1, 0, 5;
    %assign/vec4 v0x131624e60_0, 0;
    %load/vec4 v0x131625250_0;
    %addi 1, 0, 4;
    %assign/vec4 v0x131625250_0, 0;
T_3.39 ;
    %jmp T_3.36;
T_3.35 ;
    %load/vec4 v0x131624e60_0;
    %pad/u 32;
    %cmpi/u 28, 0, 32;
    %flag_or 5, 4; GT is !LE
    %flag_inv 5;
    %jmp/0xz  T_3.41, 5;
    %pushi/vec4 1, 0, 5;
    %assign/vec4 v0x131624e60_0, 0;
    %load/vec4 v0x131625250_0;
    %addi 1, 0, 4;
    %assign/vec4 v0x131625250_0, 0;
T_3.41 ;
T_3.36 ;
T_3.33 ;
T_3.23 ;
T_3.17 ;
T_3.8 ;
T_3.2 ;
T_3.1 ;
    %load/vec4 v0x131614ed0_0;
    %cmpi/e 1, 0, 2;
    %jmp/0xz  T_3.43, 4;
    %load/vec4 v0x131625090_0;
    %addi 1, 0, 8;
    %assign/vec4 v0x131625090_0, 0;
    %jmp T_3.44;
T_3.43 ;
    %load/vec4 v0x131614ed0_0;
    %cmpi/e 2, 0, 2;
    %jmp/0xz  T_3.45, 4;
    %load/vec4 v0x131625090_0;
    %subi 1, 0, 8;
    %assign/vec4 v0x131625090_0, 0;
T_3.45 ;
T_3.44 ;
    %load/vec4 v0x131624c70_0;
    %cmpi/e 1, 0, 2;
    %jmp/0xz  T_3.47, 4;
    %load/vec4 v0x131625140_0;
    %addi 1, 0, 8;
    %assign/vec4 v0x131625140_0, 0;
    %jmp T_3.48;
T_3.47 ;
    %load/vec4 v0x131624c70_0;
    %cmpi/e 2, 0, 2;
    %jmp/0xz  T_3.49, 4;
    %load/vec4 v0x131625140_0;
    %subi 1, 0, 8;
    %assign/vec4 v0x131625140_0, 0;
T_3.49 ;
T_3.48 ;
    %load/vec4 v0x1316256e0_0;
    %flag_set/vec4 8;
    %jmp/0xz  T_3.51, 8;
    %load/vec4 v0x131625630_0;
    %pushi/vec4 83, 0, 8; draw_string_vec4
    %cmp/e;
    %jmp/0xz  T_3.53, 4;
    %load/vec4 v0x1316253a0_0;
    %nor/r;
    %assign/vec4 v0x1316253a0_0, 0;
    %jmp T_3.54;
T_3.53 ;
    %load/vec4 v0x131625630_0;
    %pushi/vec4 82, 0, 8; draw_string_vec4
    %cmp/e;
    %jmp/0xz  T_3.55, 4;
    %pushi/vec4 18, 0, 8;
    %assign/vec4 v0x131625090_0, 0;
    %pushi/vec4 30, 0, 8;
    %assign/vec4 v0x131625140_0, 0;
    %pushi/vec4 0, 0, 8;
    %assign/vec4 v0x1316254e0_0, 0;
    %pushi/vec4 30, 0, 5;
    %assign/vec4 v0x131624e60_0, 0;
    %pushi/vec4 7, 0, 4;
    %assign/vec4 v0x131625250_0, 0;
    %pushi/vec4 2024, 0, 12;
    %assign/vec4 v0x131625870_0, 0;
T_3.55 ;
T_3.54 ;
T_3.51 ;
    %jmp T_3;
    .thread T_3;
    .scope S_0x131625a40;
T_4 ;
    %wait E_0x131613fa0;
    %load/vec4 v0x131625bb0_0;
    %dup/vec4;
    %pushi/vec4 0, 0, 4;
    %cmp/u;
    %jmp/1 T_4.0, 6;
    %dup/vec4;
    %pushi/vec4 1, 0, 4;
    %cmp/u;
    %jmp/1 T_4.1, 6;
    %dup/vec4;
    %pushi/vec4 2, 0, 4;
    %cmp/u;
    %jmp/1 T_4.2, 6;
    %dup/vec4;
    %pushi/vec4 3, 0, 4;
    %cmp/u;
    %jmp/1 T_4.3, 6;
    %dup/vec4;
    %pushi/vec4 4, 0, 4;
    %cmp/u;
    %jmp/1 T_4.4, 6;
    %dup/vec4;
    %pushi/vec4 5, 0, 4;
    %cmp/u;
    %jmp/1 T_4.5, 6;
    %dup/vec4;
    %pushi/vec4 6, 0, 4;
    %cmp/u;
    %jmp/1 T_4.6, 6;
    %dup/vec4;
    %pushi/vec4 7, 0, 4;
    %cmp/u;
    %jmp/1 T_4.7, 6;
    %dup/vec4;
    %pushi/vec4 8, 0, 4;
    %cmp/u;
    %jmp/1 T_4.8, 6;
    %dup/vec4;
    %pushi/vec4 9, 0, 4;
    %cmp/u;
    %jmp/1 T_4.9, 6;
    %pushi/vec4 127, 0, 7;
    %store/vec4 v0x131625c70_0, 0, 7;
    %jmp T_4.11;
T_4.0 ;
    %pushi/vec4 64, 0, 7;
    %store/vec4 v0x131625c70_0, 0, 7;
    %jmp T_4.11;
T_4.1 ;
    %pushi/vec4 121, 0, 7;
    %store/vec4 v0x131625c70_0, 0, 7;
    %jmp T_4.11;
T_4.2 ;
    %pushi/vec4 36, 0, 7;
    %store/vec4 v0x131625c70_0, 0, 7;
    %jmp T_4.11;
T_4.3 ;
    %pushi/vec4 48, 0, 7;
    %store/vec4 v0x131625c70_0, 0, 7;
    %jmp T_4.11;
T_4.4 ;
    %pushi/vec4 25, 0, 7;
    %store/vec4 v0x131625c70_0, 0, 7;
    %jmp T_4.11;
T_4.5 ;
    %pushi/vec4 18, 0, 7;
    %store/vec4 v0x131625c70_0, 0, 7;
    %jmp T_4.11;
T_4.6 ;
    %pushi/vec4 2, 0, 7;
    %store/vec4 v0x131625c70_0, 0, 7;
    %jmp T_4.11;
T_4.7 ;
    %pushi/vec4 120, 0, 7;
    %store/vec4 v0x131625c70_0, 0, 7;
    %jmp T_4.11;
T_4.8 ;
    %pushi/vec4 0, 0, 7;
    %store/vec4 v0x131625c70_0, 0, 7;
    %jmp T_4.11;
T_4.9 ;
    %pushi/vec4 16, 0, 7;
    %store/vec4 v0x131625c70_0, 0, 7;
    %jmp T_4.11;
T_4.11 ;
    %pop/vec4 1;
    %jmp T_4;
    .thread T_4, $push;
    .scope S_0x131625d50;
T_5 ;
    %wait E_0x131625f60;
    %load/vec4 v0x131625fb0_0;
    %dup/vec4;
    %pushi/vec4 0, 0, 4;
    %cmp/u;
    %jmp/1 T_5.0, 6;
    %dup/vec4;
    %pushi/vec4 1, 0, 4;
    %cmp/u;
    %jmp/1 T_5.1, 6;
    %dup/vec4;
    %pushi/vec4 2, 0, 4;
    %cmp/u;
    %jmp/1 T_5.2, 6;
    %dup/vec4;
    %pushi/vec4 3, 0, 4;
    %cmp/u;
    %jmp/1 T_5.3, 6;
    %dup/vec4;
    %pushi/vec4 4, 0, 4;
    %cmp/u;
    %jmp/1 T_5.4, 6;
    %dup/vec4;
    %pushi/vec4 5, 0, 4;
    %cmp/u;
    %jmp/1 T_5.5, 6;
    %dup/vec4;
    %pushi/vec4 6, 0, 4;
    %cmp/u;
    %jmp/1 T_5.6, 6;
    %dup/vec4;
    %pushi/vec4 7, 0, 4;
    %cmp/u;
    %jmp/1 T_5.7, 6;
    %dup/vec4;
    %pushi/vec4 8, 0, 4;
    %cmp/u;
    %jmp/1 T_5.8, 6;
    %dup/vec4;
    %pushi/vec4 9, 0, 4;
    %cmp/u;
    %jmp/1 T_5.9, 6;
    %pushi/vec4 127, 0, 7;
    %store/vec4 v0x131626070_0, 0, 7;
    %jmp T_5.11;
T_5.0 ;
    %pushi/vec4 64, 0, 7;
    %store/vec4 v0x131626070_0, 0, 7;
    %jmp T_5.11;
T_5.1 ;
    %pushi/vec4 121, 0, 7;
    %store/vec4 v0x131626070_0, 0, 7;
    %jmp T_5.11;
T_5.2 ;
    %pushi/vec4 36, 0, 7;
    %store/vec4 v0x131626070_0, 0, 7;
    %jmp T_5.11;
T_5.3 ;
    %pushi/vec4 48, 0, 7;
    %store/vec4 v0x131626070_0, 0, 7;
    %jmp T_5.11;
T_5.4 ;
    %pushi/vec4 25, 0, 7;
    %store/vec4 v0x131626070_0, 0, 7;
    %jmp T_5.11;
T_5.5 ;
    %pushi/vec4 18, 0, 7;
    %store/vec4 v0x131626070_0, 0, 7;
    %jmp T_5.11;
T_5.6 ;
    %pushi/vec4 2, 0, 7;
    %store/vec4 v0x131626070_0, 0, 7;
    %jmp T_5.11;
T_5.7 ;
    %pushi/vec4 120, 0, 7;
    %store/vec4 v0x131626070_0, 0, 7;
    %jmp T_5.11;
T_5.8 ;
    %pushi/vec4 0, 0, 7;
    %store/vec4 v0x131626070_0, 0, 7;
    %jmp T_5.11;
T_5.9 ;
    %pushi/vec4 16, 0, 7;
    %store/vec4 v0x131626070_0, 0, 7;
    %jmp T_5.11;
T_5.11 ;
    %pop/vec4 1;
    %jmp T_5;
    .thread T_5, $push;
    .scope S_0x131626150;
T_6 ;
    %wait E_0x131626340;
    %load/vec4 v0x1316263a0_0;
    %dup/vec4;
    %pushi/vec4 0, 0, 4;
    %cmp/u;
    %jmp/1 T_6.0, 6;
    %dup/vec4;
    %pushi/vec4 1, 0, 4;
    %cmp/u;
    %jmp/1 T_6.1, 6;
    %dup/vec4;
    %pushi/vec4 2, 0, 4;
    %cmp/u;
    %jmp/1 T_6.2, 6;
    %dup/vec4;
    %pushi/vec4 3, 0, 4;
    %cmp/u;
    %jmp/1 T_6.3, 6;
    %dup/vec4;
    %pushi/vec4 4, 0, 4;
    %cmp/u;
    %jmp/1 T_6.4, 6;
    %dup/vec4;
    %pushi/vec4 5, 0, 4;
    %cmp/u;
    %jmp/1 T_6.5, 6;
    %dup/vec4;
    %pushi/vec4 6, 0, 4;
    %cmp/u;
    %jmp/1 T_6.6, 6;
    %dup/vec4;
    %pushi/vec4 7, 0, 4;
    %cmp/u;
    %jmp/1 T_6.7, 6;
    %dup/vec4;
    %pushi/vec4 8, 0, 4;
    %cmp/u;
    %jmp/1 T_6.8, 6;
    %dup/vec4;
    %pushi/vec4 9, 0, 4;
    %cmp/u;
    %jmp/1 T_6.9, 6;
    %pushi/vec4 127, 0, 7;
    %store/vec4 v0x131626460_0, 0, 7;
    %jmp T_6.11;
T_6.0 ;
    %pushi/vec4 64, 0, 7;
    %store/vec4 v0x131626460_0, 0, 7;
    %jmp T_6.11;
T_6.1 ;
    %pushi/vec4 121, 0, 7;
    %store/vec4 v0x131626460_0, 0, 7;
    %jmp T_6.11;
T_6.2 ;
    %pushi/vec4 36, 0, 7;
    %store/vec4 v0x131626460_0, 0, 7;
    %jmp T_6.11;
T_6.3 ;
    %pushi/vec4 48, 0, 7;
    %store/vec4 v0x131626460_0, 0, 7;
    %jmp T_6.11;
T_6.4 ;
    %pushi/vec4 25, 0, 7;
    %store/vec4 v0x131626460_0, 0, 7;
    %jmp T_6.11;
T_6.5 ;
    %pushi/vec4 18, 0, 7;
    %store/vec4 v0x131626460_0, 0, 7;
    %jmp T_6.11;
T_6.6 ;
    %pushi/vec4 2, 0, 7;
    %store/vec4 v0x131626460_0, 0, 7;
    %jmp T_6.11;
T_6.7 ;
    %pushi/vec4 120, 0, 7;
    %store/vec4 v0x131626460_0, 0, 7;
    %jmp T_6.11;
T_6.8 ;
    %pushi/vec4 0, 0, 7;
    %store/vec4 v0x131626460_0, 0, 7;
    %jmp T_6.11;
T_6.9 ;
    %pushi/vec4 16, 0, 7;
    %store/vec4 v0x131626460_0, 0, 7;
    %jmp T_6.11;
T_6.11 ;
    %pop/vec4 1;
    %jmp T_6;
    .thread T_6, $push;
    .scope S_0x131626540;
T_7 ;
    %wait E_0x131626770;
    %load/vec4 v0x1316267d0_0;
    %dup/vec4;
    %pushi/vec4 0, 0, 4;
    %cmp/u;
    %jmp/1 T_7.0, 6;
    %dup/vec4;
    %pushi/vec4 1, 0, 4;
    %cmp/u;
    %jmp/1 T_7.1, 6;
    %dup/vec4;
    %pushi/vec4 2, 0, 4;
    %cmp/u;
    %jmp/1 T_7.2, 6;
    %dup/vec4;
    %pushi/vec4 3, 0, 4;
    %cmp/u;
    %jmp/1 T_7.3, 6;
    %dup/vec4;
    %pushi/vec4 4, 0, 4;
    %cmp/u;
    %jmp/1 T_7.4, 6;
    %dup/vec4;
    %pushi/vec4 5, 0, 4;
    %cmp/u;
    %jmp/1 T_7.5, 6;
    %dup/vec4;
    %pushi/vec4 6, 0, 4;
    %cmp/u;
    %jmp/1 T_7.6, 6;
    %dup/vec4;
    %pushi/vec4 7, 0, 4;
    %cmp/u;
    %jmp/1 T_7.7, 6;
    %dup/vec4;
    %pushi/vec4 8, 0, 4;
    %cmp/u;
    %jmp/1 T_7.8, 6;
    %dup/vec4;
    %pushi/vec4 9, 0, 4;
    %cmp/u;
    %jmp/1 T_7.9, 6;
    %pushi/vec4 127, 0, 7;
    %store/vec4 v0x131626890_0, 0, 7;
    %jmp T_7.11;
T_7.0 ;
    %pushi/vec4 64, 0, 7;
    %store/vec4 v0x131626890_0, 0, 7;
    %jmp T_7.11;
T_7.1 ;
    %pushi/vec4 121, 0, 7;
    %store/vec4 v0x131626890_0, 0, 7;
    %jmp T_7.11;
T_7.2 ;
    %pushi/vec4 36, 0, 7;
    %store/vec4 v0x131626890_0, 0, 7;
    %jmp T_7.11;
T_7.3 ;
    %pushi/vec4 48, 0, 7;
    %store/vec4 v0x131626890_0, 0, 7;
    %jmp T_7.11;
T_7.4 ;
    %pushi/vec4 25, 0, 7;
    %store/vec4 v0x131626890_0, 0, 7;
    %jmp T_7.11;
T_7.5 ;
    %pushi/vec4 18, 0, 7;
    %store/vec4 v0x131626890_0, 0, 7;
    %jmp T_7.11;
T_7.6 ;
    %pushi/vec4 2, 0, 7;
    %store/vec4 v0x131626890_0, 0, 7;
    %jmp T_7.11;
T_7.7 ;
    %pushi/vec4 120, 0, 7;
    %store/vec4 v0x131626890_0, 0, 7;
    %jmp T_7.11;
T_7.8 ;
    %pushi/vec4 0, 0, 7;
    %store/vec4 v0x131626890_0, 0, 7;
    %jmp T_7.11;
T_7.9 ;
    %pushi/vec4 16, 0, 7;
    %store/vec4 v0x131626890_0, 0, 7;
    %jmp T_7.11;
T_7.11 ;
    %pop/vec4 1;
    %jmp T_7;
    .thread T_7, $push;
    .scope S_0x1316062f0;
T_8 ;
    %pushi/vec4 0, 0, 1;
    %store/vec4 v0x131627900_0, 0, 1;
    %pushi/vec4 0, 0, 1;
    %store/vec4 v0x131627590_0, 0, 1;
    %end;
    .thread T_8, $init;
    .scope S_0x1316062f0;
T_9 ;
    %wait E_0x131606fe0;
    %load/vec4 v0x131627a30_0;
    %flag_set/vec4 8;
    %jmp/0xz  T_9.0, 8;
    %pushi/vec4 0, 0, 6;
    %assign/vec4 v0x131627710_0, 0;
    %jmp T_9.1;
T_9.0 ;
    %load/vec4 v0x131627ac0_0;
    %pad/u 32;
    %pushi/vec4 2, 0, 32;
    %mod;
    %pad/u 1;
    %ix/load 4, 0, 0;
    %ix/load 5, 0, 0;
    %flag_set/imm 4, 0;
    %assign/vec4/off/d v0x131627710_0, 4, 5;
    %load/vec4 v0x131627900_0;
    %ix/load 4, 1, 0;
    %ix/load 5, 0, 0;
    %flag_set/imm 4, 0;
    %assign/vec4/off/d v0x131627710_0, 4, 5;
    %load/vec4 v0x131627590_0;
    %ix/load 4, 2, 0;
    %ix/load 5, 0, 0;
    %flag_set/imm 4, 0;
    %assign/vec4/off/d v0x131627710_0, 4, 5;
T_9.1 ;
    %jmp T_9;
    .thread T_9;
# The file index is used to find the file name in the following table.
:file_names 7;
    "N/A";
    "<interactive>";
    "-";
    "digital_clock.v";
    "./clock_calendar.v";
    "./seven_segment.v";
    "./uart_rx.v";
