#! /opt/homebrew/Cellar/icarus-verilog/12.0/bin/vvp
:ivl_version "12.0 (stable)";
:ivl_delay_selection "TYPICAL";
:vpi_time_precision + 0;
:vpi_module "/opt/homebrew/Cellar/icarus-verilog/12.0/lib/ivl/system.vpi";
:vpi_module "/opt/homebrew/Cellar/icarus-verilog/12.0/lib/ivl/vhdl_sys.vpi";
:vpi_module "/opt/homebrew/Cellar/icarus-verilog/12.0/lib/ivl/vhdl_textio.vpi";
:vpi_module "/opt/homebrew/Cellar/icarus-verilog/12.0/lib/ivl/v2005_math.vpi";
:vpi_module "/opt/homebrew/Cellar/icarus-verilog/12.0/lib/ivl/va_math.vpi";
S_0x152e0b1d0 .scope module, "seven_segment" "seven_segment" 2 1;
 .timescale 0 0;
    .port_info 0 /INPUT 4 "digit";
    .port_info 1 /OUTPUT 7 "segments";
o0x158040010 .functor BUFZ 4, C4<zzzz>; HiZ drive
v0x152e07690_0 .net "digit", 3 0, o0x158040010;  0 drivers
v0x152e1b230_0 .var "segments", 6 0;
E_0x152e07e60 .event anyedge, v0x152e07690_0;
    .scope S_0x152e0b1d0;
T_0 ;
    %wait E_0x152e07e60;
    %load/vec4 v0x152e07690_0;
    %dup/vec4;
    %pushi/vec4 0, 0, 4;
    %cmp/u;
    %jmp/1 T_0.0, 6;
    %dup/vec4;
    %pushi/vec4 1, 0, 4;
    %cmp/u;
    %jmp/1 T_0.1, 6;
    %dup/vec4;
    %pushi/vec4 2, 0, 4;
    %cmp/u;
    %jmp/1 T_0.2, 6;
    %dup/vec4;
    %pushi/vec4 3, 0, 4;
    %cmp/u;
    %jmp/1 T_0.3, 6;
    %dup/vec4;
    %pushi/vec4 4, 0, 4;
    %cmp/u;
    %jmp/1 T_0.4, 6;
    %dup/vec4;
    %pushi/vec4 5, 0, 4;
    %cmp/u;
    %jmp/1 T_0.5, 6;
    %dup/vec4;
    %pushi/vec4 6, 0, 4;
    %cmp/u;
    %jmp/1 T_0.6, 6;
    %dup/vec4;
    %pushi/vec4 7, 0, 4;
    %cmp/u;
    %jmp/1 T_0.7, 6;
    %dup/vec4;
    %pushi/vec4 8, 0, 4;
    %cmp/u;
    %jmp/1 T_0.8, 6;
    %dup/vec4;
    %pushi/vec4 9, 0, 4;
    %cmp/u;
    %jmp/1 T_0.9, 6;
    %pushi/vec4 127, 0, 7;
    %store/vec4 v0x152e1b230_0, 0, 7;
    %jmp T_0.11;
T_0.0 ;
    %pushi/vec4 64, 0, 7;
    %store/vec4 v0x152e1b230_0, 0, 7;
    %jmp T_0.11;
T_0.1 ;
    %pushi/vec4 121, 0, 7;
    %store/vec4 v0x152e1b230_0, 0, 7;
    %jmp T_0.11;
T_0.2 ;
    %pushi/vec4 36, 0, 7;
    %store/vec4 v0x152e1b230_0, 0, 7;
    %jmp T_0.11;
T_0.3 ;
    %pushi/vec4 48, 0, 7;
    %store/vec4 v0x152e1b230_0, 0, 7;
    %jmp T_0.11;
T_0.4 ;
    %pushi/vec4 25, 0, 7;
    %store/vec4 v0x152e1b230_0, 0, 7;
    %jmp T_0.11;
T_0.5 ;
    %pushi/vec4 18, 0, 7;
    %store/vec4 v0x152e1b230_0, 0, 7;
    %jmp T_0.11;
T_0.6 ;
    %pushi/vec4 2, 0, 7;
    %store/vec4 v0x152e1b230_0, 0, 7;
    %jmp T_0.11;
T_0.7 ;
    %pushi/vec4 120, 0, 7;
    %store/vec4 v0x152e1b230_0, 0, 7;
    %jmp T_0.11;
T_0.8 ;
    %pushi/vec4 0, 0, 7;
    %store/vec4 v0x152e1b230_0, 0, 7;
    %jmp T_0.11;
T_0.9 ;
    %pushi/vec4 16, 0, 7;
    %store/vec4 v0x152e1b230_0, 0, 7;
    %jmp T_0.11;
T_0.11 ;
    %pop/vec4 1;
    %jmp T_0;
    .thread T_0, $push;
# The file index is used to find the file name in the following table.
:file_names 3;
    "N/A";
    "<interactive>";
    "seven_segment.v";
