#! /opt/homebrew/Cellar/icarus-verilog/12.0/bin/vvp
:ivl_version "12.0 (stable)";
:ivl_delay_selection "TYPICAL";
:vpi_time_precision + 0;
:vpi_module "/opt/homebrew/Cellar/icarus-verilog/12.0/lib/ivl/system.vpi";
:vpi_module "/opt/homebrew/Cellar/icarus-verilog/12.0/lib/ivl/vhdl_sys.vpi";
:vpi_module "/opt/homebrew/Cellar/icarus-verilog/12.0/lib/ivl/vhdl_textio.vpi";
:vpi_module "/opt/homebrew/Cellar/icarus-verilog/12.0/lib/ivl/v2005_math.vpi";
:vpi_module "/opt/homebrew/Cellar/icarus-verilog/12.0/lib/ivl/va_math.vpi";
S_0x11fe075c0 .scope module, "uart_rx" "uart_rx" 2 1;
 .timescale 0 0;
    .port_info 0 /INPUT 1 "clk";
    .port_info 1 /INPUT 1 "rx";
    .port_info 2 /OUTPUT 8 "data_out";
    .port_info 3 /OUTPUT 1 "data_valid";
P_0x11fe0ec40 .param/l "BAUD_COUNT" 0 2 9, +C4<00000000000000000001010001011000>;
P_0x11fe0ec80 .param/l "BAUD_RATE" 0 2 7, +C4<00000000000000000010010110000000>;
P_0x11fe0ecc0 .param/l "CLK_FREQ" 0 2 8, +C4<00000010111110101111000010000000>;
v0x11fe07730_0 .var "baud_counter", 15 0;
v0x11fe1eab0_0 .var "bit_counter", 3 0;
o0x110040070 .functor BUFZ 1, C4<z>; HiZ drive
v0x11fe1eb50_0 .net "clk", 0 0, o0x110040070;  0 drivers
v0x11fe1ec00_0 .var "data", 7 0;
v0x11fe1eca0_0 .var "data_out", 7 0;
v0x11fe1ed90_0 .var "data_valid", 0 0;
v0x11fe1ee30_0 .var "receiving", 0 0;
o0x110040160 .functor BUFZ 1, C4<z>; HiZ drive
v0x11fe1eed0_0 .net "rx", 0 0, o0x110040160;  0 drivers
E_0x11fe090d0 .event posedge, v0x11fe1eb50_0;
    .scope S_0x11fe075c0;
T_0 ;
    %pushi/vec4 0, 0, 16;
    %store/vec4 v0x11fe07730_0, 0, 16;
    %pushi/vec4 0, 0, 4;
    %store/vec4 v0x11fe1eab0_0, 0, 4;
    %pushi/vec4 0, 0, 8;
    %store/vec4 v0x11fe1ec00_0, 0, 8;
    %pushi/vec4 0, 0, 1;
    %store/vec4 v0x11fe1ee30_0, 0, 1;
    %end;
    .thread T_0;
    .scope S_0x11fe075c0;
T_1 ;
    %wait E_0x11fe090d0;
    %load/vec4 v0x11fe1eed0_0;
    %nor/r;
    %flag_set/vec4 9;
    %flag_get/vec4 9;
    %jmp/0 T_1.2, 9;
    %load/vec4 v0x11fe1ee30_0;
    %nor/r;
    %and;
T_1.2;
    %flag_set/vec4 8;
    %jmp/0xz  T_1.0, 8;
    %pushi/vec4 1, 0, 1;
    %assign/vec4 v0x11fe1ee30_0, 0;
    %pushi/vec4 2604, 0, 16;
    %assign/vec4 v0x11fe07730_0, 0;
    %jmp T_1.1;
T_1.0 ;
    %load/vec4 v0x11fe1ee30_0;
    %flag_set/vec4 8;
    %jmp/0xz  T_1.3, 8;
    %load/vec4 v0x11fe07730_0;
    %pad/u 32;
    %cmpi/e 0, 0, 32;
    %jmp/0xz  T_1.5, 4;
    %pushi/vec4 5207, 0, 16;
    %assign/vec4 v0x11fe07730_0, 0;
    %load/vec4 v0x11fe1eed0_0;
    %ix/load 5, 0, 0;
    %ix/getv 4, v0x11fe1eab0_0;
    %assign/vec4/off/d v0x11fe1ec00_0, 4, 5;
    %load/vec4 v0x11fe1eab0_0;
    %addi 1, 0, 4;
    %assign/vec4 v0x11fe1eab0_0, 0;
    %load/vec4 v0x11fe1eab0_0;
    %pad/u 32;
    %cmpi/e 7, 0, 32;
    %jmp/0xz  T_1.7, 4;
    %load/vec4 v0x11fe1ec00_0;
    %assign/vec4 v0x11fe1eca0_0, 0;
    %pushi/vec4 1, 0, 1;
    %assign/vec4 v0x11fe1ed90_0, 0;
    %pushi/vec4 0, 0, 1;
    %assign/vec4 v0x11fe1ee30_0, 0;
    %pushi/vec4 0, 0, 4;
    %assign/vec4 v0x11fe1eab0_0, 0;
T_1.7 ;
    %jmp T_1.6;
T_1.5 ;
    %load/vec4 v0x11fe07730_0;
    %subi 1, 0, 16;
    %assign/vec4 v0x11fe07730_0, 0;
T_1.6 ;
    %jmp T_1.4;
T_1.3 ;
    %pushi/vec4 0, 0, 1;
    %assign/vec4 v0x11fe1ed90_0, 0;
T_1.4 ;
T_1.1 ;
    %jmp T_1;
    .thread T_1;
# The file index is used to find the file name in the following table.
:file_names 3;
    "N/A";
    "<interactive>";
    "uart_rx.v";
