#! /opt/homebrew/Cellar/icarus-verilog/12.0/bin/vvp
:ivl_version "12.0 (stable)";
:ivl_delay_selection "TYPICAL";
:vpi_time_precision + 0;
:vpi_module "/opt/homebrew/Cellar/icarus-verilog/12.0/lib/ivl/system.vpi";
:vpi_module "/opt/homebrew/Cellar/icarus-verilog/12.0/lib/ivl/vhdl_sys.vpi";
:vpi_module "/opt/homebrew/Cellar/icarus-verilog/12.0/lib/ivl/vhdl_textio.vpi";
:vpi_module "/opt/homebrew/Cellar/icarus-verilog/12.0/lib/ivl/v2005_math.vpi";
:vpi_module "/opt/homebrew/Cellar/icarus-verilog/12.0/lib/ivl/va_math.vpi";
S_0x1576075c0 .scope module, "uart_tx" "uart_tx" 2 1;
 .timescale 0 0;
    .port_info 0 /INPUT 1 "clk";
    .port_info 1 /INPUT 8 "data_in";
    .port_info 2 /INPUT 1 "send";
    .port_info 3 /OUTPUT 1 "tx";
    .port_info 4 /OUTPUT 1 "ready";
P_0x15760fd10 .param/l "BAUD_COUNT" 0 2 10, +C4<00000000000000000001010001011000>;
P_0x15760fd50 .param/l "BAUD_RATE" 0 2 8, +C4<00000000000000000010010110000000>;
P_0x15760fd90 .param/l "CLK_FREQ" 0 2 9, +C4<00000010111110101111000010000000>;
v0x15760fdd0_0 .var "baud_counter", 15 0;
v0x15761fb70_0 .var "bit_counter", 3 0;
o0x158040070 .functor BUFZ 1, C4<z>; HiZ drive
v0x15761fc10_0 .net "clk", 0 0, o0x158040070;  0 drivers
v0x15761fcc0_0 .var "data", 7 0;
o0x1580400d0 .functor BUFZ 8, C4<zzzzzzzz>; HiZ drive
v0x15761fd60_0 .net "data_in", 7 0, o0x1580400d0;  0 drivers
v0x15761fe50_0 .var "ready", 0 0;
o0x158040130 .functor BUFZ 1, C4<z>; HiZ drive
v0x15761fef0_0 .net "send", 0 0, o0x158040130;  0 drivers
v0x15761ff90_0 .var "sending", 0 0;
v0x157620030_0 .var "tx", 0 0;
E_0x157608150 .event posedge, v0x15761fc10_0;
    .scope S_0x1576075c0;
T_0 ;
    %pushi/vec4 0, 0, 16;
    %store/vec4 v0x15760fdd0_0, 0, 16;
    %pushi/vec4 0, 0, 4;
    %store/vec4 v0x15761fb70_0, 0, 4;
    %pushi/vec4 0, 0, 8;
    %store/vec4 v0x15761fcc0_0, 0, 8;
    %pushi/vec4 0, 0, 1;
    %store/vec4 v0x15761ff90_0, 0, 1;
    %end;
    .thread T_0;
    .scope S_0x1576075c0;
T_1 ;
    %wait E_0x157608150;
    %load/vec4 v0x15761fef0_0;
    %flag_set/vec4 9;
    %flag_get/vec4 9;
    %jmp/0 T_1.2, 9;
    %load/vec4 v0x15761fe50_0;
    %and;
T_1.2;
    %flag_set/vec4 8;
    %jmp/0xz  T_1.0, 8;
    %pushi/vec4 1, 0, 1;
    %assign/vec4 v0x15761ff90_0, 0;
    %pushi/vec4 0, 0, 1;
    %assign/vec4 v0x15761fe50_0, 0;
    %load/vec4 v0x15761fd60_0;
    %assign/vec4 v0x15761fcc0_0, 0;
    %pushi/vec4 0, 0, 1;
    %assign/vec4 v0x157620030_0, 0;
    %pushi/vec4 5207, 0, 16;
    %assign/vec4 v0x15760fdd0_0, 0;
    %jmp T_1.1;
T_1.0 ;
    %load/vec4 v0x15761ff90_0;
    %flag_set/vec4 8;
    %jmp/0xz  T_1.3, 8;
    %load/vec4 v0x15760fdd0_0;
    %pad/u 32;
    %cmpi/e 0, 0, 32;
    %jmp/0xz  T_1.5, 4;
    %pushi/vec4 5207, 0, 16;
    %assign/vec4 v0x15760fdd0_0, 0;
    %load/vec4 v0x15761fb70_0;
    %pad/u 32;
    %cmpi/u 8, 0, 32;
    %jmp/0xz  T_1.7, 5;
    %load/vec4 v0x15761fcc0_0;
    %load/vec4 v0x15761fb70_0;
    %part/u 1;
    %assign/vec4 v0x157620030_0, 0;
    %load/vec4 v0x15761fb70_0;
    %addi 1, 0, 4;
    %assign/vec4 v0x15761fb70_0, 0;
    %jmp T_1.8;
T_1.7 ;
    %load/vec4 v0x15761fb70_0;
    %pad/u 32;
    %cmpi/e 8, 0, 32;
    %jmp/0xz  T_1.9, 4;
    %pushi/vec4 1, 0, 1;
    %assign/vec4 v0x157620030_0, 0;
    %load/vec4 v0x15761fb70_0;
    %addi 1, 0, 4;
    %assign/vec4 v0x15761fb70_0, 0;
    %jmp T_1.10;
T_1.9 ;
    %pushi/vec4 0, 0, 1;
    %assign/vec4 v0x15761ff90_0, 0;
    %pushi/vec4 1, 0, 1;
    %assign/vec4 v0x15761fe50_0, 0;
    %pushi/vec4 0, 0, 4;
    %assign/vec4 v0x15761fb70_0, 0;
T_1.10 ;
T_1.8 ;
    %jmp T_1.6;
T_1.5 ;
    %load/vec4 v0x15760fdd0_0;
    %subi 1, 0, 16;
    %assign/vec4 v0x15760fdd0_0, 0;
T_1.6 ;
T_1.3 ;
T_1.1 ;
    %jmp T_1;
    .thread T_1;
# The file index is used to find the file name in the following table.
:file_names 3;
    "N/A";
    "<interactive>";
    "uart_tx.v";
