#! /opt/homebrew/Cellar/icarus-verilog/12.0/bin/vvp
:ivl_version "12.0 (stable)";
:ivl_delay_selection "TYPICAL";
:vpi_time_precision + 0;
:vpi_module "/opt/homebrew/Cellar/icarus-verilog/12.0/lib/ivl/system.vpi";
:vpi_module "/opt/homebrew/Cellar/icarus-verilog/12.0/lib/ivl/vhdl_sys.vpi";
:vpi_module "/opt/homebrew/Cellar/icarus-verilog/12.0/lib/ivl/vhdl_textio.vpi";
:vpi_module "/opt/homebrew/Cellar/icarus-verilog/12.0/lib/ivl/v2005_math.vpi";
:vpi_module "/opt/homebrew/Cellar/icarus-verilog/12.0/lib/ivl/va_math.vpi";
S_0x121e075d0 .scope module, "ardisik_konvolusyon_birimi" "ardisik_konvolusyon_birimi" 2 86;
 .timescale 0 0;
    .port_info 0 /INPUT 1 "saat";
    .port_info 1 /INPUT 1 "reset";
    .port_info 2 /INPUT 1 "basla";
    .port_info 3 /INPUT 128 "matris";
    .port_info 4 /INPUT 72 "filtre1";
    .port_info 5 /INPUT 72 "filtre2";
    .port_info 6 /OUTPUT 128 "sonuc";
    .port_info 7 /OUTPUT 1 "hazir";
o0x128040010 .functor BUFZ 1, C4<z>; HiZ drive
v0x1228040e0_0 .net "basla", 0 0, o0x128040010;  0 drivers
o0x128040070 .functor BUFZ 72, C4<zzzzzzzzzzzzzzzzzzzzzzzzzzzzzzzzzzzzzzzzzzzzzzzzzzzzzzzzzzzzzzzzzzzzzzzz>; HiZ drive
v0x1228041a0_0 .net "filtre1", 71 0, o0x128040070;  0 drivers
o0x1280403d0 .functor BUFZ 72, C4<zzzzzzzzzzzzzzzzzzzzzzzzzzzzzzzzzzzzzzzzzzzzzzzzzzzzzzzzzzzzzzzzzzzzzzzz>; HiZ drive
v0x122804260_0 .net "filtre2", 71 0, o0x1280403d0;  0 drivers
v0x122804330_0 .net "hazir", 0 0, v0x121e39010_0;  1 drivers
v0x1228043e0_0 .net "hazir1", 0 0, v0x121e383e0_0;  1 drivers
o0x128040130 .functor BUFZ 128, C4<zzzzzzzzzzzzzzzzzzzzzzzzzzzzzzzzzzzzzzzzzzzzzzzzzzzzzzzzzzzzzzzzzzzzzzzzzzzzzzzzzzzzzzzzzzzzzzzzzzzzzzzzzzzzzzzzzzzzzzzzzzzzzzzz>; HiZ drive
v0x1228044b0_0 .net "matris", 127 0, o0x128040130;  0 drivers
o0x128040160 .functor BUFZ 1, C4<z>; HiZ drive
v0x122804570_0 .net "reset", 0 0, o0x128040160;  0 drivers
o0x128040190 .functor BUFZ 1, C4<z>; HiZ drive
v0x122804640_0 .net "saat", 0 0, o0x128040190;  0 drivers
v0x122804710_0 .var "sayac", 5 0;
v0x122804840_0 .net "sonuc", 127 0, v0x121e39540_0;  1 drivers
v0x122804900_0 .net "sonuc1", 127 0, v0x121e38910_0;  1 drivers
v0x1228049a0_0 .var "yeni_islem_baslat", 0 0;
v0x122804a50_0 .var "yeni_islem_izin", 0 0;
S_0x121e10a40 .scope module, "uut1" "konvolusyon_birimi" 2 109, 2 1 0, S_0x121e075d0;
 .timescale 0 0;
    .port_info 0 /INPUT 1 "saat";
    .port_info 1 /INPUT 1 "reset";
    .port_info 2 /INPUT 1 "basla";
    .port_info 3 /INPUT 128 "matris";
    .port_info 4 /INPUT 72 "filtre";
    .port_info 5 /OUTPUT 128 "sonuc";
    .port_info 6 /OUTPUT 1 "hazir";
v0x121e07740_0 .net "basla", 0 0, o0x128040010;  alias, 0 drivers
v0x121e381f0_0 .var "durum", 3 0;
v0x121e38290_0 .net "filtre", 71 0, o0x128040070;  alias, 0 drivers
v0x121e38340 .array "filtre_reg", 8 0, 7 0;
v0x121e383e0_0 .var "hazir", 0 0;
v0x121e384c0_0 .var/i "i", 31 0;
v0x121e38570_0 .var/i "j", 31 0;
v0x121e38620_0 .net "matris", 127 0, o0x128040130;  alias, 0 drivers
v0x121e386d0 .array "matris_reg", 15 0, 7 0;
v0x121e387e0_0 .net "reset", 0 0, o0x128040160;  alias, 0 drivers
v0x121e38870_0 .net "saat", 0 0, o0x128040190;  alias, 0 drivers
v0x121e38910_0 .var "sonuc", 127 0;
v0x121e389c0_0 .var "sonuc_reg", 7 0;
E_0x121e09950 .event posedge, v0x121e38870_0;
S_0x121e38ae0 .scope module, "uut2" "konvolusyon_birimi" 2 119, 2 1 0, S_0x121e075d0;
 .timescale 0 0;
    .port_info 0 /INPUT 1 "saat";
    .port_info 1 /INPUT 1 "reset";
    .port_info 2 /INPUT 1 "basla";
    .port_info 3 /INPUT 128 "matris";
    .port_info 4 /INPUT 72 "filtre";
    .port_info 5 /OUTPUT 128 "sonuc";
    .port_info 6 /OUTPUT 1 "hazir";
v0x121e38d60_0 .net "basla", 0 0, v0x1228049a0_0;  1 drivers
v0x121e38e00_0 .var "durum", 3 0;
v0x121e38eb0_0 .net "filtre", 71 0, o0x1280403d0;  alias, 0 drivers
v0x121e38f70 .array "filtre_reg", 8 0, 7 0;
v0x121e39010_0 .var "hazir", 0 0;
v0x121e390f0_0 .var/i "i", 31 0;
v0x121e391a0_0 .var/i "j", 31 0;
v0x121e39250_0 .net "matris", 127 0, v0x121e38910_0;  alias, 1 drivers
v0x121e392f0 .array "matris_reg", 15 0, 7 0;
v0x121e39400_0 .net "reset", 0 0, o0x128040160;  alias, 0 drivers
v0x121e394b0_0 .net "saat", 0 0, o0x128040190;  alias, 0 drivers
v0x121e39540_0 .var "sonuc", 127 0;
v0x121e395d0_0 .var "sonuc_reg", 7 0;
    .scope S_0x121e10a40;
T_0 ;
    %pushi/vec4 0, 0, 32;
    %store/vec4 v0x121e384c0_0, 0, 32;
    %pushi/vec4 0, 0, 32;
    %store/vec4 v0x121e38570_0, 0, 32;
    %pushi/vec4 0, 0, 1;
    %store/vec4 v0x121e383e0_0, 0, 1;
    %pushi/vec4 0, 0, 4;
    %store/vec4 v0x121e381f0_0, 0, 4;
    %pushi/vec4 0, 0, 128;
    %store/vec4 v0x121e38910_0, 0, 128;
    %pushi/vec4 0, 0, 8;
    %store/vec4 v0x121e389c0_0, 0, 8;
    %end;
    .thread T_0;
    .scope S_0x121e10a40;
T_1 ;
    %wait E_0x121e09950;
    %load/vec4 v0x121e387e0_0;
    %flag_set/vec4 8;
    %jmp/0xz  T_1.0, 8;
    %pushi/vec4 0, 0, 1;
    %assign/vec4 v0x121e383e0_0, 0;
    %pushi/vec4 0, 0, 4;
    %assign/vec4 v0x121e381f0_0, 0;
    %pushi/vec4 0, 0, 128;
    %assign/vec4 v0x121e38910_0, 0;
    %jmp T_1.1;
T_1.0 ;
    %load/vec4 v0x121e07740_0;
    %flag_set/vec4 8;
    %jmp/0xz  T_1.2, 8;
    %pushi/vec4 0, 0, 32;
    %store/vec4 v0x121e384c0_0, 0, 32;
T_1.4 ;
    %load/vec4 v0x121e384c0_0;
    %cmpi/s 16, 0, 32;
    %jmp/0xz T_1.5, 5;
    %load/vec4 v0x121e38620_0;
    %pushi/vec4 127, 0, 32;
    %load/vec4 v0x121e384c0_0;
    %muli 8, 0, 32;
    %sub;
    %pad/s 34;
    %subi 7, 0, 34;
    %part/s 8;
    %ix/getv/s 3, v0x121e384c0_0;
    %ix/load 4, 0, 0; Constant delay
    %assign/vec4/a/d v0x121e386d0, 0, 4;
    %load/vec4 v0x121e384c0_0;
    %addi 1, 0, 32;
    %store/vec4 v0x121e384c0_0, 0, 32;
    %jmp T_1.4;
T_1.5 ;
    %pushi/vec4 0, 0, 32;
    %store/vec4 v0x121e384c0_0, 0, 32;
T_1.6 ;
    %load/vec4 v0x121e384c0_0;
    %cmpi/s 9, 0, 32;
    %jmp/0xz T_1.7, 5;
    %load/vec4 v0x121e38290_0;
    %pushi/vec4 71, 0, 32;
    %load/vec4 v0x121e384c0_0;
    %muli 8, 0, 32;
    %sub;
    %pad/s 34;
    %subi 7, 0, 34;
    %part/s 8;
    %ix/getv/s 3, v0x121e384c0_0;
    %ix/load 4, 0, 0; Constant delay
    %assign/vec4/a/d v0x121e38340, 0, 4;
    %load/vec4 v0x121e384c0_0;
    %addi 1, 0, 32;
    %store/vec4 v0x121e384c0_0, 0, 32;
    %jmp T_1.6;
T_1.7 ;
    %pushi/vec4 1, 0, 4;
    %assign/vec4 v0x121e381f0_0, 0;
T_1.2 ;
T_1.1 ;
    %jmp T_1;
    .thread T_1;
    .scope S_0x121e10a40;
T_2 ;
    %wait E_0x121e09950;
    %load/vec4 v0x121e381f0_0;
    %pad/u 32;
    %cmpi/u 0, 0, 32;
    %flag_or 5, 4; GT is !LE
    %flag_inv 5;
    %flag_get/vec4 5;
    %jmp/0 T_2.2, 5;
    %load/vec4 v0x121e381f0_0;
    %pad/u 32;
    %cmpi/u 17, 0, 32;
    %flag_get/vec4 5;
    %and;
T_2.2;
    %flag_set/vec4 8;
    %jmp/0xz  T_2.0, 8;
    %pushi/vec4 0, 0, 8;
    %store/vec4 v0x121e389c0_0, 0, 8;
    %pushi/vec4 0, 0, 32;
    %store/vec4 v0x121e384c0_0, 0, 32;
T_2.3 ;
    %load/vec4 v0x121e384c0_0;
    %cmpi/s 3, 0, 32;
    %jmp/0xz T_2.4, 5;
    %pushi/vec4 0, 0, 32;
    %store/vec4 v0x121e38570_0, 0, 32;
T_2.5 ;
    %load/vec4 v0x121e38570_0;
    %cmpi/s 3, 0, 32;
    %jmp/0xz T_2.6, 5;
    %load/vec4 v0x121e381f0_0;
    %pad/u 32;
    %pushi/vec4 4, 0, 32;
    %div;
    %load/vec4 v0x121e384c0_0;
    %add;
    %subi 1, 0, 32;
    %cmpi/u 0, 0, 32;
    %flag_inv 5; GE is !LT
    %jmp/0xz  T_2.7, 5;
    %load/vec4 v0x121e381f0_0;
    %pad/u 32;
    %pushi/vec4 4, 0, 32;
    %div;
    %load/vec4 v0x121e384c0_0;
    %add;
    %subi 1, 0, 32;
    %cmpi/u 4, 0, 32;
    %jmp/0xz  T_2.9, 5;
    %load/vec4 v0x121e381f0_0;
    %pad/u 32;
    %pushi/vec4 4, 0, 32;
    %mod;
    %load/vec4 v0x121e38570_0;
    %add;
    %subi 1, 0, 32;
    %cmpi/u 0, 0, 32;
    %flag_inv 5; GE is !LT
    %jmp/0xz  T_2.11, 5;
    %load/vec4 v0x121e381f0_0;
    %pad/u 32;
    %pushi/vec4 4, 0, 32;
    %mod;
    %load/vec4 v0x121e38570_0;
    %add;
    %subi 1, 0, 32;
    %cmpi/u 4, 0, 32;
    %jmp/0xz  T_2.13, 5;
    %load/vec4 v0x121e389c0_0;
    %load/vec4 v0x121e381f0_0;
    %pad/u 32;
    %pushi/vec4 4, 0, 32;
    %div;
    %load/vec4 v0x121e384c0_0;
    %add;
    %subi 1, 0, 32;
    %muli 4, 0, 32;
    %load/vec4 v0x121e381f0_0;
    %pad/u 32;
    %pushi/vec4 4, 0, 32;
    %mod;
    %load/vec4 v0x121e38570_0;
    %add;
    %subi 1, 0, 32;
    %add;
    %ix/vec4 4;
    %load/vec4a v0x121e386d0, 4;
    %load/vec4 v0x121e384c0_0;
    %muli 3, 0, 32;
    %load/vec4 v0x121e38570_0;
    %add;
    %ix/vec4/s 4;
    %load/vec4a v0x121e38340, 4;
    %mul;
    %add;
    %store/vec4 v0x121e389c0_0, 0, 8;
T_2.13 ;
T_2.11 ;
T_2.9 ;
T_2.7 ;
    %load/vec4 v0x121e38570_0;
    %addi 1, 0, 32;
    %store/vec4 v0x121e38570_0, 0, 32;
    %jmp T_2.5;
T_2.6 ;
    %load/vec4 v0x121e384c0_0;
    %addi 1, 0, 32;
    %store/vec4 v0x121e384c0_0, 0, 32;
    %jmp T_2.3;
T_2.4 ;
    %load/vec4 v0x121e389c0_0;
    %ix/load 5, 0, 0;
    %pushi/vec4 127, 0, 32;
    %load/vec4 v0x121e381f0_0;
    %pad/u 32;
    %subi 1, 0, 32;
    %muli 8, 0, 32;
    %sub;
    %pad/u 34;
    %subi 7, 0, 34;
    %ix/vec4/s 4;
    %assign/vec4/off/d v0x121e38910_0, 4, 5;
    %load/vec4 v0x121e381f0_0;
    %addi 1, 0, 4;
    %assign/vec4 v0x121e381f0_0, 0;
    %jmp T_2.1;
T_2.0 ;
    %load/vec4 v0x121e381f0_0;
    %pad/u 32;
    %cmpi/e 17, 0, 32;
    %jmp/0xz  T_2.15, 4;
    %pushi/vec4 1, 0, 1;
    %assign/vec4 v0x121e383e0_0, 0;
    %pushi/vec4 0, 0, 4;
    %assign/vec4 v0x121e381f0_0, 0;
T_2.15 ;
T_2.1 ;
    %jmp T_2;
    .thread T_2;
    .scope S_0x121e38ae0;
T_3 ;
    %pushi/vec4 0, 0, 32;
    %store/vec4 v0x121e390f0_0, 0, 32;
    %pushi/vec4 0, 0, 32;
    %store/vec4 v0x121e391a0_0, 0, 32;
    %pushi/vec4 0, 0, 1;
    %store/vec4 v0x121e39010_0, 0, 1;
    %pushi/vec4 0, 0, 4;
    %store/vec4 v0x121e38e00_0, 0, 4;
    %pushi/vec4 0, 0, 128;
    %store/vec4 v0x121e39540_0, 0, 128;
    %pushi/vec4 0, 0, 8;
    %store/vec4 v0x121e395d0_0, 0, 8;
    %end;
    .thread T_3;
    .scope S_0x121e38ae0;
T_4 ;
    %wait E_0x121e09950;
    %load/vec4 v0x121e39400_0;
    %flag_set/vec4 8;
    %jmp/0xz  T_4.0, 8;
    %pushi/vec4 0, 0, 1;
    %assign/vec4 v0x121e39010_0, 0;
    %pushi/vec4 0, 0, 4;
    %assign/vec4 v0x121e38e00_0, 0;
    %pushi/vec4 0, 0, 128;
    %assign/vec4 v0x121e39540_0, 0;
    %jmp T_4.1;
T_4.0 ;
    %load/vec4 v0x121e38d60_0;
    %flag_set/vec4 8;
    %jmp/0xz  T_4.2, 8;
    %pushi/vec4 0, 0, 32;
    %store/vec4 v0x121e390f0_0, 0, 32;
T_4.4 ;
    %load/vec4 v0x121e390f0_0;
    %cmpi/s 16, 0, 32;
    %jmp/0xz T_4.5, 5;
    %load/vec4 v0x121e39250_0;
    %pushi/vec4 127, 0, 32;
    %load/vec4 v0x121e390f0_0;
    %muli 8, 0, 32;
    %sub;
    %pad/s 34;
    %subi 7, 0, 34;
    %part/s 8;
    %ix/getv/s 3, v0x121e390f0_0;
    %ix/load 4, 0, 0; Constant delay
    %assign/vec4/a/d v0x121e392f0, 0, 4;
    %load/vec4 v0x121e390f0_0;
    %addi 1, 0, 32;
    %store/vec4 v0x121e390f0_0, 0, 32;
    %jmp T_4.4;
T_4.5 ;
    %pushi/vec4 0, 0, 32;
    %store/vec4 v0x121e390f0_0, 0, 32;
T_4.6 ;
    %load/vec4 v0x121e390f0_0;
    %cmpi/s 9, 0, 32;
    %jmp/0xz T_4.7, 5;
    %load/vec4 v0x121e38eb0_0;
    %pushi/vec4 71, 0, 32;
    %load/vec4 v0x121e390f0_0;
    %muli 8, 0, 32;
    %sub;
    %pad/s 34;
    %subi 7, 0, 34;
    %part/s 8;
    %ix/getv/s 3, v0x121e390f0_0;
    %ix/load 4, 0, 0; Constant delay
    %assign/vec4/a/d v0x121e38f70, 0, 4;
    %load/vec4 v0x121e390f0_0;
    %addi 1, 0, 32;
    %store/vec4 v0x121e390f0_0, 0, 32;
    %jmp T_4.6;
T_4.7 ;
    %pushi/vec4 1, 0, 4;
    %assign/vec4 v0x121e38e00_0, 0;
T_4.2 ;
T_4.1 ;
    %jmp T_4;
    .thread T_4;
    .scope S_0x121e38ae0;
T_5 ;
    %wait E_0x121e09950;
    %load/vec4 v0x121e38e00_0;
    %pad/u 32;
    %cmpi/u 0, 0, 32;
    %flag_or 5, 4; GT is !LE
    %flag_inv 5;
    %flag_get/vec4 5;
    %jmp/0 T_5.2, 5;
    %load/vec4 v0x121e38e00_0;
    %pad/u 32;
    %cmpi/u 17, 0, 32;
    %flag_get/vec4 5;
    %and;
T_5.2;
    %flag_set/vec4 8;
    %jmp/0xz  T_5.0, 8;
    %pushi/vec4 0, 0, 8;
    %store/vec4 v0x121e395d0_0, 0, 8;
    %pushi/vec4 0, 0, 32;
    %store/vec4 v0x121e390f0_0, 0, 32;
T_5.3 ;
    %load/vec4 v0x121e390f0_0;
    %cmpi/s 3, 0, 32;
    %jmp/0xz T_5.4, 5;
    %pushi/vec4 0, 0, 32;
    %store/vec4 v0x121e391a0_0, 0, 32;
T_5.5 ;
    %load/vec4 v0x121e391a0_0;
    %cmpi/s 3, 0, 32;
    %jmp/0xz T_5.6, 5;
    %load/vec4 v0x121e38e00_0;
    %pad/u 32;
    %pushi/vec4 4, 0, 32;
    %div;
    %load/vec4 v0x121e390f0_0;
    %add;
    %subi 1, 0, 32;
    %cmpi/u 0, 0, 32;
    %flag_inv 5; GE is !LT
    %jmp/0xz  T_5.7, 5;
    %load/vec4 v0x121e38e00_0;
    %pad/u 32;
    %pushi/vec4 4, 0, 32;
    %div;
    %load/vec4 v0x121e390f0_0;
    %add;
    %subi 1, 0, 32;
    %cmpi/u 4, 0, 32;
    %jmp/0xz  T_5.9, 5;
    %load/vec4 v0x121e38e00_0;
    %pad/u 32;
    %pushi/vec4 4, 0, 32;
    %mod;
    %load/vec4 v0x121e391a0_0;
    %add;
    %subi 1, 0, 32;
    %cmpi/u 0, 0, 32;
    %flag_inv 5; GE is !LT
    %jmp/0xz  T_5.11, 5;
    %load/vec4 v0x121e38e00_0;
    %pad/u 32;
    %pushi/vec4 4, 0, 32;
    %mod;
    %load/vec4 v0x121e391a0_0;
    %add;
    %subi 1, 0, 32;
    %cmpi/u 4, 0, 32;
    %jmp/0xz  T_5.13, 5;
    %load/vec4 v0x121e395d0_0;
    %load/vec4 v0x121e38e00_0;
    %pad/u 32;
    %pushi/vec4 4, 0, 32;
    %div;
    %load/vec4 v0x121e390f0_0;
    %add;
    %subi 1, 0, 32;
    %muli 4, 0, 32;
    %load/vec4 v0x121e38e00_0;
    %pad/u 32;
    %pushi/vec4 4, 0, 32;
    %mod;
    %load/vec4 v0x121e391a0_0;
    %add;
    %subi 1, 0, 32;
    %add;
    %ix/vec4 4;
    %load/vec4a v0x121e392f0, 4;
    %load/vec4 v0x121e390f0_0;
    %muli 3, 0, 32;
    %load/vec4 v0x121e391a0_0;
    %add;
    %ix/vec4/s 4;
    %load/vec4a v0x121e38f70, 4;
    %mul;
    %add;
    %store/vec4 v0x121e395d0_0, 0, 8;
T_5.13 ;
T_5.11 ;
T_5.9 ;
T_5.7 ;
    %load/vec4 v0x121e391a0_0;
    %addi 1, 0, 32;
    %store/vec4 v0x121e391a0_0, 0, 32;
    %jmp T_5.5;
T_5.6 ;
    %load/vec4 v0x121e390f0_0;
    %addi 1, 0, 32;
    %store/vec4 v0x121e390f0_0, 0, 32;
    %jmp T_5.3;
T_5.4 ;
    %load/vec4 v0x121e395d0_0;
    %ix/load 5, 0, 0;
    %pushi/vec4 127, 0, 32;
    %load/vec4 v0x121e38e00_0;
    %pad/u 32;
    %subi 1, 0, 32;
    %muli 8, 0, 32;
    %sub;
    %pad/u 34;
    %subi 7, 0, 34;
    %ix/vec4/s 4;
    %assign/vec4/off/d v0x121e39540_0, 4, 5;
    %load/vec4 v0x121e38e00_0;
    %addi 1, 0, 4;
    %assign/vec4 v0x121e38e00_0, 0;
    %jmp T_5.1;
T_5.0 ;
    %load/vec4 v0x121e38e00_0;
    %pad/u 32;
    %cmpi/e 17, 0, 32;
    %jmp/0xz  T_5.15, 4;
    %pushi/vec4 1, 0, 1;
    %assign/vec4 v0x121e39010_0, 0;
    %pushi/vec4 0, 0, 4;
    %assign/vec4 v0x121e38e00_0, 0;
T_5.15 ;
T_5.1 ;
    %jmp T_5;
    .thread T_5;
    .scope S_0x121e075d0;
T_6 ;
    %pushi/vec4 0, 0, 6;
    %store/vec4 v0x122804710_0, 0, 6;
    %pushi/vec4 0, 0, 1;
    %store/vec4 v0x1228049a0_0, 0, 1;
    %pushi/vec4 0, 0, 1;
    %store/vec4 v0x122804a50_0, 0, 1;
    %end;
    .thread T_6;
    .scope S_0x121e075d0;
T_7 ;
    %wait E_0x121e09950;
    %load/vec4 v0x122804570_0;
    %flag_set/vec4 8;
    %jmp/0xz  T_7.0, 8;
    %pushi/vec4 0, 0, 6;
    %assign/vec4 v0x122804710_0, 0;
    %pushi/vec4 0, 0, 1;
    %assign/vec4 v0x1228049a0_0, 0;
    %pushi/vec4 0, 0, 1;
    %assign/vec4 v0x122804a50_0, 0;
    %jmp T_7.1;
T_7.0 ;
    %load/vec4 v0x1228040e0_0;
    %flag_set/vec4 9;
    %flag_get/vec4 9;
    %jmp/0 T_7.4, 9;
    %load/vec4 v0x122804a50_0;
    %and;
T_7.4;
    %flag_set/vec4 8;
    %jmp/0xz  T_7.2, 8;
    %load/vec4 v0x122804710_0;
    %pad/u 32;
    %cmpi/u 32, 0, 32;
    %jmp/0xz  T_7.5, 5;
    %load/vec4 v0x122804710_0;
    %addi 1, 0, 6;
    %assign/vec4 v0x122804710_0, 0;
T_7.5 ;
    %load/vec4 v0x122804710_0;
    %pad/u 32;
    %cmpi/e 15, 0, 32;
    %jmp/0xz  T_7.7, 4;
    %pushi/vec4 1, 0, 1;
    %assign/vec4 v0x1228049a0_0, 0;
T_7.7 ;
    %load/vec4 v0x122804710_0;
    %pad/u 32;
    %cmpi/e 31, 0, 32;
    %jmp/0xz  T_7.9, 4;
    %pushi/vec4 0, 0, 1;
    %assign/vec4 v0x122804a50_0, 0;
T_7.9 ;
T_7.2 ;
    %load/vec4 v0x122804710_0;
    %pad/u 32;
    %cmpi/e 32, 0, 32;
    %jmp/0xz  T_7.11, 4;
    %pushi/vec4 0, 0, 6;
    %assign/vec4 v0x122804710_0, 0;
T_7.11 ;
    %load/vec4 v0x122804710_0;
    %pad/u 32;
    %cmpi/e 16, 0, 32;
    %jmp/0xz  T_7.13, 4;
    %pushi/vec4 1, 0, 1;
    %assign/vec4 v0x122804a50_0, 0;
T_7.13 ;
T_7.1 ;
    %jmp T_7;
    .thread T_7;
# The file index is used to find the file name in the following table.
:file_names 3;
    "N/A";
    "<interactive>";
    "2024-odev2/ardisik_konvolusyon_birimi.v";
