#! /opt/homebrew/Cellar/icarus-verilog/12.0/bin/vvp
:ivl_version "12.0 (stable)";
:ivl_delay_selection "TYPICAL";
:vpi_time_precision + 0;
:vpi_module "/opt/homebrew/Cellar/icarus-verilog/12.0/lib/ivl/system.vpi";
:vpi_module "/opt/homebrew/Cellar/icarus-verilog/12.0/lib/ivl/vhdl_sys.vpi";
:vpi_module "/opt/homebrew/Cellar/icarus-verilog/12.0/lib/ivl/vhdl_textio.vpi";
:vpi_module "/opt/homebrew/Cellar/icarus-verilog/12.0/lib/ivl/v2005_math.vpi";
:vpi_module "/opt/homebrew/Cellar/icarus-verilog/12.0/lib/ivl/va_math.vpi";
S_0x130004930 .scope module, "senkron_flipflop" "senkron_flipflop" 2 1;
 .timescale 0 0;
    .port_info 0 /INPUT 1 "d";
    .port_info 1 /INPUT 1 "clock";
    .port_info 2 /INPUT 1 "reset";
    .port_info 3 /OUTPUT 1 "q";
    .port_info 4 /OUTPUT 1 "q_not";
o0x118030010 .functor BUFZ 1, C4<z>; HiZ drive
v0x130007c30_0 .net "clock", 0 0, o0x118030010;  0 drivers
o0x118030040 .functor BUFZ 1, C4<z>; HiZ drive
v0x130017b70_0 .net "d", 0 0, o0x118030040;  0 drivers
v0x130017c10_0 .var "q", 0 0;
v0x130017ca0_0 .var "q_not", 0 0;
o0x1180300d0 .functor BUFZ 1, C4<z>; HiZ drive
v0x130017d40_0 .net "reset", 0 0, o0x1180300d0;  0 drivers
E_0x130005090 .event posedge, v0x130017d40_0, v0x130007c30_0;
    .scope S_0x130004930;
T_0 ;
    %wait E_0x130005090;
    %load/vec4 v0x130017d40_0;
    %pad/u 32;
    %cmpi/e 1, 0, 32;
    %jmp/0xz  T_0.0, 4;
    %pushi/vec4 0, 0, 1;
    %store/vec4 v0x130017c10_0, 0, 1;
    %pushi/vec4 1, 0, 1;
    %store/vec4 v0x130017ca0_0, 0, 1;
    %jmp T_0.1;
T_0.0 ;
    %load/vec4 v0x130017b70_0;
    %store/vec4 v0x130017c10_0, 0, 1;
    %load/vec4 v0x130017b70_0;
    %inv;
    %store/vec4 v0x130017ca0_0, 0, 1;
T_0.1 ;
    %jmp T_0;
    .thread T_0;
# The file index is used to find the file name in the following table.
:file_names 3;
    "N/A";
    "<interactive>";
    "asenkron_flipflop.v";
