#! /opt/homebrew/Cellar/icarus-verilog/12.0/bin/vvp
:ivl_version "12.0 (stable)";
:ivl_delay_selection "TYPICAL";
:vpi_time_precision + 0;
:vpi_module "/opt/homebrew/Cellar/icarus-verilog/12.0/lib/ivl/system.vpi";
:vpi_module "/opt/homebrew/Cellar/icarus-verilog/12.0/lib/ivl/vhdl_sys.vpi";
:vpi_module "/opt/homebrew/Cellar/icarus-verilog/12.0/lib/ivl/vhdl_textio.vpi";
:vpi_module "/opt/homebrew/Cellar/icarus-verilog/12.0/lib/ivl/v2005_math.vpi";
:vpi_module "/opt/homebrew/Cellar/icarus-verilog/12.0/lib/ivl/va_math.vpi";
S_0x154205400 .scope module, "at_yarisi" "at_yarisi" 2 1;
 .timescale 0 0;
    .port_info 0 /INPUT 2 "beyaz_at_hiz";
    .port_info 1 /INPUT 2 "siyah_at_hiz";
    .port_info 2 /INPUT 2 "boz_at_hiz";
    .port_info 3 /INPUT 2 "beyaz_jokey_komut";
    .port_info 4 /INPUT 2 "siyah_jokey_komut";
    .port_info 5 /INPUT 2 "boz_jokey_komut";
    .port_info 6 /OUTPUT 2 "kazanan_at";
L_0x143612650 .functor NOT 1, L_0x1436126f0, C4<0>, C4<0>, C4<0>;
L_0x143612790 .functor NOT 1, L_0x143612820, C4<0>, C4<0>, C4<0>;
L_0x143612900 .functor AND 1, L_0x143612650, L_0x143612a10, C4<1>, C4<1>;
L_0x143612b30 .functor AND 1, L_0x143612c00, L_0x143612d20, C4<1>, C4<1>;
L_0x143612e30 .functor AND 1, L_0x143612ed0, L_0x143612fb0, C4<1>, C4<1>;
L_0x143613110 .functor AND 1, L_0x1436131c0, L_0x143612650, L_0x143612790, C4<1>;
o0x158019390 .functor BUFZ 1, C4<z>; HiZ drive
L_0x143613320 .functor OR 1, L_0x143612900, o0x158019390, L_0x143612e30, L_0x143613110;
L_0x143613450 .functor AND 1, L_0x1436134c0, L_0x1436135f0, C4<1>, C4<1>;
L_0x143613690 .functor AND 1, L_0x143613790, L_0x143613890, C4<1>, C4<1>;
L_0x143613970 .functor AND 1, L_0x1436139e0, L_0x143613b30, C4<1>, C4<1>;
L_0x143613c10 .functor AND 1, L_0x143613ce0, L_0x143613ec0, C4<1>, C4<1>;
L_0x143614090 .functor OR 1, L_0x143613450, L_0x143613690, L_0x143613970, L_0x143613c10;
L_0x1436141c0 .functor NOT 1, L_0x1436142a0, C4<0>, C4<0>, C4<0>;
L_0x143614380 .functor NOT 1, L_0x1436143f0, C4<0>, C4<0>, C4<0>;
L_0x143614530 .functor AND 1, L_0x1436141c0, L_0x143614620, C4<1>, C4<1>;
L_0x1436146c0 .functor AND 1, L_0x143614730, L_0x143614490, C4<1>, C4<1>;
L_0x143614940 .functor AND 1, L_0x143614a60, L_0x143614c00, C4<1>, C4<1>;
L_0x143614ca0 .functor AND 1, L_0x143614d10, L_0x1436141c0, L_0x143614380, C4<1>;
L_0x143614f00 .functor OR 1, L_0x143614530, L_0x1436146c0, L_0x143614940, L_0x143614ca0;
L_0x143615010 .functor AND 1, L_0x143615080, L_0x143615120, C4<1>, C4<1>;
L_0x1436152a0 .functor AND 1, L_0x143614f70, L_0x1436153c0, C4<1>, C4<1>;
L_0x143615550 .functor AND 1, L_0x143615200, L_0x143615600, C4<1>, C4<1>;
L_0x1436157e0 .functor AND 1, L_0x1436154a0, L_0x143615310, C4<1>, C4<1>;
L_0x143614db0 .functor OR 1, L_0x143615010, L_0x1436152a0, L_0x143615550, L_0x1436157e0;
L_0x143615d10 .functor NOT 1, L_0x143615e50, C4<0>, C4<0>, C4<0>;
L_0x143615850 .functor NOT 1, L_0x143615a90, C4<0>, C4<0>, C4<0>;
L_0x143615b30 .functor AND 1, L_0x143615d10, L_0x143616170, C4<1>, C4<1>;
L_0x143615dc0 .functor AND 1, L_0x143615f50, L_0x1436163c0, C4<1>, C4<1>;
L_0x143616250 .functor AND 1, L_0x1436162c0, L_0x143616090, C4<1>, C4<1>;
L_0x1436164a0 .functor AND 1, L_0x143616510, L_0x143615d10, L_0x143615850, C4<1>;
L_0x1436169a0 .functor OR 1, L_0x143615b30, L_0x143615dc0, L_0x143616250, L_0x1436164a0;
L_0x143616bd0 .functor AND 1, L_0x1436165e0, L_0x143616790, C4<1>, C4<1>;
L_0x143616870 .functor AND 1, L_0x143616ad0, L_0x143616c40, C4<1>, C4<1>;
L_0x143616d20 .functor AND 1, L_0x143617060, L_0x143616ed0, C4<1>, C4<1>;
L_0x143616fb0 .functor AND 1, L_0x143616dc0, L_0x143617140, C4<1>, C4<1>;
L_0x1436176a0 .functor OR 1, L_0x143616bd0, L_0x143616870, L_0x143616d20, L_0x143616fb0;
L_0x143617810 .functor BUF 1, L_0x1436172e0, C4<0>, C4<0>, C4<0>;
L_0x1436179b0 .functor BUF 1, L_0x143617a20, C4<0>, C4<0>, C4<0>;
L_0x143617500 .functor BUF 1, L_0x143617880, C4<0>, C4<0>, C4<0>;
L_0x143617570 .functor BUF 1, L_0x1436175e0, C4<0>, C4<0>, C4<0>;
L_0x143617b00 .functor BUF 1, L_0x143617b70, C4<0>, C4<0>, C4<0>;
L_0x143617c90 .functor BUF 1, L_0x143617d00, C4<0>, C4<0>, C4<0>;
L_0x143617e30 .functor NOT 1, L_0x143617810, C4<0>, C4<0>, C4<0>;
L_0x143617ee0 .functor NOT 1, L_0x1436179b0, C4<0>, C4<0>, C4<0>;
L_0x143617f90 .functor NOT 1, L_0x143617500, C4<0>, C4<0>, C4<0>;
L_0x143618040 .functor NOT 1, L_0x143617570, C4<0>, C4<0>, C4<0>;
L_0x143618480 .functor NOT 1, L_0x143617b00, C4<0>, C4<0>, C4<0>;
L_0x143618310 .functor NOT 1, L_0x143617c90, C4<0>, C4<0>, C4<0>;
L_0x1436183c0 .functor AND 1, L_0x143617e30, L_0x143617f90, L_0x143617b00, C4<1>;
L_0x1436184f0 .functor AND 1, L_0x143617ee0, L_0x143617f90, L_0x143617b00, L_0x143617c90;
L_0x143618840 .functor AND 1, L_0x143617e30, L_0x143618040, L_0x143617b00, L_0x143617c90;
L_0x1436186b0 .functor AND 1, L_0x143617ee0, L_0x143618040, L_0x143617b00, L_0x143617c90;
L_0x143618750/0/0 .functor AND 1, L_0x143617e30, L_0x143617ee0, L_0x143617f90, L_0x143618040;
L_0x143618750/0/4 .functor AND 1, L_0x143617c90, C4<1>, C4<1>, C4<1>;
L_0x143618750 .functor AND 1, L_0x143618750/0/0, L_0x143618750/0/4, C4<1>, C4<1>;
L_0x143618930/0/0 .functor OR 1, L_0x1436183c0, L_0x1436184f0, L_0x143618840, L_0x1436186b0;
L_0x143618930/0/4 .functor OR 1, L_0x143618750, C4<0>, C4<0>, C4<0>;
L_0x143618930 .functor OR 1, L_0x143618930/0/0, L_0x143618930/0/4, C4<0>, C4<0>;
L_0x143618a20 .functor AND 1, L_0x143617e30, L_0x143617500, L_0x143618480, C4<1>;
L_0x143618e10 .functor AND 1, L_0x143617e30, L_0x143617500, L_0x143618310, C4<1>;
L_0x143618f00 .functor AND 1, L_0x143617e30, L_0x143617500, L_0x143617570, C4<1>;
L_0x143618c50 .functor AND 1, L_0x143617ee0, L_0x143617500, L_0x143617570, C4<1>;
L_0x143618d40 .functor AND 1, L_0x143617e30, L_0x143617ee0, L_0x143617570, L_0x143618480;
L_0x143619010/0/0 .functor OR 1, L_0x143618a20, L_0x143618e10, L_0x143618f00, L_0x143618c50;
L_0x143619010/0/4 .functor OR 1, L_0x143618d40, C4<0>, C4<0>, C4<0>;
L_0x143619010 .functor OR 1, L_0x143619010/0/0, L_0x143619010/0/4, C4<0>, C4<0>;
v0x154205660_0 .net "A", 0 0, L_0x143617810;  1 drivers
v0x14360d350_0 .net "B", 0 0, L_0x1436179b0;  1 drivers
v0x14360d400_0 .net "C", 0 0, L_0x143617500;  1 drivers
v0x14360d4b0_0 .net "D", 0 0, L_0x143617570;  1 drivers
v0x14360d540_0 .net "E", 0 0, L_0x143617b00;  1 drivers
v0x14360d610_0 .net "F", 0 0, L_0x143617c90;  1 drivers
v0x14360d6a0_0 .net *"_ivl_100", 0 0, L_0x143615e50;  1 drivers
v0x14360d750_0 .net *"_ivl_103", 0 0, L_0x143615a90;  1 drivers
v0x14360d800_0 .net *"_ivl_106", 0 0, L_0x143616170;  1 drivers
v0x14360d910_0 .net *"_ivl_109", 0 0, L_0x143615f50;  1 drivers
v0x14360d9c0_0 .net *"_ivl_11", 0 0, L_0x143612c00;  1 drivers
v0x14360da70_0 .net *"_ivl_111", 0 0, L_0x1436163c0;  1 drivers
v0x14360db20_0 .net *"_ivl_114", 0 0, L_0x1436162c0;  1 drivers
v0x14360dbd0_0 .net *"_ivl_116", 0 0, L_0x143616090;  1 drivers
v0x14360dc80_0 .net *"_ivl_119", 0 0, L_0x143616510;  1 drivers
v0x14360dd30_0 .net *"_ivl_121", 0 0, L_0x1436169a0;  1 drivers
v0x14360dde0_0 .net *"_ivl_125", 0 0, L_0x1436165e0;  1 drivers
v0x14360df70_0 .net *"_ivl_127", 0 0, L_0x143616790;  1 drivers
v0x14360e000_0 .net *"_ivl_13", 0 0, L_0x143612d20;  1 drivers
v0x14360e0b0_0 .net *"_ivl_130", 0 0, L_0x143616ad0;  1 drivers
v0x14360e160_0 .net *"_ivl_132", 0 0, L_0x143616c40;  1 drivers
v0x14360e210_0 .net *"_ivl_135", 0 0, L_0x143617060;  1 drivers
v0x14360e2c0_0 .net *"_ivl_137", 0 0, L_0x143616ed0;  1 drivers
v0x14360e370_0 .net *"_ivl_140", 0 0, L_0x143616dc0;  1 drivers
v0x14360e420_0 .net *"_ivl_142", 0 0, L_0x143617140;  1 drivers
v0x14360e4d0_0 .net *"_ivl_144", 0 0, L_0x1436176a0;  1 drivers
v0x14360e580_0 .net *"_ivl_149", 0 0, L_0x1436172e0;  1 drivers
v0x14360e630_0 .net *"_ivl_152", 0 0, L_0x143617a20;  1 drivers
v0x14360e6e0_0 .net *"_ivl_155", 0 0, L_0x143617880;  1 drivers
v0x14360e790_0 .net *"_ivl_158", 0 0, L_0x1436175e0;  1 drivers
v0x14360e840_0 .net *"_ivl_16", 0 0, L_0x143612ed0;  1 drivers
v0x14360e8f0_0 .net *"_ivl_161", 0 0, L_0x143617b70;  1 drivers
v0x14360e9a0_0 .net *"_ivl_164", 0 0, L_0x143617d00;  1 drivers
v0x14360de90_0 .net *"_ivl_177", 0 0, L_0x143618930;  1 drivers
v0x14360ec30_0 .net *"_ivl_18", 0 0, L_0x143612fb0;  1 drivers
v0x14360ecc0_0 .net *"_ivl_185", 0 0, L_0x143619010;  1 drivers
v0x14360ed60_0 .net *"_ivl_2", 0 0, L_0x1436126f0;  1 drivers
v0x14360ee10_0 .net *"_ivl_21", 0 0, L_0x1436131c0;  1 drivers
v0x14360eec0_0 .net *"_ivl_23", 0 0, L_0x143613320;  1 drivers
v0x14360ef70_0 .net *"_ivl_27", 0 0, L_0x1436134c0;  1 drivers
v0x14360f020_0 .net *"_ivl_29", 0 0, L_0x1436135f0;  1 drivers
v0x14360f0d0_0 .net *"_ivl_32", 0 0, L_0x143613790;  1 drivers
v0x14360f180_0 .net *"_ivl_34", 0 0, L_0x143613890;  1 drivers
v0x14360f230_0 .net *"_ivl_37", 0 0, L_0x1436139e0;  1 drivers
v0x14360f2e0_0 .net *"_ivl_39", 0 0, L_0x143613b30;  1 drivers
v0x14360f390_0 .net *"_ivl_42", 0 0, L_0x143613ce0;  1 drivers
v0x14360f440_0 .net *"_ivl_44", 0 0, L_0x143613ec0;  1 drivers
v0x14360f4f0_0 .net *"_ivl_46", 0 0, L_0x143614090;  1 drivers
v0x14360f5a0_0 .net *"_ivl_5", 0 0, L_0x143612820;  1 drivers
v0x14360f650_0 .net *"_ivl_51", 0 0, L_0x1436142a0;  1 drivers
v0x14360f700_0 .net *"_ivl_54", 0 0, L_0x1436143f0;  1 drivers
v0x14360f7b0_0 .net *"_ivl_57", 0 0, L_0x143614620;  1 drivers
v0x14360f860_0 .net *"_ivl_60", 0 0, L_0x143614730;  1 drivers
v0x14360f910_0 .net *"_ivl_62", 0 0, L_0x143614490;  1 drivers
v0x14360f9c0_0 .net *"_ivl_65", 0 0, L_0x143614a60;  1 drivers
v0x14360fa70_0 .net *"_ivl_67", 0 0, L_0x143614c00;  1 drivers
v0x14360fb20_0 .net *"_ivl_70", 0 0, L_0x143614d10;  1 drivers
v0x14360fbd0_0 .net *"_ivl_72", 0 0, L_0x143614f00;  1 drivers
v0x14360fc80_0 .net *"_ivl_76", 0 0, L_0x143615080;  1 drivers
v0x14360fd30_0 .net *"_ivl_78", 0 0, L_0x143615120;  1 drivers
v0x14360fde0_0 .net *"_ivl_8", 0 0, L_0x143612a10;  1 drivers
v0x14360fe90_0 .net *"_ivl_81", 0 0, L_0x143614f70;  1 drivers
v0x14360ff40_0 .net *"_ivl_83", 0 0, L_0x1436153c0;  1 drivers
v0x14360fff0_0 .net *"_ivl_86", 0 0, L_0x143615200;  1 drivers
v0x1436100a0_0 .net *"_ivl_88", 0 0, L_0x143615600;  1 drivers
v0x14360ea50_0 .net *"_ivl_91", 0 0, L_0x1436154a0;  1 drivers
v0x14360eb00_0 .net *"_ivl_93", 0 0, L_0x143615310;  1 drivers
v0x143610130_0 .net *"_ivl_95", 0 0, L_0x143614db0;  1 drivers
o0x158018cd0 .functor BUFZ 2, C4<zz>; HiZ drive
v0x1436101c0_0 .net "beyaz_at_hiz", 1 0, o0x158018cd0;  0 drivers
v0x143610250_0 .net "beyaz_at_son_hiz", 1 0, L_0x143613f60;  1 drivers
o0x158018d30 .functor BUFZ 2, C4<zz>; HiZ drive
v0x1436102e0_0 .net "beyaz_jokey_komut", 1 0, o0x158018d30;  0 drivers
o0x158018d60 .functor BUFZ 2, C4<zz>; HiZ drive
v0x143610370_0 .net "boz_at_hiz", 1 0, o0x158018d60;  0 drivers
v0x143610420_0 .net "boz_at_son_hiz", 1 0, L_0x143617220;  1 drivers
o0x158018dc0 .functor BUFZ 2, C4<zz>; HiZ drive
v0x1436104d0_0 .net "boz_jokey_komut", 1 0, o0x158018dc0;  0 drivers
v0x143610580_0 .net "kazanan_at", 1 0, L_0x143618f70;  1 drivers
v0x143610630_0 .net "nA", 0 0, L_0x143617e30;  1 drivers
v0x1436106d0_0 .net "nB", 0 0, L_0x143617ee0;  1 drivers
v0x143610770_0 .net "nC", 0 0, L_0x143617f90;  1 drivers
v0x143610810_0 .net "nD", 0 0, L_0x143618040;  1 drivers
v0x1436108b0_0 .net "nE", 0 0, L_0x143618480;  1 drivers
v0x143610950_0 .net "nF", 0 0, L_0x143618310;  1 drivers
v0x1436109f0_0 .net "notbeyazhiz0", 0 0, L_0x143612650;  1 drivers
v0x143610a90_0 .net "notbeyazkomut1", 0 0, L_0x143612790;  1 drivers
v0x143610b30_0 .net "notbozhiz0", 0 0, L_0x143615d10;  1 drivers
v0x143610bd0_0 .net "notbozkomut1", 0 0, L_0x143615850;  1 drivers
v0x143610c70_0 .net "notsiyahhiz0", 0 0, L_0x1436141c0;  1 drivers
v0x143610d10_0 .net "notsiyahkomut1", 0 0, L_0x143614380;  1 drivers
o0x158019060 .functor BUFZ 2, C4<zz>; HiZ drive
v0x143610db0_0 .net "siyah_at_hiz", 1 0, o0x158019060;  0 drivers
v0x143610e60_0 .net "siyah_at_son_hiz", 1 0, L_0x1436156e0;  1 drivers
o0x1580190c0 .functor BUFZ 2, C4<zz>; HiZ drive
v0x143610f10_0 .net "siyah_jokey_komut", 1 0, o0x1580190c0;  0 drivers
v0x143610fc0_0 .net "w11", 0 0, L_0x1436183c0;  1 drivers
v0x143611060_0 .net "w12", 0 0, L_0x1436184f0;  1 drivers
v0x143611100_0 .net "w13", 0 0, L_0x143618840;  1 drivers
v0x1436111a0_0 .net "w14", 0 0, L_0x1436186b0;  1 drivers
v0x143611240_0 .net "w15", 0 0, L_0x143618750;  1 drivers
v0x1436112e0_0 .net "w21", 0 0, L_0x143618a20;  1 drivers
v0x143611380_0 .net "w22", 0 0, L_0x143618e10;  1 drivers
v0x143611420_0 .net "w23", 0 0, L_0x143618f00;  1 drivers
v0x1436114c0_0 .net "w24", 0 0, L_0x143618c50;  1 drivers
v0x143611560_0 .net "w25", 0 0, L_0x143618d40;  1 drivers
v0x143611600_0 .net "wire1_beyaz", 0 0, L_0x143612900;  1 drivers
v0x1436116a0_0 .net "wire1_boz", 0 0, L_0x143615b30;  1 drivers
v0x143611740_0 .net "wire1_siyah", 0 0, L_0x143614530;  1 drivers
v0x1436117e0_0 .net "wire2", 0 0, L_0x143612b30;  1 drivers
v0x143611880_0 .net "wire2_beyaz", 0 0, o0x158019390;  0 drivers
v0x143611920_0 .net "wire2_boz", 0 0, L_0x143615dc0;  1 drivers
v0x1436119c0_0 .net "wire2_siyah", 0 0, L_0x1436146c0;  1 drivers
v0x143611a60_0 .net "wire3_beyaz", 0 0, L_0x143612e30;  1 drivers
v0x143611b00_0 .net "wire3_boz", 0 0, L_0x143616250;  1 drivers
v0x143611ba0_0 .net "wire3_siyah", 0 0, L_0x143614940;  1 drivers
v0x143611c40_0 .net "wire4_beyaz", 0 0, L_0x143613110;  1 drivers
v0x143611ce0_0 .net "wire4_boz", 0 0, L_0x1436164a0;  1 drivers
v0x143611d80_0 .net "wire4_siyah", 0 0, L_0x143614ca0;  1 drivers
v0x143611e20_0 .net "wire5_beyaz", 0 0, L_0x143613450;  1 drivers
v0x143611ec0_0 .net "wire5_boz", 0 0, L_0x143616bd0;  1 drivers
v0x143611f60_0 .net "wire5_siyah", 0 0, L_0x143615010;  1 drivers
v0x143612000_0 .net "wire6_beyaz", 0 0, L_0x143613690;  1 drivers
v0x1436120a0_0 .net "wire6_boz", 0 0, L_0x143616870;  1 drivers
v0x143612140_0 .net "wire6_siyah", 0 0, L_0x1436152a0;  1 drivers
v0x1436121e0_0 .net "wire7_beyaz", 0 0, L_0x143613970;  1 drivers
v0x143612280_0 .net "wire7_boz", 0 0, L_0x143616d20;  1 drivers
v0x143612320_0 .net "wire7_siyah", 0 0, L_0x143615550;  1 drivers
v0x1436123c0_0 .net "wire8_beyaz", 0 0, L_0x143613c10;  1 drivers
v0x143612460_0 .net "wire8_boz", 0 0, L_0x143616fb0;  1 drivers
v0x143612500_0 .net "wire8_siyah", 0 0, L_0x1436157e0;  1 drivers
L_0x1436126f0 .part o0x158018cd0, 0, 1;
L_0x143612820 .part o0x158018d30, 1, 1;
L_0x143612a10 .part o0x158018d30, 0, 1;
L_0x143612c00 .part o0x158018cd0, 0, 1;
L_0x143612d20 .part o0x158018d30, 1, 1;
L_0x143612ed0 .part o0x158018cd0, 1, 1;
L_0x143612fb0 .part o0x158018d30, 0, 1;
L_0x1436131c0 .part o0x158018cd0, 1, 1;
L_0x1436134c0 .part o0x158018cd0, 0, 1;
L_0x1436135f0 .part o0x158018d30, 0, 1;
L_0x143613790 .part o0x158018cd0, 1, 1;
L_0x143613890 .part o0x158018d30, 0, 1;
L_0x1436139e0 .part o0x158018cd0, 1, 1;
L_0x143613b30 .part o0x158018d30, 1, 1;
L_0x143613ce0 .part o0x158018cd0, 1, 1;
L_0x143613ec0 .part o0x158018cd0, 0, 1;
L_0x143613f60 .concat8 [ 1 1 0 0], L_0x143613320, L_0x143614090;
L_0x1436142a0 .part o0x158019060, 0, 1;
L_0x1436143f0 .part o0x1580190c0, 1, 1;
L_0x143614620 .part o0x1580190c0, 0, 1;
L_0x143614730 .part o0x158019060, 0, 1;
L_0x143614490 .part o0x1580190c0, 1, 1;
L_0x143614a60 .part o0x158019060, 1, 1;
L_0x143614c00 .part o0x1580190c0, 0, 1;
L_0x143614d10 .part o0x158019060, 1, 1;
L_0x143615080 .part o0x158019060, 0, 1;
L_0x143615120 .part o0x1580190c0, 0, 1;
L_0x143614f70 .part o0x158019060, 1, 1;
L_0x1436153c0 .part o0x1580190c0, 0, 1;
L_0x143615200 .part o0x158019060, 1, 1;
L_0x143615600 .part o0x1580190c0, 1, 1;
L_0x1436154a0 .part o0x158019060, 1, 1;
L_0x143615310 .part o0x158019060, 0, 1;
L_0x1436156e0 .concat8 [ 1 1 0 0], L_0x143614f00, L_0x143614db0;
L_0x143615e50 .part o0x158018d60, 0, 1;
L_0x143615a90 .part o0x158018dc0, 1, 1;
L_0x143616170 .part o0x158018dc0, 0, 1;
L_0x143615f50 .part o0x158018d60, 0, 1;
L_0x1436163c0 .part o0x158018dc0, 1, 1;
L_0x1436162c0 .part o0x158018d60, 1, 1;
L_0x143616090 .part o0x158018dc0, 0, 1;
L_0x143616510 .part o0x158018d60, 1, 1;
L_0x1436165e0 .part o0x158018d60, 0, 1;
L_0x143616790 .part o0x158018dc0, 0, 1;
L_0x143616ad0 .part o0x158018d60, 1, 1;
L_0x143616c40 .part o0x158018dc0, 0, 1;
L_0x143617060 .part o0x158018d60, 1, 1;
L_0x143616ed0 .part o0x158018dc0, 1, 1;
L_0x143616dc0 .part o0x158018d60, 1, 1;
L_0x143617140 .part o0x158018d60, 0, 1;
L_0x143617220 .concat8 [ 1 1 0 0], L_0x1436169a0, L_0x1436176a0;
L_0x1436172e0 .part L_0x143613f60, 1, 1;
L_0x143617a20 .part L_0x143613f60, 0, 1;
L_0x143617880 .part L_0x1436156e0, 1, 1;
L_0x1436175e0 .part L_0x1436156e0, 0, 1;
L_0x143617b70 .part L_0x143617220, 1, 1;
L_0x143617d00 .part L_0x143617220, 0, 1;
L_0x143618f70 .concat8 [ 1 1 0 0], L_0x143619010, L_0x143618930;
# The file index is used to find the file name in the following table.
:file_names 3;
    "N/A";
    "<interactive>";
    "2023-odev1/at_yarisi.v";
