#! /opt/homebrew/Cellar/icarus-verilog/12.0/bin/vvp
:ivl_version "12.0 (stable)";
:ivl_delay_selection "TYPICAL";
:vpi_time_precision + 0;
:vpi_module "/opt/homebrew/Cellar/icarus-verilog/12.0/lib/ivl/system.vpi";
:vpi_module "/opt/homebrew/Cellar/icarus-verilog/12.0/lib/ivl/vhdl_sys.vpi";
:vpi_module "/opt/homebrew/Cellar/icarus-verilog/12.0/lib/ivl/vhdl_textio.vpi";
:vpi_module "/opt/homebrew/Cellar/icarus-verilog/12.0/lib/ivl/v2005_math.vpi";
:vpi_module "/opt/homebrew/Cellar/icarus-verilog/12.0/lib/ivl/va_math.vpi";
S_0x150607650 .scope module, "clock_divider" "clock_divider" 2 1;
 .timescale 0 0;
    .port_info 0 /INPUT 1 "clock_in";
    .port_info 1 /OUTPUT 1 "clock_out";
o0x158040010 .functor BUFZ 1, C4<z>; HiZ drive
v0x15060a290_0 .net "clock_in", 0 0, o0x158040010;  0 drivers
v0x15061a2b0_0 .var "clock_out", 0 0;
v0x15061a350_0 .var/i "count", 31 0;
E_0x150607e10 .event posedge, v0x15060a290_0;
    .scope S_0x150607650;
T_0 ;
    %pushi/vec4 0, 0, 32;
    %store/vec4 v0x15061a350_0, 0, 32;
    %end;
    .thread T_0;
    .scope S_0x150607650;
T_1 ;
    %pushi/vec4 0, 0, 1;
    %store/vec4 v0x15061a2b0_0, 0, 1;
    %end;
    .thread T_1;
    .scope S_0x150607650;
T_2 ;
    %wait E_0x150607e10;
    %load/vec4 v0x15061a350_0;
    %addi 1, 0, 32;
    %store/vec4 v0x15061a350_0, 0, 32;
    %load/vec4 v0x15061a350_0;
    %cmpi/e 4, 0, 32;
    %jmp/0xz  T_2.0, 4;
    %load/vec4 v0x15061a2b0_0;
    %inv;
    %store/vec4 v0x15061a2b0_0, 0, 1;
    %pushi/vec4 1, 0, 32;
    %store/vec4 v0x15061a350_0, 0, 32;
T_2.0 ;
    %jmp T_2;
    .thread T_2;
# The file index is used to find the file name in the following table.
:file_names 3;
    "N/A";
    "<interactive>";
    "clock_divider.v";
