#! /opt/homebrew/Cellar/icarus-verilog/12.0/bin/vvp
:ivl_version "12.0 (stable)";
:ivl_delay_selection "TYPICAL";
:vpi_time_precision + 0;
:vpi_module "/opt/homebrew/Cellar/icarus-verilog/12.0/lib/ivl/system.vpi";
:vpi_module "/opt/homebrew/Cellar/icarus-verilog/12.0/lib/ivl/vhdl_sys.vpi";
:vpi_module "/opt/homebrew/Cellar/icarus-verilog/12.0/lib/ivl/vhdl_textio.vpi";
:vpi_module "/opt/homebrew/Cellar/icarus-verilog/12.0/lib/ivl/v2005_math.vpi";
:vpi_module "/opt/homebrew/Cellar/icarus-verilog/12.0/lib/ivl/va_math.vpi";
S_0x14b704d20 .scope module, "decoder_with_enable" "decoder_with_enable" 2 1;
 .timescale 0 0;
    .port_info 0 /INPUT 1 "A";
    .port_info 1 /INPUT 1 "B";
    .port_info 2 /INPUT 1 "Enable";
    .port_info 3 /OUTPUT 1 "Y0";
    .port_info 4 /OUTPUT 1 "Y1";
    .port_info 5 /OUTPUT 1 "Y2";
    .port_info 6 /OUTPUT 1 "Y3";
o0x140030010 .functor BUFZ 1, C4<z>; HiZ drive
L_0x14b718e90 .functor NOT 1, o0x140030010, C4<0>, C4<0>, C4<0>;
o0x140030040 .functor BUFZ 1, C4<z>; HiZ drive
L_0x14b718f30 .functor NOT 1, o0x140030040, C4<0>, C4<0>, C4<0>;
o0x140030070 .functor BUFZ 1, C4<z>; HiZ drive
L_0x14b718fc0 .functor AND 1, o0x140030070, L_0x14b718e90, L_0x14b718f30, C4<1>;
L_0x14b719110 .functor AND 1, o0x140030070, L_0x14b718e90, o0x140030040, C4<1>;
L_0x14b719220 .functor AND 1, o0x140030070, o0x140030010, L_0x14b718f30, C4<1>;
L_0x14b7192d0 .functor AND 1, o0x140030070, o0x140030010, o0x140030040, C4<1>;
v0x14b7058c0_0 .net "A", 0 0, o0x140030010;  0 drivers
v0x14b718890_0 .net "B", 0 0, o0x140030040;  0 drivers
v0x14b718930_0 .net "Enable", 0 0, o0x140030070;  0 drivers
v0x14b7189c0_0 .net "Y0", 0 0, L_0x14b718fc0;  1 drivers
v0x14b718a60_0 .net "Y1", 0 0, L_0x14b719110;  1 drivers
v0x14b718b40_0 .net "Y2", 0 0, L_0x14b719220;  1 drivers
v0x14b718be0_0 .net "Y3", 0 0, L_0x14b7192d0;  1 drivers
v0x14b718c80_0 .net "notA", 0 0, L_0x14b718e90;  1 drivers
v0x14b718d20_0 .net "notB", 0 0, L_0x14b718f30;  1 drivers
# The file index is used to find the file name in the following table.
:file_names 3;
    "N/A";
    "<interactive>";
    "decoder_with_enable.v";
