#! /opt/homebrew/Cellar/icarus-verilog/12.0/bin/vvp
:ivl_version "12.0 (stable)";
:ivl_delay_selection "TYPICAL";
:vpi_time_precision + 0;
:vpi_module "/opt/homebrew/Cellar/icarus-verilog/12.0/lib/ivl/system.vpi";
:vpi_module "/opt/homebrew/Cellar/icarus-verilog/12.0/lib/ivl/vhdl_sys.vpi";
:vpi_module "/opt/homebrew/Cellar/icarus-verilog/12.0/lib/ivl/vhdl_textio.vpi";
:vpi_module "/opt/homebrew/Cellar/icarus-verilog/12.0/lib/ivl/v2005_math.vpi";
:vpi_module "/opt/homebrew/Cellar/icarus-verilog/12.0/lib/ivl/va_math.vpi";
S_0x10c604170 .scope module, "fabrika" "fabrika" 2 1;
 .timescale 0 0;
    .port_info 0 /INPUT 1 "G";
    .port_info 1 /INPUT 1 "Y";
    .port_info 2 /INPUT 1 "K";
    .port_info 3 /OUTPUT 2 "S";
o0x128008010 .functor BUFZ 1, C4<z>; HiZ drive
o0x128008040 .functor BUFZ 1, C4<z>; HiZ drive
L_0x11db140d0 .functor AND 1, o0x128008010, o0x128008040, C4<1>, C4<1>;
o0x1280080a0 .functor BUFZ 1, C4<z>; HiZ drive
L_0x11db14180 .functor AND 1, o0x128008010, o0x1280080a0, C4<1>, C4<1>;
L_0x11db14270 .functor OR 1, L_0x11db140d0, L_0x11db14180, C4<0>, C4<0>;
L_0x11db143a0 .functor NOT 1, o0x128008040, C4<0>, C4<0>, C4<0>;
L_0x11db14550 .functor AND 1, o0x128008010, L_0x11db143a0, C4<1>, C4<1>;
v0x10c604370_0 .net "G", 0 0, o0x128008010;  0 drivers
v0x11db13ab0_0 .net "K", 0 0, o0x128008040;  0 drivers
v0x11db13b60_0 .net "S", 1 0, L_0x11db14450;  1 drivers
v0x11db13c10_0 .net "Y", 0 0, o0x1280080a0;  0 drivers
v0x11db13ca0_0 .net *"_ivl_3", 0 0, L_0x11db14270;  1 drivers
v0x11db13d80_0 .net *"_ivl_7", 0 0, L_0x11db14550;  1 drivers
v0x11db13e30_0 .net "notK", 0 0, L_0x11db143a0;  1 drivers
v0x11db13ed0_0 .net "wire1", 0 0, L_0x11db140d0;  1 drivers
v0x11db13f70_0 .net "wire2", 0 0, L_0x11db14180;  1 drivers
L_0x11db14450 .concat8 [ 1 1 0 0], L_0x11db14270, L_0x11db14550;
# The file index is used to find the file name in the following table.
:file_names 3;
    "N/A";
    "<interactive>";
    "2024-sınav1/fabrika.v";
