#! /opt/homebrew/Cellar/icarus-verilog/12.0/bin/vvp
:ivl_version "12.0 (stable)";
:ivl_delay_selection "TYPICAL";
:vpi_time_precision + 0;
:vpi_module "/opt/homebrew/Cellar/icarus-verilog/12.0/lib/ivl/system.vpi";
:vpi_module "/opt/homebrew/Cellar/icarus-verilog/12.0/lib/ivl/vhdl_sys.vpi";
:vpi_module "/opt/homebrew/Cellar/icarus-verilog/12.0/lib/ivl/vhdl_textio.vpi";
:vpi_module "/opt/homebrew/Cellar/icarus-verilog/12.0/lib/ivl/v2005_math.vpi";
:vpi_module "/opt/homebrew/Cellar/icarus-verilog/12.0/lib/ivl/va_math.vpi";
S_0x13a704170 .scope module, "islem_birimi" "islem_birimi" 2 1;
 .timescale 0 0;
    .port_info 0 /INPUT 3 "operator";
    .port_info 1 /INPUT 8 "a";
    .port_info 2 /INPUT 8 "b";
    .port_info 3 /OUTPUT 8 "result";
    .port_info 4 /OUTPUT 1 "parity";
P_0x13a7042e0 .param/l "and_r" 0 2 13, C4<100>;
P_0x13a704320 .param/l "bitwise_and" 0 2 11, C4<010>;
P_0x13a704360 .param/l "bitwise_or" 0 2 12, C4<011>;
P_0x13a7043a0 .param/l "cift_eslik" 0 2 15, C4<110>;
P_0x13a7043e0 .param/l "cikar" 0 2 10, C4<001>;
P_0x13a704420 .param/l "or_r" 0 2 14, C4<101>;
P_0x13a704460 .param/l "tek_eslik" 0 2 16, C4<111>;
P_0x13a7044a0 .param/l "topla" 0 2 9, C4<000>;
o0x130008010 .functor BUFZ 8, C4<zzzzzzzz>; HiZ drive
v0x13a704870_0 .net "a", 7 0, o0x130008010;  0 drivers
o0x130008040 .functor BUFZ 8, C4<zzzzzzzz>; HiZ drive
v0x13a714930_0 .net "b", 7 0, o0x130008040;  0 drivers
o0x130008070 .functor BUFZ 3, C4<zzz>; HiZ drive
v0x13a7149e0_0 .net "operator", 2 0, o0x130008070;  0 drivers
v0x13a714aa0_0 .var "parity", 0 0;
v0x13a714b40_0 .var "result", 7 0;
E_0x13a704820 .event anyedge, v0x13a7149e0_0, v0x13a704870_0, v0x13a714930_0;
    .scope S_0x13a704170;
T_0 ;
    %pushi/vec4 0, 0, 8;
    %store/vec4 v0x13a714b40_0, 0, 8;
    %end;
    .thread T_0;
    .scope S_0x13a704170;
T_1 ;
    %pushi/vec4 0, 0, 1;
    %store/vec4 v0x13a714aa0_0, 0, 1;
    %end;
    .thread T_1;
    .scope S_0x13a704170;
T_2 ;
    %wait E_0x13a704820;
    %load/vec4 v0x13a7149e0_0;
    %dup/vec4;
    %pushi/vec4 0, 0, 3;
    %cmp/u;
    %jmp/1 T_2.0, 6;
    %dup/vec4;
    %pushi/vec4 1, 0, 3;
    %cmp/u;
    %jmp/1 T_2.1, 6;
    %dup/vec4;
    %pushi/vec4 2, 0, 3;
    %cmp/u;
    %jmp/1 T_2.2, 6;
    %dup/vec4;
    %pushi/vec4 3, 0, 3;
    %cmp/u;
    %jmp/1 T_2.3, 6;
    %dup/vec4;
    %pushi/vec4 4, 0, 3;
    %cmp/u;
    %jmp/1 T_2.4, 6;
    %dup/vec4;
    %pushi/vec4 5, 0, 3;
    %cmp/u;
    %jmp/1 T_2.5, 6;
    %dup/vec4;
    %pushi/vec4 6, 0, 3;
    %cmp/u;
    %jmp/1 T_2.6, 6;
    %dup/vec4;
    %pushi/vec4 7, 0, 3;
    %cmp/u;
    %jmp/1 T_2.7, 6;
    %jmp T_2.8;
T_2.0 ;
    %load/vec4 v0x13a704870_0;
    %load/vec4 v0x13a714930_0;
    %add;
    %store/vec4 v0x13a714b40_0, 0, 8;
    %jmp T_2.8;
T_2.1 ;
    %load/vec4 v0x13a704870_0;
    %load/vec4 v0x13a714930_0;
    %sub;
    %store/vec4 v0x13a714b40_0, 0, 8;
    %jmp T_2.8;
T_2.2 ;
    %load/vec4 v0x13a704870_0;
    %load/vec4 v0x13a714930_0;
    %and;
    %store/vec4 v0x13a714b40_0, 0, 8;
    %jmp T_2.8;
T_2.3 ;
    %load/vec4 v0x13a704870_0;
    %load/vec4 v0x13a714930_0;
    %or;
    %store/vec4 v0x13a714b40_0, 0, 8;
    %jmp T_2.8;
T_2.4 ;
    %load/vec4 v0x13a704870_0;
    %and/r;
    %pad/u 8;
    %store/vec4 v0x13a714b40_0, 0, 8;
    %jmp T_2.8;
T_2.5 ;
    %load/vec4 v0x13a704870_0;
    %or/r;
    %pad/u 8;
    %store/vec4 v0x13a714b40_0, 0, 8;
    %jmp T_2.8;
T_2.6 ;
    %load/vec4 v0x13a704870_0;
    %xnor/r;
    %store/vec4 v0x13a714aa0_0, 0, 1;
    %jmp T_2.8;
T_2.7 ;
    %load/vec4 v0x13a704870_0;
    %xor/r;
    %store/vec4 v0x13a714aa0_0, 0, 1;
    %jmp T_2.8;
T_2.8 ;
    %pop/vec4 1;
    %jmp T_2;
    .thread T_2, $push;
# The file index is used to find the file name in the following table.
:file_names 3;
    "N/A";
    "<interactive>";
    "lab4/islem_birimi.v";
