#! /opt/homebrew/Cellar/icarus-verilog/12.0/bin/vvp
:ivl_version "12.0 (stable)";
:ivl_delay_selection "TYPICAL";
:vpi_time_precision + 0;
:vpi_module "/opt/homebrew/Cellar/icarus-verilog/12.0/lib/ivl/system.vpi";
:vpi_module "/opt/homebrew/Cellar/icarus-verilog/12.0/lib/ivl/vhdl_sys.vpi";
:vpi_module "/opt/homebrew/Cellar/icarus-verilog/12.0/lib/ivl/vhdl_textio.vpi";
:vpi_module "/opt/homebrew/Cellar/icarus-verilog/12.0/lib/ivl/v2005_math.vpi";
:vpi_module "/opt/homebrew/Cellar/icarus-verilog/12.0/lib/ivl/va_math.vpi";
S_0x13fe07670 .scope module, "karaSimsek" "karaSimsek" 2 1;
 .timescale 0 0;
    .port_info 0 /INPUT 1 "saat";
    .port_info 1 /OUTPUT 8 "ledler";
v0x13fe0b2c0_0 .var "ledler", 7 0;
o0x130040040 .functor BUFZ 1, C4<z>; HiZ drive
v0x13fe1b2b0_0 .net "saat", 0 0, o0x130040040;  0 drivers
v0x13fe1b350_0 .var "yon", 0 0;
E_0x13fe08290 .event negedge, v0x13fe1b2b0_0;
    .scope S_0x13fe07670;
T_0 ;
    %pushi/vec4 7, 0, 8;
    %store/vec4 v0x13fe0b2c0_0, 0, 8;
    %end;
    .thread T_0;
    .scope S_0x13fe07670;
T_1 ;
    %pushi/vec4 0, 0, 1;
    %store/vec4 v0x13fe1b350_0, 0, 1;
    %end;
    .thread T_1;
    .scope S_0x13fe07670;
T_2 ;
    %wait E_0x13fe08290;
    %load/vec4 v0x13fe1b350_0;
    %cmpi/e 0, 0, 1;
    %jmp/0xz  T_2.0, 4;
    %load/vec4 v0x13fe0b2c0_0;
    %ix/load 4, 1, 0;
    %flag_set/imm 4, 0;
    %shiftl 4;
    %assign/vec4 v0x13fe0b2c0_0, 0;
    %load/vec4 v0x13fe0b2c0_0;
    %cmpi/e 224, 0, 8;
    %jmp/0xz  T_2.2, 4;
    %load/vec4 v0x13fe1b350_0;
    %inv;
    %assign/vec4 v0x13fe1b350_0, 0;
T_2.2 ;
    %jmp T_2.1;
T_2.0 ;
    %load/vec4 v0x13fe0b2c0_0;
    %ix/load 4, 1, 0;
    %flag_set/imm 4, 0;
    %shiftl 4;
    %assign/vec4 v0x13fe0b2c0_0, 0;
    %load/vec4 v0x13fe0b2c0_0;
    %cmpi/e 7, 0, 8;
    %jmp/0xz  T_2.4, 4;
    %load/vec4 v0x13fe1b350_0;
    %inv;
    %assign/vec4 v0x13fe1b350_0, 0;
T_2.4 ;
T_2.1 ;
    %jmp T_2;
    .thread T_2;
# The file index is used to find the file name in the following table.
:file_names 3;
    "N/A";
    "<interactive>";
    "lab5/karaSimsek.v";
