#! /opt/homebrew/Cellar/icarus-verilog/12.0/bin/vvp
:ivl_version "12.0 (stable)";
:ivl_delay_selection "TYPICAL";
:vpi_time_precision + 0;
:vpi_module "/opt/homebrew/Cellar/icarus-verilog/12.0/lib/ivl/system.vpi";
:vpi_module "/opt/homebrew/Cellar/icarus-verilog/12.0/lib/ivl/vhdl_sys.vpi";
:vpi_module "/opt/homebrew/Cellar/icarus-verilog/12.0/lib/ivl/vhdl_textio.vpi";
:vpi_module "/opt/homebrew/Cellar/icarus-verilog/12.0/lib/ivl/v2005_math.vpi";
:vpi_module "/opt/homebrew/Cellar/icarus-verilog/12.0/lib/ivl/va_math.vpi";
S_0x124607550 .scope module, "tutorial5" "tutorial5" 2 1;
 .timescale 0 0;
    .port_info 0 /INPUT 4 "d0";
    .port_info 1 /INPUT 4 "d1";
    .port_info 2 /INPUT 1 "select";
    .port_info 3 /OUTPUT 4 "y";
o0x128040010 .functor BUFZ 4, C4<zzzz>; HiZ drive
v0x1246076c0_0 .net "d0", 3 0, o0x128040010;  0 drivers
o0x128040040 .functor BUFZ 4, C4<zzzz>; HiZ drive
v0x1246196c0_0 .net "d1", 3 0, o0x128040040;  0 drivers
o0x128040070 .functor BUFZ 1, C4<z>; HiZ drive
v0x124619760_0 .net "select", 0 0, o0x128040070;  0 drivers
v0x124619810_0 .net "y", 3 0, L_0x124619910;  1 drivers
L_0x124619910 .functor MUXZ 4, o0x128040010, o0x128040040, o0x128040070, C4<>;
# The file index is used to find the file name in the following table.
:file_names 3;
    "N/A";
    "<interactive>";
    "tutorial5.v";
