#! /opt/homebrew/Cellar/icarus-verilog/12.0/bin/vvp
:ivl_version "12.0 (stable)";
:ivl_delay_selection "TYPICAL";
:vpi_time_precision + 0;
:vpi_module "/opt/homebrew/Cellar/icarus-verilog/12.0/lib/ivl/system.vpi";
:vpi_module "/opt/homebrew/Cellar/icarus-verilog/12.0/lib/ivl/vhdl_sys.vpi";
:vpi_module "/opt/homebrew/Cellar/icarus-verilog/12.0/lib/ivl/vhdl_textio.vpi";
:vpi_module "/opt/homebrew/Cellar/icarus-verilog/12.0/lib/ivl/v2005_math.vpi";
:vpi_module "/opt/homebrew/Cellar/icarus-verilog/12.0/lib/ivl/va_math.vpi";
S_0x140f04cf0 .scope module, "two_to_four_decoder" "two_to_four_decoder" 2 1;
 .timescale 0 0;
    .port_info 0 /INPUT 1 "A";
    .port_info 1 /INPUT 1 "B";
    .port_info 2 /OUTPUT 1 "Y0";
    .port_info 3 /OUTPUT 1 "Y1";
    .port_info 4 /OUTPUT 1 "Y2";
    .port_info 5 /OUTPUT 1 "Y3";
o0x138030010 .functor BUFZ 1, C4<z>; HiZ drive
L_0x140f155e0 .functor NOT 1, o0x138030010, C4<0>, C4<0>, C4<0>;
o0x138030040 .functor BUFZ 1, C4<z>; HiZ drive
L_0x140f15670 .functor NOT 1, o0x138030040, C4<0>, C4<0>, C4<0>;
L_0x140f15720 .functor AND 1, L_0x140f155e0, L_0x140f15670, C4<1>, C4<1>;
L_0x140f15850 .functor AND 1, L_0x140f155e0, o0x138030040, C4<1>, C4<1>;
L_0x140f15920 .functor AND 1, o0x138030010, L_0x140f15670, C4<1>, C4<1>;
L_0x140f15a20 .functor AND 1, o0x138030010, o0x138030040, C4<1>, C4<1>;
v0x140f04f20_0 .net "A", 0 0, o0x138030010;  0 drivers
v0x140f150c0_0 .net "B", 0 0, o0x138030040;  0 drivers
v0x140f15160_0 .net "Y0", 0 0, L_0x140f15720;  1 drivers
v0x140f151f0_0 .net "Y1", 0 0, L_0x140f15850;  1 drivers
v0x140f15290_0 .net "Y2", 0 0, L_0x140f15920;  1 drivers
v0x140f15370_0 .net "Y3", 0 0, L_0x140f15a20;  1 drivers
v0x140f15410_0 .net "notA", 0 0, L_0x140f155e0;  1 drivers
v0x140f154b0_0 .net "notB", 0 0, L_0x140f15670;  1 drivers
# The file index is used to find the file name in the following table.
:file_names 3;
    "N/A";
    "<interactive>";
    "two_to_four_decoder.v";
