#! /opt/homebrew/Cellar/icarus-verilog/12.0/bin/vvp
:ivl_version "12.0 (stable)";
:ivl_delay_selection "TYPICAL";
:vpi_time_precision + 0;
:vpi_module "/opt/homebrew/Cellar/icarus-verilog/12.0/lib/ivl/system.vpi";
:vpi_module "/opt/homebrew/Cellar/icarus-verilog/12.0/lib/ivl/vhdl_sys.vpi";
:vpi_module "/opt/homebrew/Cellar/icarus-verilog/12.0/lib/ivl/vhdl_textio.vpi";
:vpi_module "/opt/homebrew/Cellar/icarus-verilog/12.0/lib/ivl/v2005_math.vpi";
:vpi_module "/opt/homebrew/Cellar/icarus-verilog/12.0/lib/ivl/va_math.vpi";
S_0x123a11fa0 .scope module, "digital_clock" "digital_clock" 2 160;
 .timescale 0 0;
    .port_info 0 /INPUT 1 "clk";
    .port_info 1 /INPUT 1 "rst";
    .port_info 2 /INPUT 4 "btn";
    .port_info 3 /INPUT 2 "sw";
    .port_info 4 /INPUT 1 "uart_rx";
    .port_info 5 /OUTPUT 1 "uart_tx";
    .port_info 6 /OUTPUT 8 "seg";
    .port_info 7 /OUTPUT 4 "an";
    .port_info 8 /OUTPUT 8 "led";
L_0x122f06730 .functor BUFZ 8, v0x122f05f60_0, C4<00000000>, C4<00000000>, C4<00000000>;
v0x122f057f0_0 .net "an", 3 0, v0x123a081a0_0;  1 drivers
o0x118008790 .functor BUFZ 4, C4<zzzz>; HiZ drive
v0x122f05880_0 .net "btn", 3 0, o0x118008790;  0 drivers
o0x118008070 .functor BUFZ 1, C4<z>; HiZ drive
v0x122f05910_0 .net "clk", 0 0, o0x118008070;  0 drivers
v0x122f059a0_0 .var "clk_div", 25 0;
v0x122f05a30_0 .var "hours", 7 0;
v0x122f05b00_0 .net "led", 7 0, L_0x122f06730;  1 drivers
v0x122f05ba0_0 .var "minutes", 7 0;
v0x122f05c60_0 .var "pause", 0 0;
v0x122f05d00_0 .net "received_data", 7 0, v0x122f04ba0_0;  1 drivers
v0x122f05e40_0 .net "received_data_ready", 0 0, v0x122f04c40_0;  1 drivers
o0x118008340 .functor BUFZ 1, C4<z>; HiZ drive
v0x122f05ed0_0 .net "rst", 0 0, o0x118008340;  0 drivers
v0x122f05f60_0 .var "seconds", 7 0;
v0x122f06010_0 .net "seg", 7 0, v0x123a1c610_0;  1 drivers
v0x122f060c0_0 .var "send_data", 7 0;
v0x122f06170_0 .net "send_data_ready", 0 0, v0x122f051c0_0;  1 drivers
v0x122f06220_0 .var "send_data_valid", 0 0;
v0x122f062d0_0 .var "speed_up", 0 0;
o0x118008880 .functor BUFZ 2, C4<zz>; HiZ drive
v0x122f06460_0 .net "sw", 1 0, o0x118008880;  0 drivers
o0x118008370 .functor BUFZ 1, C4<z>; HiZ drive
v0x122f064f0_0 .net "uart_rx", 0 0, o0x118008370;  0 drivers
o0x1180084f0 .functor BUFZ 1, C4<z>; HiZ drive
v0x122f065a0_0 .net "uart_tx", 0 0, o0x1180084f0;  0 drivers
v0x122f06630_0 .var "valid_command", 0 0;
S_0x123a12110 .scope module, "display_inst" "seven_segment_display" 2 245, 2 96 0, S_0x123a11fa0;
 .timescale 0 0;
    .port_info 0 /INPUT 1 "clk";
    .port_info 1 /INPUT 8 "seconds";
    .port_info 2 /INPUT 8 "minutes";
    .port_info 3 /INPUT 8 "hours";
    .port_info 4 /OUTPUT 8 "seg";
    .port_info 5 /OUTPUT 4 "an";
v0x123a081a0_0 .var "an", 3 0;
v0x123a1c100_0 .var "bcd", 3 0;
v0x123a1c1b0_0 .net "clk", 0 0, o0x118008070;  alias, 0 drivers
v0x123a1c260_0 .var "clk_divider", 31 0;
v0x123a1c310_0 .var "display_state", 1 0;
v0x123a1c400_0 .net "hours", 7 0, v0x122f05a30_0;  1 drivers
v0x123a1c4b0_0 .net "minutes", 7 0, v0x122f05ba0_0;  1 drivers
v0x123a1c560_0 .net "seconds", 7 0, v0x122f05f60_0;  1 drivers
v0x123a1c610_0 .var "seg", 7 0;
E_0x123a07ba0 .event anyedge, v0x123a1c100_0;
E_0x123a11d00 .event anyedge, v0x123a1c310_0, v0x123a1c560_0, v0x123a1c4b0_0;
E_0x123a11d40 .event posedge, v0x123a1c1b0_0;
S_0x123a1c7b0 .scope module, "uart_inst" "uart" 2 185, 2 1 0, S_0x123a11fa0;
 .timescale 0 0;
    .port_info 0 /INPUT 1 "clk";
    .port_info 1 /INPUT 1 "rst";
    .port_info 2 /INPUT 1 "rx";
    .port_info 3 /OUTPUT 1 "tx";
    .port_info 4 /OUTPUT 8 "received_data";
    .port_info 5 /INPUT 8 "send_data";
    .port_info 6 /INPUT 1 "send_data_valid";
    .port_info 7 /OUTPUT 1 "send_data_ready";
    .port_info 8 /OUTPUT 1 "received_data_ready";
P_0x123a1c970 .param/l "BAUD_DIV" 0 2 14, +C4<00000000000000000010100010110000>;
P_0x123a1c9b0 .param/l "BAUD_RATE" 0 2 12, +C4<00000000000000000010010110000000>;
P_0x123a1c9f0 .param/l "CLOCK_FREQ" 0 2 13, +C4<00000101111101011110000100000000>;
v0x122f04ae0_0 .net "clk", 0 0, o0x118008070;  alias, 0 drivers
v0x122f04ba0_0 .var "received_data", 7 0;
v0x122f04c40_0 .var "received_data_ready", 0 0;
v0x122f04cd0_0 .net "rst", 0 0, o0x118008340;  alias, 0 drivers
v0x122f04d60_0 .net "rx", 0 0, o0x118008370;  alias, 0 drivers
v0x122f04e00_0 .var "rx_busy", 0 0;
v0x122f04ea0_0 .var "rx_counter", 15 0;
v0x122f04f50_0 .var "rx_shift_reg", 7 0;
v0x122f05000_0 .var "rx_state", 3 0;
v0x122f05110_0 .net "send_data", 7 0, v0x122f060c0_0;  1 drivers
v0x122f051c0_0 .var "send_data_ready", 0 0;
v0x122f05260_0 .net "send_data_valid", 0 0, v0x122f06220_0;  1 drivers
v0x122f05300_0 .net "tx", 0 0, o0x1180084f0;  alias, 0 drivers
v0x122f053a0_0 .var "tx_busy", 0 0;
v0x122f05440_0 .var "tx_counter", 15 0;
v0x122f054f0_0 .var "tx_shift_reg", 7 0;
v0x122f055a0_0 .var "tx_state", 3 0;
E_0x122f04a90 .event posedge, v0x122f04cd0_0, v0x123a1c1b0_0;
    .scope S_0x123a1c7b0;
T_0 ;
    %wait E_0x122f04a90;
    %load/vec4 v0x122f04cd0_0;
    %flag_set/vec4 8;
    %jmp/0xz  T_0.0, 8;
    %pushi/vec4 0, 0, 4;
    %assign/vec4 v0x122f05000_0, 0;
    %pushi/vec4 0, 0, 16;
    %assign/vec4 v0x122f04ea0_0, 0;
    %pushi/vec4 0, 0, 8;
    %assign/vec4 v0x122f04f50_0, 0;
    %pushi/vec4 0, 0, 1;
    %assign/vec4 v0x122f04e00_0, 0;
    %pushi/vec4 0, 0, 1;
    %assign/vec4 v0x122f04c40_0, 0;
    %jmp T_0.1;
T_0.0 ;
    %load/vec4 v0x122f05000_0;
    %dup/vec4;
    %pushi/vec4 0, 0, 4;
    %cmp/u;
    %jmp/1 T_0.2, 6;
    %dup/vec4;
    %pushi/vec4 1, 0, 4;
    %cmp/u;
    %jmp/1 T_0.3, 6;
    %pushi/vec4 0, 0, 4;
    %assign/vec4 v0x122f05000_0, 0;
    %jmp T_0.5;
T_0.2 ;
    %load/vec4 v0x122f04d60_0;
    %pad/u 32;
    %cmpi/e 0, 0, 32;
    %jmp/0xz  T_0.6, 4;
    %pushi/vec4 1, 0, 4;
    %assign/vec4 v0x122f05000_0, 0;
    %pushi/vec4 1, 0, 1;
    %assign/vec4 v0x122f04e00_0, 0;
    %pushi/vec4 5208, 0, 16;
    %assign/vec4 v0x122f04ea0_0, 0;
T_0.6 ;
    %jmp T_0.5;
T_0.3 ;
    %load/vec4 v0x122f04ea0_0;
    %pad/u 32;
    %cmpi/e 0, 0, 32;
    %jmp/0xz  T_0.8, 4;
    %pushi/vec4 10416, 0, 16;
    %assign/vec4 v0x122f04ea0_0, 0;
    %pushi/vec4 2, 0, 4;
    %assign/vec4 v0x122f05000_0, 0;
    %jmp T_0.9;
T_0.8 ;
    %load/vec4 v0x122f04ea0_0;
    %subi 1, 0, 16;
    %assign/vec4 v0x122f04ea0_0, 0;
T_0.9 ;
    %jmp T_0.5;
T_0.5 ;
    %pop/vec4 1;
T_0.1 ;
    %jmp T_0;
    .thread T_0;
    .scope S_0x123a1c7b0;
T_1 ;
    %wait E_0x122f04a90;
    %load/vec4 v0x122f04cd0_0;
    %flag_set/vec4 8;
    %jmp/0xz  T_1.0, 8;
    %pushi/vec4 0, 0, 4;
    %assign/vec4 v0x122f055a0_0, 0;
    %pushi/vec4 0, 0, 16;
    %assign/vec4 v0x122f05440_0, 0;
    %pushi/vec4 0, 0, 8;
    %assign/vec4 v0x122f054f0_0, 0;
    %pushi/vec4 0, 0, 1;
    %assign/vec4 v0x122f053a0_0, 0;
    %pushi/vec4 1, 0, 1;
    %assign/vec4 v0x122f051c0_0, 0;
    %jmp T_1.1;
T_1.0 ;
    %load/vec4 v0x122f055a0_0;
    %dup/vec4;
    %pushi/vec4 0, 0, 4;
    %cmp/u;
    %jmp/1 T_1.2, 6;
    %dup/vec4;
    %pushi/vec4 1, 0, 4;
    %cmp/u;
    %jmp/1 T_1.3, 6;
    %pushi/vec4 0, 0, 4;
    %assign/vec4 v0x122f055a0_0, 0;
    %jmp T_1.5;
T_1.2 ;
    %load/vec4 v0x122f05260_0;
    %flag_set/vec4 9;
    %flag_get/vec4 9;
    %jmp/0 T_1.8, 9;
    %load/vec4 v0x122f051c0_0;
    %and;
T_1.8;
    %flag_set/vec4 8;
    %jmp/0xz  T_1.6, 8;
    %load/vec4 v0x122f05110_0;
    %assign/vec4 v0x122f054f0_0, 0;
    %pushi/vec4 1, 0, 1;
    %assign/vec4 v0x122f053a0_0, 0;
    %pushi/vec4 1, 0, 4;
    %assign/vec4 v0x122f055a0_0, 0;
    %pushi/vec4 0, 0, 1;
    %assign/vec4 v0x122f051c0_0, 0;
T_1.6 ;
    %jmp T_1.5;
T_1.3 ;
    %load/vec4 v0x122f05440_0;
    %pad/u 32;
    %cmpi/e 0, 0, 32;
    %jmp/0xz  T_1.9, 4;
    %pushi/vec4 10416, 0, 16;
    %assign/vec4 v0x122f05440_0, 0;
    %pushi/vec4 2, 0, 4;
    %assign/vec4 v0x122f055a0_0, 0;
    %jmp T_1.10;
T_1.9 ;
    %load/vec4 v0x122f05440_0;
    %subi 1, 0, 16;
    %assign/vec4 v0x122f05440_0, 0;
T_1.10 ;
    %jmp T_1.5;
T_1.5 ;
    %pop/vec4 1;
T_1.1 ;
    %jmp T_1;
    .thread T_1;
    .scope S_0x123a12110;
T_2 ;
    %wait E_0x123a11d40;
    %load/vec4 v0x123a1c260_0;
    %addi 1, 0, 32;
    %assign/vec4 v0x123a1c260_0, 0;
    %load/vec4 v0x123a1c260_0;
    %cmpi/e 500000, 0, 32;
    %jmp/0xz  T_2.0, 4;
    %pushi/vec4 0, 0, 32;
    %assign/vec4 v0x123a1c260_0, 0;
    %load/vec4 v0x123a1c310_0;
    %addi 1, 0, 2;
    %assign/vec4 v0x123a1c310_0, 0;
T_2.0 ;
    %jmp T_2;
    .thread T_2;
    .scope S_0x123a12110;
T_3 ;
    %wait E_0x123a11d00;
    %pushi/vec4 0, 0, 4;
    %store/vec4 v0x123a1c100_0, 0, 4;
    %pushi/vec4 15, 0, 4;
    %store/vec4 v0x123a081a0_0, 0, 4;
    %load/vec4 v0x123a1c310_0;
    %dup/vec4;
    %pushi/vec4 0, 0, 2;
    %cmp/u;
    %jmp/1 T_3.0, 6;
    %dup/vec4;
    %pushi/vec4 1, 0, 2;
    %cmp/u;
    %jmp/1 T_3.1, 6;
    %dup/vec4;
    %pushi/vec4 2, 0, 2;
    %cmp/u;
    %jmp/1 T_3.2, 6;
    %dup/vec4;
    %pushi/vec4 3, 0, 2;
    %cmp/u;
    %jmp/1 T_3.3, 6;
    %jmp T_3.4;
T_3.0 ;
    %load/vec4 v0x123a1c560_0;
    %pad/u 32;
    %pushi/vec4 10, 0, 32;
    %mod;
    %pad/u 4;
    %store/vec4 v0x123a1c100_0, 0, 4;
    %pushi/vec4 14, 0, 4;
    %store/vec4 v0x123a081a0_0, 0, 4;
    %jmp T_3.4;
T_3.1 ;
    %load/vec4 v0x123a1c560_0;
    %pad/u 32;
    %pushi/vec4 10, 0, 32;
    %div;
    %pushi/vec4 10, 0, 32;
    %mod;
    %pad/u 4;
    %store/vec4 v0x123a1c100_0, 0, 4;
    %pushi/vec4 13, 0, 4;
    %store/vec4 v0x123a081a0_0, 0, 4;
    %jmp T_3.4;
T_3.2 ;
    %load/vec4 v0x123a1c4b0_0;
    %pad/u 32;
    %pushi/vec4 10, 0, 32;
    %mod;
    %pad/u 4;
    %store/vec4 v0x123a1c100_0, 0, 4;
    %pushi/vec4 11, 0, 4;
    %store/vec4 v0x123a081a0_0, 0, 4;
    %jmp T_3.4;
T_3.3 ;
    %load/vec4 v0x123a1c4b0_0;
    %pad/u 32;
    %pushi/vec4 10, 0, 32;
    %div;
    %pushi/vec4 10, 0, 32;
    %mod;
    %pad/u 4;
    %store/vec4 v0x123a1c100_0, 0, 4;
    %pushi/vec4 7, 0, 4;
    %store/vec4 v0x123a081a0_0, 0, 4;
    %jmp T_3.4;
T_3.4 ;
    %pop/vec4 1;
    %jmp T_3;
    .thread T_3, $push;
    .scope S_0x123a12110;
T_4 ;
    %wait E_0x123a07ba0;
    %load/vec4 v0x123a1c100_0;
    %dup/vec4;
    %pushi/vec4 0, 0, 4;
    %cmp/u;
    %jmp/1 T_4.0, 6;
    %dup/vec4;
    %pushi/vec4 1, 0, 4;
    %cmp/u;
    %jmp/1 T_4.1, 6;
    %dup/vec4;
    %pushi/vec4 2, 0, 4;
    %cmp/u;
    %jmp/1 T_4.2, 6;
    %dup/vec4;
    %pushi/vec4 3, 0, 4;
    %cmp/u;
    %jmp/1 T_4.3, 6;
    %dup/vec4;
    %pushi/vec4 4, 0, 4;
    %cmp/u;
    %jmp/1 T_4.4, 6;
    %dup/vec4;
    %pushi/vec4 5, 0, 4;
    %cmp/u;
    %jmp/1 T_4.5, 6;
    %dup/vec4;
    %pushi/vec4 6, 0, 4;
    %cmp/u;
    %jmp/1 T_4.6, 6;
    %dup/vec4;
    %pushi/vec4 7, 0, 4;
    %cmp/u;
    %jmp/1 T_4.7, 6;
    %dup/vec4;
    %pushi/vec4 8, 0, 4;
    %cmp/u;
    %jmp/1 T_4.8, 6;
    %dup/vec4;
    %pushi/vec4 9, 0, 4;
    %cmp/u;
    %jmp/1 T_4.9, 6;
    %pushi/vec4 255, 0, 8;
    %store/vec4 v0x123a1c610_0, 0, 8;
    %jmp T_4.11;
T_4.0 ;
    %pushi/vec4 192, 0, 8;
    %store/vec4 v0x123a1c610_0, 0, 8;
    %jmp T_4.11;
T_4.1 ;
    %pushi/vec4 249, 0, 8;
    %store/vec4 v0x123a1c610_0, 0, 8;
    %jmp T_4.11;
T_4.2 ;
    %pushi/vec4 164, 0, 8;
    %store/vec4 v0x123a1c610_0, 0, 8;
    %jmp T_4.11;
T_4.3 ;
    %pushi/vec4 176, 0, 8;
    %store/vec4 v0x123a1c610_0, 0, 8;
    %jmp T_4.11;
T_4.4 ;
    %pushi/vec4 153, 0, 8;
    %store/vec4 v0x123a1c610_0, 0, 8;
    %jmp T_4.11;
T_4.5 ;
    %pushi/vec4 146, 0, 8;
    %store/vec4 v0x123a1c610_0, 0, 8;
    %jmp T_4.11;
T_4.6 ;
    %pushi/vec4 130, 0, 8;
    %store/vec4 v0x123a1c610_0, 0, 8;
    %jmp T_4.11;
T_4.7 ;
    %pushi/vec4 248, 0, 8;
    %store/vec4 v0x123a1c610_0, 0, 8;
    %jmp T_4.11;
T_4.8 ;
    %pushi/vec4 128, 0, 8;
    %store/vec4 v0x123a1c610_0, 0, 8;
    %jmp T_4.11;
T_4.9 ;
    %pushi/vec4 144, 0, 8;
    %store/vec4 v0x123a1c610_0, 0, 8;
    %jmp T_4.11;
T_4.11 ;
    %pop/vec4 1;
    %jmp T_4;
    .thread T_4, $push;
    .scope S_0x123a11fa0;
T_5 ;
    %pushi/vec4 0, 0, 8;
    %store/vec4 v0x122f05f60_0, 0, 8;
    %pushi/vec4 48, 0, 8;
    %store/vec4 v0x122f05ba0_0, 0, 8;
    %pushi/vec4 24, 0, 8;
    %store/vec4 v0x122f05a30_0, 0, 8;
    %pushi/vec4 0, 0, 1;
    %store/vec4 v0x122f05c60_0, 0, 1;
    %pushi/vec4 0, 0, 1;
    %store/vec4 v0x122f062d0_0, 0, 1;
    %pushi/vec4 0, 0, 1;
    %store/vec4 v0x122f06630_0, 0, 1;
    %end;
    .thread T_5;
    .scope S_0x123a11fa0;
T_6 ;
    %wait E_0x122f04a90;
    %load/vec4 v0x122f05ed0_0;
    %flag_set/vec4 8;
    %jmp/0xz  T_6.0, 8;
    %pushi/vec4 0, 0, 26;
    %assign/vec4 v0x122f059a0_0, 0;
    %pushi/vec4 0, 0, 8;
    %assign/vec4 v0x122f05f60_0, 0;
    %pushi/vec4 48, 0, 8;
    %assign/vec4 v0x122f05ba0_0, 0;
    %pushi/vec4 24, 0, 8;
    %assign/vec4 v0x122f05a30_0, 0;
    %pushi/vec4 0, 0, 1;
    %assign/vec4 v0x122f05c60_0, 0;
    %pushi/vec4 0, 0, 1;
    %assign/vec4 v0x122f062d0_0, 0;
    %jmp T_6.1;
T_6.0 ;
    %load/vec4 v0x122f05c60_0;
    %nor/r;
    %flag_set/vec4 8;
    %jmp/0xz  T_6.2, 8;
    %load/vec4 v0x122f059a0_0;
    %pad/u 32;
    %load/vec4 v0x122f062d0_0;
    %flag_set/vec4 8;
    %jmp/0 T_6.6, 8;
    %pushi/vec4 50000000, 0, 32;
    %jmp/1 T_6.7, 8;
T_6.6 ; End of true expr.
    %pushi/vec4 100000000, 0, 32;
    %jmp/0 T_6.7, 8;
 ; End of false expr.
    %blend;
T_6.7;
    %cmp/e;
    %jmp/0xz  T_6.4, 4;
    %pushi/vec4 0, 0, 26;
    %assign/vec4 v0x122f059a0_0, 0;
    %load/vec4 v0x122f05f60_0;
    %addi 1, 0, 8;
    %assign/vec4 v0x122f05f60_0, 0;
    %load/vec4 v0x122f05f60_0;
    %pad/u 32;
    %cmpi/e 60, 0, 32;
    %jmp/0xz  T_6.8, 4;
    %pushi/vec4 0, 0, 8;
    %assign/vec4 v0x122f05f60_0, 0;
    %load/vec4 v0x122f05ba0_0;
    %addi 1, 0, 8;
    %assign/vec4 v0x122f05ba0_0, 0;
    %load/vec4 v0x122f05ba0_0;
    %pad/u 32;
    %cmpi/e 60, 0, 32;
    %jmp/0xz  T_6.10, 4;
    %pushi/vec4 0, 0, 8;
    %assign/vec4 v0x122f05ba0_0, 0;
    %load/vec4 v0x122f05a30_0;
    %addi 1, 0, 8;
    %assign/vec4 v0x122f05a30_0, 0;
    %load/vec4 v0x122f05a30_0;
    %pad/u 32;
    %cmpi/e 24, 0, 32;
    %jmp/0xz  T_6.12, 4;
    %pushi/vec4 0, 0, 8;
    %assign/vec4 v0x122f05a30_0, 0;
T_6.12 ;
T_6.10 ;
T_6.8 ;
    %jmp T_6.5;
T_6.4 ;
    %load/vec4 v0x122f059a0_0;
    %addi 1, 0, 26;
    %assign/vec4 v0x122f059a0_0, 0;
T_6.5 ;
    %load/vec4 v0x122f05880_0;
    %parti/s 1, 0, 2;
    %flag_set/vec4 8;
    %jmp/0xz  T_6.14, 8;
    %load/vec4 v0x122f05a30_0;
    %pad/u 32;
    %cmpi/e 23, 0, 32;
    %flag_mov 8, 4;
    %jmp/0 T_6.16, 8;
    %pushi/vec4 0, 0, 8;
    %jmp/1 T_6.17, 8;
T_6.16 ; End of true expr.
    %load/vec4 v0x122f05a30_0;
    %addi 1, 0, 8;
    %jmp/0 T_6.17, 8;
 ; End of false expr.
    %blend;
T_6.17;
    %assign/vec4 v0x122f05a30_0, 0;
T_6.14 ;
    %load/vec4 v0x122f05880_0;
    %parti/s 1, 1, 2;
    %flag_set/vec4 8;
    %jmp/0xz  T_6.18, 8;
    %load/vec4 v0x122f05a30_0;
    %pad/u 32;
    %cmpi/e 0, 0, 32;
    %flag_mov 8, 4;
    %jmp/0 T_6.20, 8;
    %pushi/vec4 35, 0, 8;
    %jmp/1 T_6.21, 8;
T_6.20 ; End of true expr.
    %load/vec4 v0x122f05a30_0;
    %subi 1, 0, 8;
    %jmp/0 T_6.21, 8;
 ; End of false expr.
    %blend;
T_6.21;
    %assign/vec4 v0x122f05a30_0, 0;
T_6.18 ;
    %load/vec4 v0x122f05880_0;
    %parti/s 1, 2, 3;
    %flag_set/vec4 8;
    %jmp/0xz  T_6.22, 8;
    %load/vec4 v0x122f05ba0_0;
    %pad/u 32;
    %cmpi/e 59, 0, 32;
    %flag_mov 8, 4;
    %jmp/0 T_6.24, 8;
    %pushi/vec4 0, 0, 8;
    %jmp/1 T_6.25, 8;
T_6.24 ; End of true expr.
    %load/vec4 v0x122f05ba0_0;
    %addi 1, 0, 8;
    %jmp/0 T_6.25, 8;
 ; End of false expr.
    %blend;
T_6.25;
    %assign/vec4 v0x122f05ba0_0, 0;
T_6.22 ;
    %load/vec4 v0x122f05880_0;
    %parti/s 1, 3, 3;
    %flag_set/vec4 8;
    %jmp/0xz  T_6.26, 8;
    %load/vec4 v0x122f05ba0_0;
    %pad/u 32;
    %cmpi/e 0, 0, 32;
    %flag_mov 8, 4;
    %jmp/0 T_6.28, 8;
    %pushi/vec4 89, 0, 8;
    %jmp/1 T_6.29, 8;
T_6.28 ; End of true expr.
    %load/vec4 v0x122f05ba0_0;
    %subi 1, 0, 8;
    %jmp/0 T_6.29, 8;
 ; End of false expr.
    %blend;
T_6.29;
    %assign/vec4 v0x122f05ba0_0, 0;
T_6.26 ;
    %load/vec4 v0x122f06460_0;
    %parti/s 1, 1, 2;
    %flag_set/vec4 8;
    %jmp/0xz  T_6.30, 8;
    %load/vec4 v0x122f062d0_0;
    %inv;
    %assign/vec4 v0x122f062d0_0, 0;
T_6.30 ;
T_6.2 ;
T_6.1 ;
    %jmp T_6;
    .thread T_6;
    .scope S_0x123a11fa0;
T_7 ;
    %wait E_0x122f04a90;
    %load/vec4 v0x122f05ed0_0;
    %flag_set/vec4 8;
    %jmp/0xz  T_7.0, 8;
    %pushi/vec4 0, 0, 1;
    %assign/vec4 v0x122f05c60_0, 0;
    %pushi/vec4 0, 0, 1;
    %assign/vec4 v0x122f062d0_0, 0;
T_7.0 ;
    %jmp T_7;
    .thread T_7;
    .scope S_0x123a11fa0;
T_8 ;
    %wait E_0x122f04a90;
    %load/vec4 v0x122f05ed0_0;
    %flag_set/vec4 8;
    %jmp/0xz  T_8.0, 8;
    %pushi/vec4 0, 0, 8;
    %assign/vec4 v0x122f060c0_0, 0;
    %pushi/vec4 0, 0, 1;
    %assign/vec4 v0x122f06220_0, 0;
    %jmp T_8.1;
T_8.0 ;
    %load/vec4 v0x122f06630_0;
    %flag_set/vec4 8;
    %jmp/0xz  T_8.2, 8;
    %pushi/vec4 1, 0, 1;
    %assign/vec4 v0x122f06220_0, 0;
    %jmp T_8.3;
T_8.2 ;
    %pushi/vec4 0, 0, 1;
    %assign/vec4 v0x122f06220_0, 0;
T_8.3 ;
T_8.1 ;
    %jmp T_8;
    .thread T_8;
# The file index is used to find the file name in the following table.
:file_names 3;
    "N/A";
    "<interactive>";
    "digital_clock.v";
